TN:
SF:src/message/rdata/a_rdata.rs
FN:7,<dns_rust::message::rdata::a_rdata::ARdata as core::clone::Clone>::clone
FN:167,dns_rust::message::rdata::a_rdata::a_rdata_test::to_bytes_test
FN:20,<dns_rust::message::rdata::a_rdata::ARdata as dns_rust::message::resource_record::ToBytes>::to_bytes
FN:7,<dns_rust::message::rdata::a_rdata::ARdata as core::fmt::Debug>::fmt
FN:66,<dns_rust::message::rdata::a_rdata::ARdata>::rr_from_master_file
FN:58,<dns_rust::message::rdata::a_rdata::ARdata>::new
FN:191,dns_rust::message::rdata::a_rdata::a_rdata_test::get_string_address_test::{closure#0}
FN:181,dns_rust::message::rdata::a_rdata::a_rdata_test::from_bytes_test
FN:102,<dns_rust::message::rdata::a_rdata::ARdata>::get_string_address
FN:7,<dns_rust::message::rdata::a_rdata::ARdata as core::cmp::PartialEq>::eq
FN:192,dns_rust::message::rdata::a_rdata::a_rdata_test::get_string_address_test
FN:66,<dns_rust::message::rdata::a_rdata::ARdata>::rr_from_master_file
FN:200,dns_rust::message::rdata::a_rdata::a_rdata_test::rr_from_master_file_test::{closure#0}
FN:129,<dns_rust::message::rdata::a_rdata::ARdata>::set_address
FN:141,dns_rust::message::rdata::a_rdata::a_rdata_test::constructor_test
FN:20,<dns_rust::message::rdata::a_rdata::ARdata as dns_rust::message::resource_record::ToBytes>::to_bytes
FN:150,dns_rust::message::rdata::a_rdata::a_rdata_test::set_and_get_address_test
FN:102,<dns_rust::message::rdata::a_rdata::ARdata>::get_string_address
FN:201,dns_rust::message::rdata::a_rdata::a_rdata_test::rr_from_master_file_test
FN:149,dns_rust::message::rdata::a_rdata::a_rdata_test::set_and_get_address_test::{closure#0}
FN:7,<dns_rust::message::rdata::a_rdata::ARdata as core::fmt::Debug>::fmt
FN:121,<dns_rust::message::rdata::a_rdata::ARdata>::get_address
FN:7,<dns_rust::message::rdata::a_rdata::ARdata as core::clone::Clone>::clone
FN:121,<dns_rust::message::rdata::a_rdata::ARdata>::get_address
FN:29,<dns_rust::message::rdata::a_rdata::ARdata as dns_rust::message::resource_record::FromBytes<core::result::Result<dns_rust::message::rdata::a_rdata::ARdata, &str>>>::from_bytes
FN:58,<dns_rust::message::rdata::a_rdata::ARdata>::new
FN:140,dns_rust::message::rdata::a_rdata::a_rdata_test::constructor_test::{closure#0}
FN:29,<dns_rust::message::rdata::a_rdata::ARdata as dns_rust::message::resource_record::FromBytes<core::result::Result<dns_rust::message::rdata::a_rdata::ARdata, &str>>>::from_bytes
FN:166,dns_rust::message::rdata::a_rdata::a_rdata_test::to_bytes_test::{closure#0}
FN:7,<dns_rust::message::rdata::a_rdata::ARdata as core::cmp::PartialEq>::eq
FN:180,dns_rust::message::rdata::a_rdata::a_rdata_test::from_bytes_test::{closure#0}
FN:129,<dns_rust::message::rdata::a_rdata::ARdata>::set_address
FNDA:1,<dns_rust::message::rdata::a_rdata::ARdata as core::clone::Clone>::clone
FNDA:1,dns_rust::message::rdata::a_rdata::a_rdata_test::to_bytes_test
FNDA:1,<dns_rust::message::rdata::a_rdata::ARdata as dns_rust::message::resource_record::ToBytes>::to_bytes
FNDA:0,<dns_rust::message::rdata::a_rdata::ARdata as core::fmt::Debug>::fmt
FNDA:1,<dns_rust::message::rdata::a_rdata::ARdata>::rr_from_master_file
FNDA:1,<dns_rust::message::rdata::a_rdata::ARdata>::new
FNDA:1,dns_rust::message::rdata::a_rdata::a_rdata_test::get_string_address_test::{closure#0}
FNDA:1,dns_rust::message::rdata::a_rdata::a_rdata_test::from_bytes_test
FNDA:1,<dns_rust::message::rdata::a_rdata::ARdata>::get_string_address
FNDA:0,<dns_rust::message::rdata::a_rdata::ARdata as core::cmp::PartialEq>::eq
FNDA:1,dns_rust::message::rdata::a_rdata::a_rdata_test::get_string_address_test
FNDA:0,<dns_rust::message::rdata::a_rdata::ARdata>::rr_from_master_file
FNDA:1,dns_rust::message::rdata::a_rdata::a_rdata_test::rr_from_master_file_test::{closure#0}
FNDA:1,<dns_rust::message::rdata::a_rdata::ARdata>::set_address
FNDA:1,dns_rust::message::rdata::a_rdata::a_rdata_test::constructor_test
FNDA:1,<dns_rust::message::rdata::a_rdata::ARdata as dns_rust::message::resource_record::ToBytes>::to_bytes
FNDA:1,dns_rust::message::rdata::a_rdata::a_rdata_test::set_and_get_address_test
FNDA:1,<dns_rust::message::rdata::a_rdata::ARdata>::get_string_address
FNDA:1,dns_rust::message::rdata::a_rdata::a_rdata_test::rr_from_master_file_test
FNDA:1,dns_rust::message::rdata::a_rdata::a_rdata_test::set_and_get_address_test::{closure#0}
FNDA:0,<dns_rust::message::rdata::a_rdata::ARdata as core::fmt::Debug>::fmt
FNDA:1,<dns_rust::message::rdata::a_rdata::ARdata>::get_address
FNDA:1,<dns_rust::message::rdata::a_rdata::ARdata as core::clone::Clone>::clone
FNDA:1,<dns_rust::message::rdata::a_rdata::ARdata>::get_address
FNDA:1,<dns_rust::message::rdata::a_rdata::ARdata as dns_rust::message::resource_record::FromBytes<core::result::Result<dns_rust::message::rdata::a_rdata::ARdata, &str>>>::from_bytes
FNDA:1,<dns_rust::message::rdata::a_rdata::ARdata>::new
FNDA:1,dns_rust::message::rdata::a_rdata::a_rdata_test::constructor_test::{closure#0}
FNDA:1,<dns_rust::message::rdata::a_rdata::ARdata as dns_rust::message::resource_record::FromBytes<core::result::Result<dns_rust::message::rdata::a_rdata::ARdata, &str>>>::from_bytes
FNDA:1,dns_rust::message::rdata::a_rdata::a_rdata_test::to_bytes_test::{closure#0}
FNDA:0,<dns_rust::message::rdata::a_rdata::ARdata as core::cmp::PartialEq>::eq
FNDA:1,dns_rust::message::rdata::a_rdata::a_rdata_test::from_bytes_test::{closure#0}
FNDA:1,<dns_rust::message::rdata::a_rdata::ARdata>::set_address
FNF:32
FNH:27
BRF:0
BRH:0
DA:7,821080
DA:20,60
DA:21,60
DA:22,60
DA:23,60
DA:24,60
DA:29,2244
DA:30,2244
DA:31,2244
DA:32,2244
DA:33,0
DA:34,2244
DA:35,2244
DA:36,2244
DA:37,2244
DA:38,2244
DA:39,2244
DA:40,2244
DA:41,2244
DA:42,2244
DA:43,2244
DA:58,5170
DA:59,5170
DA:60,5170
DA:61,5170
DA:62,5170
DA:63,5170
DA:64,5170
DA:66,1320
DA:67,1320
DA:68,1320
DA:69,1320
DA:70,1320
DA:71,1320
DA:72,1320
DA:73,1320
DA:74,1320
DA:75,1320
DA:76,1320
DA:78,6600
DA:79,5280
DA:80,5280
DA:81,5280
DA:82,5280
DA:84,1320
DA:85,1320
DA:86,1320
DA:87,1320
DA:88,1320
DA:89,1320
DA:90,1320
DA:91,1320
DA:92,1320
DA:93,1320
DA:94,1320
DA:95,1320
DA:96,1320
DA:97,1320
DA:98,1320
DA:99,1320
DA:100,1320
DA:102,3604
DA:103,3604
DA:104,3604
DA:105,3604
DA:107,14412
DA:108,14412
DA:109,14412
DA:110,14412
DA:112,3600
DA:113,3600
DA:114,3600
DA:115,3600
DA:121,7548
DA:122,7548
DA:123,7548
DA:129,4100
DA:130,4100
DA:131,4100
DA:140,24
DA:141,24
DA:142,24
DA:143,24
DA:144,24
DA:145,24
DA:146,24
DA:147,24
DA:149,24
DA:150,24
DA:151,24
DA:152,24
DA:153,24
DA:154,24
DA:155,24
DA:156,24
DA:158,24
DA:159,24
DA:160,24
DA:161,24
DA:162,24
DA:163,24
DA:164,24
DA:166,24
DA:167,24
DA:168,24
DA:169,24
DA:170,24
DA:171,24
DA:172,24
DA:173,24
DA:174,24
DA:175,24
DA:176,24
DA:177,24
DA:178,24
DA:180,24
DA:181,24
DA:182,24
DA:183,24
DA:184,24
DA:185,24
DA:186,24
DA:187,24
DA:188,24
DA:189,24
DA:191,24
DA:192,24
DA:193,24
DA:194,24
DA:195,24
DA:196,24
DA:197,24
DA:198,24
DA:200,24
DA:201,24
DA:202,24
DA:203,24
DA:204,24
DA:205,24
DA:206,24
DA:207,24
DA:208,24
DA:209,24
DA:210,24
DA:211,24
DA:212,24
DA:213,24
DA:214,24
DA:215,24
DA:216,24
DA:218,24
DA:219,24
DA:220,24
DA:221,0
DA:223,24
LF:155
LH:153
end_of_record
SF:src/message/rdata/ptr_rdata.rs
FN:6,<dns_rust::message::rdata::ptr_rdata::PtrRdata as core::clone::Clone>::clone
FN:6,<dns_rust::message::rdata::ptr_rdata::PtrRdata as core::cmp::PartialEq>::eq
FN:120,<dns_rust::message::rdata::ptr_rdata::PtrRdata>::set_ptrdname
FN:71,<dns_rust::message::rdata::ptr_rdata::PtrRdata>::new
FN:6,<dns_rust::message::rdata::ptr_rdata::PtrRdata as core::clone::Clone>::clone
FN:36,<dns_rust::message::rdata::ptr_rdata::PtrRdata as dns_rust::message::resource_record::FromBytes<core::result::Result<dns_rust::message::rdata::ptr_rdata::PtrRdata, &str>>>::from_bytes
FN:6,<dns_rust::message::rdata::ptr_rdata::PtrRdata as core::fmt::Debug>::fmt
FN:112,<dns_rust::message::rdata::ptr_rdata::PtrRdata>::get_ptrdname
FN:173,dns_rust::message::rdata::ptr_rdata::ptr_rdata_test::from_bytes_test::{closure#0}
FN:132,dns_rust::message::rdata::ptr_rdata::ptr_rdata_test::constructor_test
FN:79,<dns_rust::message::rdata::ptr_rdata::PtrRdata>::rr_from_master_file
FN:79,<dns_rust::message::rdata::ptr_rdata::PtrRdata>::rr_from_master_file
FN:139,dns_rust::message::rdata::ptr_rdata::ptr_rdata_test::set_and_get_nsdname_test
FN:120,<dns_rust::message::rdata::ptr_rdata::PtrRdata>::set_ptrdname
FN:71,<dns_rust::message::rdata::ptr_rdata::PtrRdata>::new
FN:6,<dns_rust::message::rdata::ptr_rdata::PtrRdata as core::cmp::PartialEq>::eq
FN:155,dns_rust::message::rdata::ptr_rdata::ptr_rdata_test::to_bytes_test::{closure#0}
FN:6,<dns_rust::message::rdata::ptr_rdata::PtrRdata as core::fmt::Debug>::fmt
FN:156,dns_rust::message::rdata::ptr_rdata::ptr_rdata_test::to_bytes_test
FN:112,<dns_rust::message::rdata::ptr_rdata::PtrRdata>::get_ptrdname
FN:36,<dns_rust::message::rdata::ptr_rdata::PtrRdata as dns_rust::message::resource_record::FromBytes<core::result::Result<dns_rust::message::rdata::ptr_rdata::PtrRdata, &str>>>::from_bytes
FN:21,<dns_rust::message::rdata::ptr_rdata::PtrRdata as dns_rust::message::resource_record::ToBytes>::to_bytes
FN:131,dns_rust::message::rdata::ptr_rdata::ptr_rdata_test::constructor_test::{closure#0}
FN:21,<dns_rust::message::rdata::ptr_rdata::PtrRdata as dns_rust::message::resource_record::ToBytes>::to_bytes
FN:174,dns_rust::message::rdata::ptr_rdata::ptr_rdata_test::from_bytes_test
FN:138,dns_rust::message::rdata::ptr_rdata::ptr_rdata_test::set_and_get_nsdname_test::{closure#0}
FNDA:1,<dns_rust::message::rdata::ptr_rdata::PtrRdata as core::clone::Clone>::clone
FNDA:0,<dns_rust::message::rdata::ptr_rdata::PtrRdata as core::cmp::PartialEq>::eq
FNDA:0,<dns_rust::message::rdata::ptr_rdata::PtrRdata>::set_ptrdname
FNDA:0,<dns_rust::message::rdata::ptr_rdata::PtrRdata>::new
FNDA:0,<dns_rust::message::rdata::ptr_rdata::PtrRdata as core::clone::Clone>::clone
FNDA:0,<dns_rust::message::rdata::ptr_rdata::PtrRdata as dns_rust::message::resource_record::FromBytes<core::result::Result<dns_rust::message::rdata::ptr_rdata::PtrRdata, &str>>>::from_bytes
FNDA:0,<dns_rust::message::rdata::ptr_rdata::PtrRdata as core::fmt::Debug>::fmt
FNDA:0,<dns_rust::message::rdata::ptr_rdata::PtrRdata>::get_ptrdname
FNDA:1,dns_rust::message::rdata::ptr_rdata::ptr_rdata_test::from_bytes_test::{closure#0}
FNDA:1,dns_rust::message::rdata::ptr_rdata::ptr_rdata_test::constructor_test
FNDA:0,<dns_rust::message::rdata::ptr_rdata::PtrRdata>::rr_from_master_file
FNDA:0,<dns_rust::message::rdata::ptr_rdata::PtrRdata>::rr_from_master_file
FNDA:1,dns_rust::message::rdata::ptr_rdata::ptr_rdata_test::set_and_get_nsdname_test
FNDA:1,<dns_rust::message::rdata::ptr_rdata::PtrRdata>::set_ptrdname
FNDA:1,<dns_rust::message::rdata::ptr_rdata::PtrRdata>::new
FNDA:0,<dns_rust::message::rdata::ptr_rdata::PtrRdata as core::cmp::PartialEq>::eq
FNDA:1,dns_rust::message::rdata::ptr_rdata::ptr_rdata_test::to_bytes_test::{closure#0}
FNDA:0,<dns_rust::message::rdata::ptr_rdata::PtrRdata as core::fmt::Debug>::fmt
FNDA:1,dns_rust::message::rdata::ptr_rdata::ptr_rdata_test::to_bytes_test
FNDA:1,<dns_rust::message::rdata::ptr_rdata::PtrRdata>::get_ptrdname
FNDA:1,<dns_rust::message::rdata::ptr_rdata::PtrRdata as dns_rust::message::resource_record::FromBytes<core::result::Result<dns_rust::message::rdata::ptr_rdata::PtrRdata, &str>>>::from_bytes
FNDA:1,<dns_rust::message::rdata::ptr_rdata::PtrRdata as dns_rust::message::resource_record::ToBytes>::to_bytes
FNDA:1,dns_rust::message::rdata::ptr_rdata::ptr_rdata_test::constructor_test::{closure#0}
FNDA:0,<dns_rust::message::rdata::ptr_rdata::PtrRdata as dns_rust::message::resource_record::ToBytes>::to_bytes
FNDA:1,dns_rust::message::rdata::ptr_rdata::ptr_rdata_test::from_bytes_test
FNDA:1,dns_rust::message::rdata::ptr_rdata::ptr_rdata_test::set_and_get_nsdname_test::{closure#0}
FNF:26
FNH:14
BRF:0
BRH:0
DA:6,24
DA:21,24
DA:22,24
DA:23,24
DA:24,24
DA:26,384
DA:27,384
DA:28,384
DA:30,24
DA:31,24
DA:36,24
DA:37,24
DA:38,24
DA:39,24
DA:40,0
DA:41,24
DA:42,24
DA:43,24
DA:44,24
DA:45,24
DA:46,24
DA:47,0
DA:48,0
DA:52,24
DA:53,24
DA:54,24
DA:55,24
DA:56,24
DA:57,24
DA:58,24
DA:71,120
DA:72,120
DA:73,120
DA:74,120
DA:75,120
DA:76,120
DA:77,120
DA:79,0
DA:80,0
DA:81,0
DA:82,0
DA:83,0
DA:84,0
DA:85,0
DA:86,0
DA:87,0
DA:88,0
DA:89,0
DA:90,0
DA:91,0
DA:92,0
DA:93,0
DA:94,0
DA:95,0
DA:96,0
DA:97,0
DA:98,0
DA:99,0
DA:100,0
DA:101,0
DA:102,0
DA:103,0
DA:104,0
DA:105,0
DA:106,0
DA:112,120
DA:113,120
DA:114,120
DA:120,96
DA:121,96
DA:122,96
DA:131,24
DA:132,24
DA:133,24
DA:134,24
DA:135,24
DA:136,24
DA:138,24
DA:139,24
DA:140,24
DA:141,24
DA:142,24
DA:144,24
DA:145,24
DA:146,24
DA:147,24
DA:148,24
DA:149,24
DA:150,24
DA:151,24
DA:152,24
DA:153,24
DA:155,24
DA:156,24
DA:157,24
DA:158,24
DA:159,24
DA:160,24
DA:161,24
DA:162,24
DA:163,24
DA:164,24
DA:165,24
DA:166,24
DA:168,384
DA:169,384
DA:171,24
DA:173,24
DA:174,24
DA:175,24
DA:176,24
DA:177,24
DA:178,24
DA:179,24
DA:180,24
DA:181,24
DA:182,24
DA:183,24
DA:184,24
LF:119
LH:88
end_of_record
SF:src/resolver.rs
FN:126,<dns_rust::resolver::Resolver>::run_resolver::{closure#0}
FN:857,<dns_rust::resolver::Resolver>::run_resolver_tcp::{closure#0}
FN:1151,<dns_rust::resolver::Resolver>::get_delete_sender_udp
FN:444,<dns_rust::resolver::Resolver>::run_resolver_udp::{closure#0}
FN:1010,<dns_rust::resolver::Resolver>::receive_tcp_msg
FN:1209,<dns_rust::resolver::Resolver>::set_sbelt
FN:1181,<dns_rust::resolver::Resolver>::get_update_cache_udp
FN:1314,dns_rust::resolver::resolver_test::set_and_get_sbelt::{closure#0}
FN:1146,<dns_rust::resolver::Resolver>::get_add_sender_tcp
FN:1141,<dns_rust::resolver::Resolver>::get_add_sender_udp
FN:1214,<dns_rust::resolver::Resolver>::set_cache
FN:1121,<dns_rust::resolver::Resolver>::get_ip_address
FN:1840,dns_rust::resolver::resolver_test::get_update_cache_tcp
FN:1010,<dns_rust::resolver::Resolver>::receive_tcp_msg
FN:1204,<dns_rust::resolver::Resolver>::set_ip_address
FN:1611,dns_rust::resolver::resolver_test::get_add_sender_ns_udp
FN:1883,dns_rust::resolver::resolver_test::get_update_cache_ns_tcp
FN:1315,dns_rust::resolver::resolver_test::set_and_get_sbelt
FN:1750,dns_rust::resolver::resolver_test::get_delete_sender_ns_tcp
FN:1161,<dns_rust::resolver::Resolver>::get_add_sender_ns_udp
FN:936,<dns_rust::resolver::Resolver>::receive_udp_msg
FN:1176,<dns_rust::resolver::Resolver>::get_delete_sender_ns_tcp
FN:1186,<dns_rust::resolver::Resolver>::get_update_cache_tcp
FN:1238,dns_rust::resolver::resolver_test::constructor_test::{closure#0}
FN:1275,dns_rust::resolver::resolver_test::set_and_get_ip_address::{closure#0}
FN:1126,<dns_rust::resolver::Resolver>::get_sbelt
FN:1161,<dns_rust::resolver::Resolver>::get_add_sender_ns_udp
FN:516,<dns_rust::resolver::Resolver>::run_resolver_udp::{closure#1}
FN:1702,dns_rust::resolver::resolver_test::get_delete_sender_ns_udp::{closure#0}
FN:1196,<dns_rust::resolver::Resolver>::get_update_cache_ns_tcp
FN:689,<dns_rust::resolver::Resolver>::run_resolver_tcp
FN:857,<dns_rust::resolver::Resolver>::run_resolver_tcp::{closure#0}
FN:1796,dns_rust::resolver::resolver_test::get_update_cache_udp::{closure#0}
FN:1131,<dns_rust::resolver::Resolver>::get_cache
FN:1032,<dns_rust::resolver::Resolver>::send_answer_by_udp
FN:1518,dns_rust::resolver::resolver_test::get_delete_sender_udp
FN:1471,dns_rust::resolver::resolver_test::get_add_sender_tcp::{closure#0}
FN:1276,dns_rust::resolver::resolver_test::set_and_get_ip_address
FN:114,<dns_rust::resolver::Resolver>::run_resolver
FN:1472,dns_rust::resolver::resolver_test::get_add_sender_tcp
FN:1354,dns_rust::resolver::resolver_test::set_and_get_cache::{closure#0}
FN:103,<dns_rust::resolver::Resolver>::set_initial_configuration
FN:1239,dns_rust::resolver::resolver_test::constructor_test
FN:1926,dns_rust::resolver::resolver_test::get_update_cache_ns_udp::{closure#0}
FN:936,<dns_rust::resolver::Resolver>::receive_udp_msg
FN:516,<dns_rust::resolver::Resolver>::run_resolver_udp::{closure#1}
FN:63,<dns_rust::resolver::Resolver>::new
FN:1565,dns_rust::resolver::resolver_test::get_delete_sender_tcp
FN:1703,dns_rust::resolver::resolver_test::get_delete_sender_ns_udp
FN:1171,<dns_rust::resolver::Resolver>::get_delete_sender_ns_udp
FN:444,<dns_rust::resolver::Resolver>::run_resolver_udp::{closure#0}
FN:1141,<dns_rust::resolver::Resolver>::get_add_sender_udp
FN:1136,<dns_rust::resolver::Resolver>::get_ns_data
FN:1219,<dns_rust::resolver::Resolver>::set_ns_data
FN:1407,dns_rust::resolver::resolver_test::set_and_get_ns_data_test
FN:24,<dns_rust::resolver::Resolver as core::clone::Clone>::clone
FN:1797,dns_rust::resolver::resolver_test::get_update_cache_udp
FN:1181,<dns_rust::resolver::Resolver>::get_update_cache_udp
FN:1146,<dns_rust::resolver::Resolver>::get_add_sender_tcp
FN:1564,dns_rust::resolver::resolver_test::get_delete_sender_tcp::{closure#0}
FN:1131,<dns_rust::resolver::Resolver>::get_cache
FN:1656,dns_rust::resolver::resolver_test::get_add_sender_ns_tcp::{closure#0}
FN:1196,<dns_rust::resolver::Resolver>::get_update_cache_ns_tcp
FN:1156,<dns_rust::resolver::Resolver>::get_delete_sender_tcp
FN:63,<dns_rust::resolver::Resolver>::new
FN:24,<dns_rust::resolver::Resolver as core::clone::Clone>::clone
FN:126,<dns_rust::resolver::Resolver>::run_resolver::{closure#0}
FN:1882,dns_rust::resolver::resolver_test::get_update_cache_ns_tcp::{closure#0}
FN:1156,<dns_rust::resolver::Resolver>::get_delete_sender_tcp
FN:1176,<dns_rust::resolver::Resolver>::get_delete_sender_ns_tcp
FN:1166,<dns_rust::resolver::Resolver>::get_add_sender_ns_tcp
FN:1214,<dns_rust::resolver::Resolver>::set_cache
FN:114,<dns_rust::resolver::Resolver>::run_resolver
FN:1032,<dns_rust::resolver::Resolver>::send_answer_by_udp
FN:689,<dns_rust::resolver::Resolver>::run_resolver_tcp
FN:1136,<dns_rust::resolver::Resolver>::get_ns_data
FN:1749,dns_rust::resolver::resolver_test::get_delete_sender_ns_tcp::{closure#0}
FN:1126,<dns_rust::resolver::Resolver>::get_sbelt
FN:103,<dns_rust::resolver::Resolver>::set_initial_configuration
FN:1406,dns_rust::resolver::resolver_test::set_and_get_ns_data_test::{closure#0}
FN:1151,<dns_rust::resolver::Resolver>::get_delete_sender_udp
FN:1204,<dns_rust::resolver::Resolver>::set_ip_address
FN:1657,dns_rust::resolver::resolver_test::get_add_sender_ns_tcp
FN:1355,dns_rust::resolver::resolver_test::set_and_get_cache
FN:144,<dns_rust::resolver::Resolver>::run_resolver_udp
FN:1171,<dns_rust::resolver::Resolver>::get_delete_sender_ns_udp
FN:1121,<dns_rust::resolver::Resolver>::get_ip_address
FN:1105,<dns_rust::resolver::Resolver>::send_answer_by_tcp
FN:1191,<dns_rust::resolver::Resolver>::get_update_cache_ns_udp
FN:1209,<dns_rust::resolver::Resolver>::set_sbelt
FN:1166,<dns_rust::resolver::Resolver>::get_add_sender_ns_tcp
FN:1927,dns_rust::resolver::resolver_test::get_update_cache_ns_udp
FN:1186,<dns_rust::resolver::Resolver>::get_update_cache_tcp
FN:1105,<dns_rust::resolver::Resolver>::send_answer_by_tcp
FN:1839,dns_rust::resolver::resolver_test::get_update_cache_tcp::{closure#0}
FN:1517,dns_rust::resolver::resolver_test::get_delete_sender_udp::{closure#0}
FN:1191,<dns_rust::resolver::Resolver>::get_update_cache_ns_udp
FN:144,<dns_rust::resolver::Resolver>::run_resolver_udp
FN:1219,<dns_rust::resolver::Resolver>::set_ns_data
FN:1610,dns_rust::resolver::resolver_test::get_add_sender_ns_udp::{closure#0}
FNDA:1,<dns_rust::resolver::Resolver>::run_resolver::{closure#0}
FNDA:0,<dns_rust::resolver::Resolver>::run_resolver_tcp::{closure#0}
FNDA:1,<dns_rust::resolver::Resolver>::get_delete_sender_udp
FNDA:0,<dns_rust::resolver::Resolver>::run_resolver_udp::{closure#0}
FNDA:0,<dns_rust::resolver::Resolver>::receive_tcp_msg
FNDA:1,<dns_rust::resolver::Resolver>::set_sbelt
FNDA:1,<dns_rust::resolver::Resolver>::get_update_cache_udp
FNDA:1,dns_rust::resolver::resolver_test::set_and_get_sbelt::{closure#0}
FNDA:1,<dns_rust::resolver::Resolver>::get_add_sender_tcp
FNDA:0,<dns_rust::resolver::Resolver>::get_add_sender_udp
FNDA:1,<dns_rust::resolver::Resolver>::set_cache
FNDA:1,<dns_rust::resolver::Resolver>::get_ip_address
FNDA:1,dns_rust::resolver::resolver_test::get_update_cache_tcp
FNDA:1,<dns_rust::resolver::Resolver>::receive_tcp_msg
FNDA:1,<dns_rust::resolver::Resolver>::set_ip_address
FNDA:1,dns_rust::resolver::resolver_test::get_add_sender_ns_udp
FNDA:1,dns_rust::resolver::resolver_test::get_update_cache_ns_tcp
FNDA:1,dns_rust::resolver::resolver_test::set_and_get_sbelt
FNDA:1,dns_rust::resolver::resolver_test::get_delete_sender_ns_tcp
FNDA:1,<dns_rust::resolver::Resolver>::get_add_sender_ns_udp
FNDA:1,<dns_rust::resolver::Resolver>::receive_udp_msg
FNDA:1,<dns_rust::resolver::Resolver>::get_delete_sender_ns_tcp
FNDA:1,<dns_rust::resolver::Resolver>::get_update_cache_tcp
FNDA:1,dns_rust::resolver::resolver_test::constructor_test::{closure#0}
FNDA:1,dns_rust::resolver::resolver_test::set_and_get_ip_address::{closure#0}
FNDA:1,<dns_rust::resolver::Resolver>::get_sbelt
FNDA:1,<dns_rust::resolver::Resolver>::get_add_sender_ns_udp
FNDA:0,<dns_rust::resolver::Resolver>::run_resolver_udp::{closure#1}
FNDA:1,dns_rust::resolver::resolver_test::get_delete_sender_ns_udp::{closure#0}
FNDA:1,<dns_rust::resolver::Resolver>::get_update_cache_ns_tcp
FNDA:1,<dns_rust::resolver::Resolver>::run_resolver_tcp
FNDA:1,<dns_rust::resolver::Resolver>::run_resolver_tcp::{closure#0}
FNDA:1,dns_rust::resolver::resolver_test::get_update_cache_udp::{closure#0}
FNDA:1,<dns_rust::resolver::Resolver>::get_cache
FNDA:0,<dns_rust::resolver::Resolver>::send_answer_by_udp
FNDA:1,dns_rust::resolver::resolver_test::get_delete_sender_udp
FNDA:1,dns_rust::resolver::resolver_test::get_add_sender_tcp::{closure#0}
FNDA:1,dns_rust::resolver::resolver_test::set_and_get_ip_address
FNDA:1,<dns_rust::resolver::Resolver>::run_resolver
FNDA:1,dns_rust::resolver::resolver_test::get_add_sender_tcp
FNDA:1,dns_rust::resolver::resolver_test::set_and_get_cache::{closure#0}
FNDA:0,<dns_rust::resolver::Resolver>::set_initial_configuration
FNDA:1,dns_rust::resolver::resolver_test::constructor_test
FNDA:1,dns_rust::resolver::resolver_test::get_update_cache_ns_udp::{closure#0}
FNDA:0,<dns_rust::resolver::Resolver>::receive_udp_msg
FNDA:0,<dns_rust::resolver::Resolver>::run_resolver_udp::{closure#1}
FNDA:1,<dns_rust::resolver::Resolver>::new
FNDA:1,dns_rust::resolver::resolver_test::get_delete_sender_tcp
FNDA:1,dns_rust::resolver::resolver_test::get_delete_sender_ns_udp
FNDA:1,<dns_rust::resolver::Resolver>::get_delete_sender_ns_udp
FNDA:0,<dns_rust::resolver::Resolver>::run_resolver_udp::{closure#0}
FNDA:1,<dns_rust::resolver::Resolver>::get_add_sender_udp
FNDA:1,<dns_rust::resolver::Resolver>::get_ns_data
FNDA:0,<dns_rust::resolver::Resolver>::set_ns_data
FNDA:1,dns_rust::resolver::resolver_test::set_and_get_ns_data_test
FNDA:0,<dns_rust::resolver::Resolver as core::clone::Clone>::clone
FNDA:1,dns_rust::resolver::resolver_test::get_update_cache_udp
FNDA:1,<dns_rust::resolver::Resolver>::get_update_cache_udp
FNDA:1,<dns_rust::resolver::Resolver>::get_add_sender_tcp
FNDA:1,dns_rust::resolver::resolver_test::get_delete_sender_tcp::{closure#0}
FNDA:1,<dns_rust::resolver::Resolver>::get_cache
FNDA:1,dns_rust::resolver::resolver_test::get_add_sender_ns_tcp::{closure#0}
FNDA:1,<dns_rust::resolver::Resolver>::get_update_cache_ns_tcp
FNDA:1,<dns_rust::resolver::Resolver>::get_delete_sender_tcp
FNDA:1,<dns_rust::resolver::Resolver>::new
FNDA:1,<dns_rust::resolver::Resolver as core::clone::Clone>::clone
FNDA:0,<dns_rust::resolver::Resolver>::run_resolver::{closure#0}
FNDA:1,dns_rust::resolver::resolver_test::get_update_cache_ns_tcp::{closure#0}
FNDA:1,<dns_rust::resolver::Resolver>::get_delete_sender_tcp
FNDA:1,<dns_rust::resolver::Resolver>::get_delete_sender_ns_tcp
FNDA:1,<dns_rust::resolver::Resolver>::get_add_sender_ns_tcp
FNDA:1,<dns_rust::resolver::Resolver>::set_cache
FNDA:0,<dns_rust::resolver::Resolver>::run_resolver
FNDA:0,<dns_rust::resolver::Resolver>::send_answer_by_udp
FNDA:0,<dns_rust::resolver::Resolver>::run_resolver_tcp
FNDA:0,<dns_rust::resolver::Resolver>::get_ns_data
FNDA:1,dns_rust::resolver::resolver_test::get_delete_sender_ns_tcp::{closure#0}
FNDA:1,<dns_rust::resolver::Resolver>::get_sbelt
FNDA:1,<dns_rust::resolver::Resolver>::set_initial_configuration
FNDA:1,dns_rust::resolver::resolver_test::set_and_get_ns_data_test::{closure#0}
FNDA:1,<dns_rust::resolver::Resolver>::get_delete_sender_udp
FNDA:1,<dns_rust::resolver::Resolver>::set_ip_address
FNDA:1,dns_rust::resolver::resolver_test::get_add_sender_ns_tcp
FNDA:1,dns_rust::resolver::resolver_test::set_and_get_cache
FNDA:1,<dns_rust::resolver::Resolver>::run_resolver_udp
FNDA:1,<dns_rust::resolver::Resolver>::get_delete_sender_ns_udp
FNDA:1,<dns_rust::resolver::Resolver>::get_ip_address
FNDA:0,<dns_rust::resolver::Resolver>::send_answer_by_tcp
FNDA:1,<dns_rust::resolver::Resolver>::get_update_cache_ns_udp
FNDA:1,<dns_rust::resolver::Resolver>::set_sbelt
FNDA:1,<dns_rust::resolver::Resolver>::get_add_sender_ns_tcp
FNDA:1,dns_rust::resolver::resolver_test::get_update_cache_ns_udp
FNDA:1,<dns_rust::resolver::Resolver>::get_update_cache_tcp
FNDA:1,<dns_rust::resolver::Resolver>::send_answer_by_tcp
FNDA:1,dns_rust::resolver::resolver_test::get_update_cache_tcp::{closure#0}
FNDA:1,dns_rust::resolver::resolver_test::get_delete_sender_udp::{closure#0}
FNDA:1,<dns_rust::resolver::Resolver>::get_update_cache_ns_udp
FNDA:0,<dns_rust::resolver::Resolver>::run_resolver_udp
FNDA:1,<dns_rust::resolver::Resolver>::set_ns_data
FNDA:1,dns_rust::resolver::resolver_test::get_add_sender_ns_udp::{closure#0}
FNF:100
FNH:81
BRF:0
BRH:0
DA:24,128
DA:63,442
DA:64,442
DA:65,442
DA:66,442
DA:67,442
DA:68,442
DA:69,442
DA:70,442
DA:71,442
DA:72,442
DA:73,442
DA:74,442
DA:75,442
DA:76,442
DA:77,442
DA:78,442
DA:79,442
DA:80,442
DA:81,442
DA:82,442
DA:83,442
DA:84,442
DA:85,442
DA:86,442
DA:87,442
DA:88,442
DA:89,442
DA:90,442
DA:91,442
DA:92,442
DA:93,442
DA:94,442
DA:95,442
DA:96,442
DA:97,442
DA:98,442
DA:99,442
DA:100,442
DA:103,76
DA:104,76
DA:105,76
DA:106,76
DA:107,76
DA:108,304
DA:109,228
DA:110,228
DA:111,76
DA:112,76
DA:114,88
DA:115,88
DA:116,88
DA:117,88
DA:118,88
DA:119,88
DA:120,88
DA:121,88
DA:122,88
DA:123,88
DA:124,88
DA:125,88
DA:126,108
DA:127,80
DA:128,80
DA:129,80
DA:130,80
DA:131,80
DA:132,80
DA:133,108
DA:134,88
DA:135,88
DA:136,88
DA:137,88
DA:138,88
DA:139,88
DA:140,88
DA:141,88
DA:144,88
DA:145,88
DA:146,88
DA:147,88
DA:148,88
DA:149,88
DA:150,88
DA:151,88
DA:152,88
DA:153,88
DA:154,88
DA:155,88
DA:156,88
DA:157,88
DA:158,88
DA:159,88
DA:160,88
DA:161,88
DA:162,88
DA:163,88
DA:164,88
DA:165,88
DA:166,88
DA:167,88
DA:168,88
DA:169,88
DA:170,88
DA:171,88
DA:172,88
DA:173,88
DA:174,88
DA:175,88
DA:176,88
DA:177,88
DA:178,88
DA:179,88
DA:180,88
DA:181,88
DA:182,88
DA:183,88
DA:184,88
DA:187,88
DA:188,88
DA:189,88
DA:190,88
DA:191,88
DA:192,88
DA:193,88
DA:194,88
DA:195,88
DA:196,88
DA:197,88
DA:198,88
DA:199,88
DA:200,0
DA:201,0
DA:202,0
DA:203,0
DA:204,88
DA:205,88
DA:206,88
DA:210,88
DA:211,0
DA:212,0
DA:213,0
DA:214,0
DA:215,0
DA:216,88
DA:219,88
DA:220,88
DA:221,88
DA:222,88
DA:223,88
DA:225,88
DA:226,0
DA:227,0
DA:228,0
DA:229,0
DA:230,0
DA:231,0
DA:232,0
DA:233,0
DA:234,0
DA:235,0
DA:236,0
DA:238,88
DA:239,88
DA:240,88
DA:241,88
DA:242,88
DA:243,88
DA:244,88
DA:245,88
DA:246,88
DA:248,88
DA:249,0
DA:250,0
DA:251,0
DA:252,0
DA:253,0
DA:254,0
DA:255,0
DA:256,0
DA:257,0
DA:258,0
DA:259,0
DA:263,88
DA:264,88
DA:265,88
DA:266,88
DA:267,88
DA:268,88
DA:269,88
DA:271,88
DA:272,0
DA:273,0
DA:274,0
DA:275,0
DA:276,0
DA:277,0
DA:278,0
DA:279,0
DA:280,0
DA:284,88
DA:285,88
DA:286,88
DA:287,88
DA:288,88
DA:289,88
DA:290,88
DA:291,88
DA:292,88
DA:294,88
DA:295,0
DA:296,0
DA:297,0
DA:298,0
DA:299,0
DA:301,88
DA:302,88
DA:303,88
DA:304,88
DA:305,88
DA:306,88
DA:307,88
DA:308,88
DA:309,88
DA:310,88
DA:311,88
DA:313,88
DA:314,0
DA:315,0
DA:316,0
DA:317,0
DA:319,88
DA:320,88
DA:321,88
DA:322,88
DA:323,88
DA:324,88
DA:325,88
DA:326,88
DA:327,88
DA:328,88
DA:329,88
DA:331,88
DA:332,0
DA:333,0
DA:334,0
DA:335,0
DA:337,88
DA:342,88
DA:343,0
DA:344,0
DA:345,0
DA:346,0
DA:347,0
DA:348,0
DA:349,0
DA:350,0
DA:351,0
DA:352,0
DA:353,0
DA:354,0
DA:355,0
DA:356,0
DA:357,0
DA:360,0
DA:361,0
DA:362,0
DA:363,0
DA:364,0
DA:365,0
DA:366,0
DA:367,0
DA:368,0
DA:369,0
DA:370,0
DA:371,0
DA:372,0
DA:373,0
DA:374,0
DA:375,0
DA:376,0
DA:377,0
DA:378,0
DA:379,0
DA:380,0
DA:381,0
DA:382,0
DA:383,0
DA:384,0
DA:385,0
DA:386,0
DA:387,0
DA:388,0
DA:389,0
DA:390,0
DA:391,0
DA:392,0
DA:393,0
DA:394,0
DA:395,0
DA:396,0
DA:397,0
DA:398,0
DA:399,0
DA:400,0
DA:401,0
DA:402,0
DA:403,0
DA:404,0
DA:405,0
DA:406,0
DA:407,0
DA:408,0
DA:409,0
DA:410,0
DA:411,0
DA:412,0
DA:413,0
DA:414,0
DA:415,0
DA:416,0
DA:417,0
DA:418,0
DA:419,0
DA:420,0
DA:421,0
DA:422,0
DA:423,0
DA:424,0
DA:425,0
DA:426,0
DA:427,0
DA:428,0
DA:429,0
DA:430,0
DA:431,0
DA:432,0
DA:433,0
DA:434,0
DA:435,0
DA:436,0
DA:437,0
DA:438,0
DA:439,0
DA:440,0
DA:441,0
DA:442,0
DA:443,0
DA:444,0
DA:445,0
DA:446,0
DA:448,0
DA:449,0
DA:450,0
DA:451,0
DA:452,0
DA:453,0
DA:454,0
DA:455,0
DA:456,0
DA:457,0
DA:458,0
DA:459,0
DA:460,0
DA:461,0
DA:462,0
DA:463,0
DA:464,0
DA:465,0
DA:466,0
DA:467,0
DA:468,0
DA:469,0
DA:470,0
DA:471,0
DA:472,0
DA:473,0
DA:474,0
DA:475,0
DA:476,0
DA:477,0
DA:478,0
DA:479,0
DA:480,0
DA:481,0
DA:482,0
DA:483,0
DA:484,0
DA:485,0
DA:486,0
DA:489,0
DA:490,0
DA:491,0
DA:493,0
DA:494,0
DA:495,0
DA:496,0
DA:497,0
DA:498,0
DA:499,0
DA:500,0
DA:501,0
DA:502,0
DA:503,0
DA:504,0
DA:505,0
DA:506,0
DA:507,0
DA:508,0
DA:509,0
DA:510,0
DA:511,0
DA:512,0
DA:513,0
DA:514,0
DA:515,0
DA:516,0
DA:517,0
DA:518,0
DA:519,0
DA:520,0
DA:521,0
DA:522,0
DA:523,0
DA:524,0
DA:525,0
DA:526,0
DA:527,0
DA:528,0
DA:529,0
DA:530,0
DA:531,0
DA:532,0
DA:533,0
DA:534,0
DA:535,0
DA:536,0
DA:537,0
DA:538,0
DA:539,0
DA:540,0
DA:541,0
DA:542,0
DA:543,0
DA:544,0
DA:545,0
DA:546,0
DA:547,0
DA:548,0
DA:549,0
DA:550,0
DA:551,0
DA:552,0
DA:553,0
DA:554,0
DA:555,0
DA:556,0
DA:557,0
DA:558,0
DA:559,0
DA:560,0
DA:561,0
DA:562,0
DA:563,0
DA:564,0
DA:565,0
DA:566,0
DA:567,0
DA:568,0
DA:570,0
DA:571,0
DA:572,0
DA:573,0
DA:574,0
DA:575,0
DA:576,0
DA:577,0
DA:578,0
DA:579,0
DA:580,0
DA:581,0
DA:582,0
DA:583,0
DA:584,0
DA:585,0
DA:586,0
DA:587,0
DA:588,0
DA:589,0
DA:590,0
DA:591,0
DA:592,0
DA:593,0
DA:594,0
DA:595,0
DA:596,0
DA:597,0
DA:598,0
DA:599,0
DA:600,0
DA:601,0
DA:602,0
DA:603,0
DA:604,0
DA:605,0
DA:606,0
DA:607,0
DA:608,0
DA:609,0
DA:610,0
DA:611,0
DA:612,0
DA:613,0
DA:614,0
DA:615,0
DA:616,0
DA:617,0
DA:618,0
DA:620,0
DA:621,0
DA:622,0
DA:623,0
DA:624,0
DA:625,0
DA:626,0
DA:627,0
DA:628,0
DA:629,0
DA:630,0
DA:631,0
DA:632,0
DA:633,0
DA:634,0
DA:636,0
DA:637,0
DA:638,0
DA:639,0
DA:641,0
DA:644,0
DA:645,0
DA:646,0
DA:647,0
DA:648,0
DA:649,0
DA:650,0
DA:651,0
DA:652,0
DA:653,0
DA:654,0
DA:655,0
DA:656,0
DA:657,0
DA:659,0
DA:660,0
DA:663,0
DA:664,0
DA:665,0
DA:666,0
DA:667,0
DA:668,0
DA:669,0
DA:670,0
DA:671,0
DA:672,0
DA:673,0
DA:674,0
DA:676,0
DA:680,0
DA:682,0
DA:683,0
DA:684,0
DA:689,88
DA:690,88
DA:691,88
DA:692,88
DA:693,88
DA:694,88
DA:695,88
DA:696,88
DA:697,88
DA:698,88
DA:699,88
DA:700,88
DA:701,88
DA:702,88
DA:703,88
DA:704,88
DA:705,88
DA:706,88
DA:707,88
DA:708,88
DA:709,88
DA:710,88
DA:711,88
DA:712,88
DA:713,88
DA:714,88
DA:715,88
DA:716,88
DA:717,88
DA:718,88
DA:719,88
DA:720,88
DA:721,88
DA:722,88
DA:723,88
DA:724,88
DA:727,128
DA:728,128
DA:729,128
DA:730,128
DA:731,128
DA:732,128
DA:733,128
DA:734,128
DA:735,128
DA:736,128
DA:737,128
DA:739,128
DA:740,0
DA:741,0
DA:742,0
DA:743,0
DA:744,0
DA:745,0
DA:746,0
DA:747,0
DA:748,0
DA:749,0
DA:750,0
DA:752,128
DA:753,128
DA:754,128
DA:755,128
DA:756,128
DA:757,128
DA:758,128
DA:759,128
DA:760,128
DA:761,128
DA:763,128
DA:764,0
DA:765,0
DA:766,0
DA:767,0
DA:768,0
DA:770,128
DA:771,128
DA:772,128
DA:773,128
DA:774,128
DA:775,128
DA:776,128
DA:777,128
DA:778,128
DA:779,128
DA:780,128
DA:782,128
DA:783,0
DA:784,0
DA:785,0
DA:786,0
DA:787,0
DA:788,0
DA:789,0
DA:790,0
DA:791,0
DA:793,128
DA:794,128
DA:795,128
DA:796,128
DA:797,128
DA:798,128
DA:799,128
DA:800,128
DA:801,128
DA:802,128
DA:803,128
DA:805,128
DA:806,0
DA:807,0
DA:808,0
DA:809,0
DA:811,128
DA:812,128
DA:813,128
DA:814,128
DA:815,128
DA:816,128
DA:817,128
DA:818,128
DA:819,128
DA:820,128
DA:821,128
DA:822,128
DA:823,128
DA:824,128
DA:825,128
DA:826,128
DA:827,128
DA:828,128
DA:829,128
DA:830,128
DA:831,128
DA:832,128
DA:833,128
DA:834,128
DA:835,128
DA:836,128
DA:837,128
DA:838,128
DA:839,128
DA:840,128
DA:841,128
DA:842,128
DA:843,40
DA:845,0
DA:846,0
DA:847,0
DA:848,0
DA:849,0
DA:850,0
DA:851,0
DA:852,0
DA:853,0
DA:857,50
DA:858,40
DA:859,40
DA:860,40
DA:861,40
DA:862,40
DA:863,40
DA:864,40
DA:865,40
DA:866,40
DA:867,40
DA:868,40
DA:869,40
DA:870,40
DA:871,40
DA:872,40
DA:873,40
DA:874,40
DA:875,40
DA:876,40
DA:877,40
DA:878,40
DA:879,40
DA:880,40
DA:881,40
DA:882,40
DA:883,40
DA:884,40
DA:885,40
DA:886,40
DA:887,40
DA:888,40
DA:889,40
DA:890,40
DA:891,40
DA:892,40
DA:893,40
DA:894,40
DA:895,40
DA:896,40
DA:897,40
DA:898,40
DA:899,40
DA:900,40
DA:901,40
DA:902,40
DA:903,40
DA:904,40
DA:905,40
DA:906,40
DA:907,40
DA:908,40
DA:909,40
DA:910,40
DA:911,40
DA:912,40
DA:913,40
DA:914,40
DA:915,40
DA:916,40
DA:917,40
DA:918,40
DA:919,40
DA:920,40
DA:921,40
DA:922,40
DA:923,0
DA:924,50
DA:926,0
DA:927,0
DA:928,0
DA:936,44
DA:937,44
DA:938,44
DA:939,44
DA:940,44
DA:941,44
DA:942,44
DA:943,0
DA:946,44
DA:947,44
DA:948,44
DA:949,0
DA:950,44
DA:951,44
DA:952,44
DA:953,44
DA:954,44
DA:955,44
DA:957,0
DA:961,44
DA:962,44
DA:963,44
DA:964,44
DA:965,44
DA:966,44
DA:967,44
DA:968,44
DA:969,44
DA:970,44
DA:971,44
DA:972,44
DA:973,44
DA:974,44
DA:975,44
DA:976,44
DA:977,44
DA:978,0
DA:979,0
DA:980,0
DA:981,0
DA:982,0
DA:983,0
DA:984,0
DA:985,0
DA:986,0
DA:987,0
DA:989,0
DA:990,0
DA:991,0
DA:992,0
DA:993,0
DA:994,0
DA:995,0
DA:996,0
DA:1000,44
DA:1001,0
DA:1002,0
DA:1004,0
DA:1008,0
DA:1010,584
DA:1011,584
DA:1012,584
DA:1013,584
DA:1014,584
DA:1015,20
DA:1016,564
DA:1017,564
DA:1018,564
DA:1019,564
DA:1021,1184
DA:1022,620
DA:1023,620
DA:1024,620
DA:1025,620
DA:1026,620
DA:1028,520
DA:1029,540
DA:1032,0
DA:1033,0
DA:1034,0
DA:1035,0
DA:1036,0
DA:1037,0
DA:1038,0
DA:1039,0
DA:1040,0
DA:1041,0
DA:1042,0
DA:1043,0
DA:1044,0
DA:1045,0
DA:1046,0
DA:1047,0
DA:1048,0
DA:1049,0
DA:1050,0
DA:1051,0
DA:1052,0
DA:1053,0
DA:1054,0
DA:1056,0
DA:1057,0
DA:1058,0
DA:1059,0
DA:1060,0
DA:1061,0
DA:1062,0
DA:1063,0
DA:1064,0
DA:1065,0
DA:1066,0
DA:1067,0
DA:1071,0
DA:1072,0
DA:1073,0
DA:1074,0
DA:1075,0
DA:1076,0
DA:1077,0
DA:1078,0
DA:1079,0
DA:1080,0
DA:1081,0
DA:1083,0
DA:1084,0
DA:1085,0
DA:1086,0
DA:1087,0
DA:1088,0
DA:1089,0
DA:1090,0
DA:1091,0
DA:1092,0
DA:1093,0
DA:1094,0
DA:1098,0
DA:1099,0
DA:1100,0
DA:1102,0
DA:1105,20
DA:1106,20
DA:1107,20
DA:1108,20
DA:1109,20
DA:1110,20
DA:1111,20
DA:1112,20
DA:1113,20
DA:1114,20
DA:1115,20
DA:1121,224
DA:1122,224
DA:1123,224
DA:1126,64
DA:1127,64
DA:1128,64
DA:1131,184
DA:1132,184
DA:1133,184
DA:1136,80
DA:1137,80
DA:1138,80
DA:1141,176
DA:1142,176
DA:1143,176
DA:1146,200
DA:1147,200
DA:1148,200
DA:1151,200
DA:1152,200
DA:1153,200
DA:1156,200
DA:1157,200
DA:1158,200
DA:1161,200
DA:1162,200
DA:1163,200
DA:1166,200
DA:1167,200
DA:1168,200
DA:1171,200
DA:1172,200
DA:1173,200
DA:1176,200
DA:1177,200
DA:1178,200
DA:1181,200
DA:1182,200
DA:1183,200
DA:1186,200
DA:1187,200
DA:1188,200
DA:1191,200
DA:1192,200
DA:1193,200
DA:1196,200
DA:1197,200
DA:1198,200
DA:1204,96
DA:1205,96
DA:1206,96
DA:1209,108
DA:1210,108
DA:1211,108
DA:1214,144
DA:1215,144
DA:1216,144
DA:1219,40
DA:1220,40
DA:1221,40
DA:1238,24
DA:1239,24
DA:1240,24
DA:1241,24
DA:1242,24
DA:1243,24
DA:1244,24
DA:1245,24
DA:1246,24
DA:1247,24
DA:1248,24
DA:1249,24
DA:1250,24
DA:1251,24
DA:1252,24
DA:1253,24
DA:1254,24
DA:1255,24
DA:1256,24
DA:1257,24
DA:1258,24
DA:1259,24
DA:1260,24
DA:1261,24
DA:1262,24
DA:1263,24
DA:1264,24
DA:1265,24
DA:1266,24
DA:1267,24
DA:1268,24
DA:1269,24
DA:1270,24
DA:1271,24
DA:1272,24
DA:1273,24
DA:1275,24
DA:1276,24
DA:1277,24
DA:1278,24
DA:1279,24
DA:1280,24
DA:1281,24
DA:1282,24
DA:1283,24
DA:1284,24
DA:1285,24
DA:1286,24
DA:1287,24
DA:1288,24
DA:1289,24
DA:1290,24
DA:1291,24
DA:1292,24
DA:1293,24
DA:1294,24
DA:1295,24
DA:1296,24
DA:1297,24
DA:1298,24
DA:1299,24
DA:1300,24
DA:1301,24
DA:1302,24
DA:1303,24
DA:1304,24
DA:1305,24
DA:1306,24
DA:1307,24
DA:1309,24
DA:1310,24
DA:1311,24
DA:1312,24
DA:1314,24
DA:1315,24
DA:1316,24
DA:1317,24
DA:1318,24
DA:1319,24
DA:1320,24
DA:1321,24
DA:1322,24
DA:1323,24
DA:1324,24
DA:1325,24
DA:1326,24
DA:1327,24
DA:1328,24
DA:1329,24
DA:1330,24
DA:1331,24
DA:1332,24
DA:1333,24
DA:1334,24
DA:1335,24
DA:1336,24
DA:1337,24
DA:1338,24
DA:1339,24
DA:1340,24
DA:1341,24
DA:1342,24
DA:1343,24
DA:1344,24
DA:1345,24
DA:1346,24
DA:1347,24
DA:1348,24
DA:1349,24
DA:1350,24
DA:1351,24
DA:1352,24
DA:1354,24
DA:1355,24
DA:1356,24
DA:1357,24
DA:1358,24
DA:1359,24
DA:1360,24
DA:1361,24
DA:1362,24
DA:1363,24
DA:1364,24
DA:1365,24
DA:1366,24
DA:1367,24
DA:1368,24
DA:1369,24
DA:1370,24
DA:1371,24
DA:1372,24
DA:1373,24
DA:1374,24
DA:1375,24
DA:1376,24
DA:1377,24
DA:1378,24
DA:1379,24
DA:1380,24
DA:1381,24
DA:1382,24
DA:1383,24
DA:1384,24
DA:1385,24
DA:1386,24
DA:1387,24
DA:1388,24
DA:1389,24
DA:1390,24
DA:1391,24
DA:1392,24
DA:1393,24
DA:1394,24
DA:1395,24
DA:1396,24
DA:1397,24
DA:1398,24
DA:1399,24
DA:1400,24
DA:1401,24
DA:1402,24
DA:1403,24
DA:1406,24
DA:1407,24
DA:1408,24
DA:1409,24
DA:1410,24
DA:1411,24
DA:1412,24
DA:1413,24
DA:1414,24
DA:1415,24
DA:1416,24
DA:1417,24
DA:1418,24
DA:1419,24
DA:1420,24
DA:1421,24
DA:1422,24
DA:1423,24
DA:1424,24
DA:1425,24
DA:1426,24
DA:1427,24
DA:1428,24
DA:1429,24
DA:1430,24
DA:1431,24
DA:1432,24
DA:1433,24
DA:1434,24
DA:1435,24
DA:1436,24
DA:1437,24
DA:1438,24
DA:1439,24
DA:1440,24
DA:1441,24
DA:1442,24
DA:1443,24
DA:1444,24
DA:1445,24
DA:1446,24
DA:1447,24
DA:1448,24
DA:1449,24
DA:1450,24
DA:1451,24
DA:1452,24
DA:1453,24
DA:1454,24
DA:1455,24
DA:1456,24
DA:1457,24
DA:1458,24
DA:1459,24
DA:1460,24
DA:1461,24
DA:1462,24
DA:1463,24
DA:1465,24
DA:1466,24
DA:1467,24
DA:1468,24
DA:1471,24
DA:1472,24
DA:1473,24
DA:1474,24
DA:1475,24
DA:1476,24
DA:1477,24
DA:1478,24
DA:1479,24
DA:1480,24
DA:1481,24
DA:1482,24
DA:1483,24
DA:1484,24
DA:1485,24
DA:1486,24
DA:1487,24
DA:1488,24
DA:1489,24
DA:1490,24
DA:1491,24
DA:1492,24
DA:1493,24
DA:1494,24
DA:1495,24
DA:1496,24
DA:1497,24
DA:1498,24
DA:1499,24
DA:1500,24
DA:1501,24
DA:1502,24
DA:1503,24
DA:1504,24
DA:1505,24
DA:1506,24
DA:1507,24
DA:1508,24
DA:1509,24
DA:1510,24
DA:1511,24
DA:1512,24
DA:1513,24
DA:1514,24
DA:1517,24
DA:1518,24
DA:1519,24
DA:1520,24
DA:1521,24
DA:1522,24
DA:1523,24
DA:1524,24
DA:1525,24
DA:1526,24
DA:1527,24
DA:1528,24
DA:1529,24
DA:1530,24
DA:1531,24
DA:1532,24
DA:1533,24
DA:1534,24
DA:1535,24
DA:1536,24
DA:1537,24
DA:1538,24
DA:1539,24
DA:1540,24
DA:1541,24
DA:1542,24
DA:1543,24
DA:1544,24
DA:1545,24
DA:1546,24
DA:1547,24
DA:1548,24
DA:1549,24
DA:1550,24
DA:1551,24
DA:1552,24
DA:1553,24
DA:1554,24
DA:1555,24
DA:1556,24
DA:1557,24
DA:1558,24
DA:1559,24
DA:1560,24
DA:1561,24
DA:1564,24
DA:1565,24
DA:1566,24
DA:1567,24
DA:1568,24
DA:1569,24
DA:1570,24
DA:1571,24
DA:1572,24
DA:1573,24
DA:1574,24
DA:1575,24
DA:1576,24
DA:1577,24
DA:1578,24
DA:1579,24
DA:1580,24
DA:1581,24
DA:1582,24
DA:1583,24
DA:1584,24
DA:1585,24
DA:1586,24
DA:1587,24
DA:1588,24
DA:1589,24
DA:1590,24
DA:1591,24
DA:1592,24
DA:1593,24
DA:1594,24
DA:1595,24
DA:1596,24
DA:1597,24
DA:1598,24
DA:1599,24
DA:1600,24
DA:1601,24
DA:1602,24
DA:1603,24
DA:1604,24
DA:1605,24
DA:1606,24
DA:1607,24
DA:1610,24
DA:1611,24
DA:1612,24
DA:1613,24
DA:1614,24
DA:1615,24
DA:1616,24
DA:1617,24
DA:1618,24
DA:1619,24
DA:1620,24
DA:1621,24
DA:1622,24
DA:1623,24
DA:1624,24
DA:1625,24
DA:1626,24
DA:1627,24
DA:1628,24
DA:1629,24
DA:1630,24
DA:1631,24
DA:1632,24
DA:1633,24
DA:1634,24
DA:1635,24
DA:1636,24
DA:1637,24
DA:1638,24
DA:1639,24
DA:1640,24
DA:1641,24
DA:1642,24
DA:1643,24
DA:1644,24
DA:1645,24
DA:1646,24
DA:1647,24
DA:1648,24
DA:1649,24
DA:1650,24
DA:1651,24
DA:1652,24
DA:1653,24
DA:1656,24
DA:1657,24
DA:1658,24
DA:1659,24
DA:1660,24
DA:1661,24
DA:1662,24
DA:1663,24
DA:1664,24
DA:1665,24
DA:1666,24
DA:1667,24
DA:1668,24
DA:1669,24
DA:1670,24
DA:1671,24
DA:1672,24
DA:1673,24
DA:1674,24
DA:1675,24
DA:1676,24
DA:1677,24
DA:1678,24
DA:1679,24
DA:1680,24
DA:1681,24
DA:1682,24
DA:1683,24
DA:1684,24
DA:1685,24
DA:1686,24
DA:1687,24
DA:1688,24
DA:1689,24
DA:1690,24
DA:1691,24
DA:1692,24
DA:1693,24
DA:1694,24
DA:1695,24
DA:1696,24
DA:1697,24
DA:1698,24
DA:1699,24
DA:1702,24
DA:1703,24
DA:1704,24
DA:1705,24
DA:1706,24
DA:1707,24
DA:1708,24
DA:1709,24
DA:1710,24
DA:1711,24
DA:1712,24
DA:1713,24
DA:1714,24
DA:1715,24
DA:1716,24
DA:1717,24
DA:1718,24
DA:1719,24
DA:1720,24
DA:1721,24
DA:1722,24
DA:1723,24
DA:1724,24
DA:1725,24
DA:1726,24
DA:1727,24
DA:1728,24
DA:1729,24
DA:1730,24
DA:1731,24
DA:1732,24
DA:1733,24
DA:1734,24
DA:1735,24
DA:1736,24
DA:1737,24
DA:1738,24
DA:1739,24
DA:1740,24
DA:1741,24
DA:1742,24
DA:1743,24
DA:1744,24
DA:1745,24
DA:1746,24
DA:1749,24
DA:1750,24
DA:1751,24
DA:1752,24
DA:1753,24
DA:1754,24
DA:1755,24
DA:1756,24
DA:1757,24
DA:1758,24
DA:1759,24
DA:1760,24
DA:1761,24
DA:1762,24
DA:1763,24
DA:1764,24
DA:1765,24
DA:1766,24
DA:1767,24
DA:1768,24
DA:1769,24
DA:1770,24
DA:1771,24
DA:1772,24
DA:1773,24
DA:1774,24
DA:1775,24
DA:1776,24
DA:1777,24
DA:1778,24
DA:1779,24
DA:1780,24
DA:1781,24
DA:1782,24
DA:1783,24
DA:1784,24
DA:1785,24
DA:1786,24
DA:1787,24
DA:1788,24
DA:1789,24
DA:1790,24
DA:1791,24
DA:1792,24
DA:1793,24
DA:1796,24
DA:1797,24
DA:1798,24
DA:1799,24
DA:1800,24
DA:1801,24
DA:1802,24
DA:1803,24
DA:1804,24
DA:1805,24
DA:1806,24
DA:1807,24
DA:1808,24
DA:1809,24
DA:1810,24
DA:1811,24
DA:1812,24
DA:1813,24
DA:1814,24
DA:1815,24
DA:1816,24
DA:1817,24
DA:1818,24
DA:1819,24
DA:1820,24
DA:1821,24
DA:1822,24
DA:1823,24
DA:1824,24
DA:1825,24
DA:1826,24
DA:1827,24
DA:1828,24
DA:1829,24
DA:1830,24
DA:1831,24
DA:1832,24
DA:1833,24
DA:1834,24
DA:1835,24
DA:1836,24
DA:1839,24
DA:1840,24
DA:1841,24
DA:1842,24
DA:1843,24
DA:1844,24
DA:1845,24
DA:1846,24
DA:1847,24
DA:1848,24
DA:1849,24
DA:1850,24
DA:1851,24
DA:1852,24
DA:1853,24
DA:1854,24
DA:1855,24
DA:1856,24
DA:1857,24
DA:1858,24
DA:1859,24
DA:1860,24
DA:1861,24
DA:1862,24
DA:1863,24
DA:1864,24
DA:1865,24
DA:1866,24
DA:1867,24
DA:1868,24
DA:1869,24
DA:1870,24
DA:1871,24
DA:1872,24
DA:1873,24
DA:1874,24
DA:1875,24
DA:1876,24
DA:1877,24
DA:1878,24
DA:1879,24
DA:1882,24
DA:1883,24
DA:1884,24
DA:1885,24
DA:1886,24
DA:1887,24
DA:1888,24
DA:1889,24
DA:1890,24
DA:1891,24
DA:1892,24
DA:1893,24
DA:1894,24
DA:1895,24
DA:1896,24
DA:1897,24
DA:1898,24
DA:1899,24
DA:1900,24
DA:1901,24
DA:1902,24
DA:1903,24
DA:1904,24
DA:1905,24
DA:1906,24
DA:1907,24
DA:1908,24
DA:1909,24
DA:1910,24
DA:1911,24
DA:1912,24
DA:1913,24
DA:1914,24
DA:1915,24
DA:1916,24
DA:1917,24
DA:1918,24
DA:1919,24
DA:1920,24
DA:1921,24
DA:1922,24
DA:1923,24
DA:1926,24
DA:1927,24
DA:1928,24
DA:1929,24
DA:1930,24
DA:1931,24
DA:1932,24
DA:1933,24
DA:1934,24
DA:1935,24
DA:1936,24
DA:1937,24
DA:1938,24
DA:1939,24
DA:1940,24
DA:1941,24
DA:1942,24
DA:1943,24
DA:1944,24
DA:1945,24
DA:1946,24
DA:1947,24
DA:1948,24
DA:1949,24
DA:1950,24
DA:1951,24
DA:1952,24
DA:1953,24
DA:1954,24
DA:1955,24
DA:1956,24
DA:1957,24
DA:1958,24
DA:1959,24
DA:1960,24
DA:1961,24
DA:1962,24
DA:1963,24
DA:1964,24
DA:1965,24
DA:1966,24
DA:1967,24
LF:1707
LH:1203
end_of_record
SF:src/name_server/zone_node.rs
FN:6,<dns_rust::name_server::zone_node::NSNode as core::clone::Clone>::clone
FN:310,dns_rust::name_server::zone_node::zone_node_test::set_and_get_subzone_test
FN:206,<dns_rust::name_server::zone_node::NSNode>::set_value
FN:247,<dns_rust::name_server::zone_node::NSNode>::get_name
FN:157,<dns_rust::name_server::zone_node::NSNode>::check_rrs_only_ns
FN:211,<dns_rust::name_server::zone_node::NSNode>::set_children
FN:372,dns_rust::name_server::zone_node::zone_node_test::get_child_test::{closure#0}
FN:276,dns_rust::name_server::zone_node::zone_node_test::constructor_test
FN:16,<dns_rust::name_server::zone_node::NSNode>::new
FN:425,dns_rust::name_server::zone_node::zone_node_test::add_node_test_wrong_domain::{closure#0}
FN:332,dns_rust::name_server::zone_node::zone_node_test::set_duplicate_children_test::{closure#0}
FN:211,<dns_rust::name_server::zone_node::NSNode>::set_children
FN:234,<dns_rust::name_server::zone_node::NSNode>::set_name
FN:500,dns_rust::name_server::zone_node::zone_node_test::get_rrs_by_type_test
FN:46,<dns_rust::name_server::zone_node::NSNode>::get_child
FN:479,dns_rust::name_server::zone_node::zone_node_test::check_rrs_only_ns_test::{closure#0}
FN:257,<dns_rust::name_server::zone_node::NSNode>::get_children
FN:239,<dns_rust::name_server::zone_node::NSNode>::set_subzone
FN:191,<dns_rust::name_server::zone_node::NSNode>::get_all_rrs
FN:319,dns_rust::name_server::zone_node::zone_node_test::set_and_get_children_test
FN:46,<dns_rust::name_server::zone_node::NSNode>::get_child
FN:333,dns_rust::name_server::zone_node::zone_node_test::set_duplicate_children_test
FN:6,<dns_rust::name_server::zone_node::NSNode as core::fmt::Debug>::fmt
FN:68,<dns_rust::name_server::zone_node::NSNode>::add_node
FN:309,dns_rust::name_server::zone_node::zone_node_test::set_and_get_subzone_test::{closure#0}
FN:6,<dns_rust::name_server::zone_node::NSNode as core::cmp::PartialEq>::eq
FN:401,dns_rust::name_server::zone_node::zone_node_test::add_node_test
FN:275,dns_rust::name_server::zone_node::zone_node_test::constructor_test::{closure#0}
FN:191,<dns_rust::name_server::zone_node::NSNode>::get_all_rrs
FN:252,<dns_rust::name_server::zone_node::NSNode>::get_value
FN:295,dns_rust::name_server::zone_node::zone_node_test::set_and_get_value_test::{closure#0}
FN:452,dns_rust::name_server::zone_node::zone_node_test::add_node_test_recursive::{closure#0}
FN:262,<dns_rust::name_server::zone_node::NSNode>::get_subzone
FN:6,<dns_rust::name_server::zone_node::NSNode as core::fmt::Debug>::fmt
FN:499,dns_rust::name_server::zone_node::zone_node_test::get_rrs_by_type_test::{closure#0}
FN:170,<dns_rust::name_server::zone_node::NSNode>::get_rrs_by_type
FN:262,<dns_rust::name_server::zone_node::NSNode>::get_subzone
FN:400,dns_rust::name_server::zone_node::zone_node_test::add_node_test::{closure#0}
FN:537,dns_rust::name_server::zone_node::zone_node_test::get_all_rrs_test::{closure#0}
FN:170,<dns_rust::name_server::zone_node::NSNode>::get_rrs_by_type
FN:234,<dns_rust::name_server::zone_node::NSNode>::set_name
FN:287,dns_rust::name_server::zone_node::zone_node_test::set_and_get_name_test
FN:296,dns_rust::name_server::zone_node::zone_node_test::set_and_get_value_test
FN:480,dns_rust::name_server::zone_node::zone_node_test::check_rrs_only_ns_test
FN:318,dns_rust::name_server::zone_node::zone_node_test::set_and_get_children_test::{closure#0}
FN:286,dns_rust::name_server::zone_node::zone_node_test::set_and_get_name_test::{closure#0}
FN:373,dns_rust::name_server::zone_node::zone_node_test::get_child_test
FN:28,<dns_rust::name_server::zone_node::NSNode>::exist_child
FN:6,<dns_rust::name_server::zone_node::NSNode as core::cmp::PartialEq>::eq
FN:356,dns_rust::name_server::zone_node::zone_node_test::exist_child_test::{closure#0}
FN:538,dns_rust::name_server::zone_node::zone_node_test::get_all_rrs_test
FN:68,<dns_rust::name_server::zone_node::NSNode>::add_node
FN:239,<dns_rust::name_server::zone_node::NSNode>::set_subzone
FN:206,<dns_rust::name_server::zone_node::NSNode>::set_value
FN:6,<dns_rust::name_server::zone_node::NSNode as core::clone::Clone>::clone
FN:453,dns_rust::name_server::zone_node::zone_node_test::add_node_test_recursive
FN:357,dns_rust::name_server::zone_node::zone_node_test::exist_child_test
FN:16,<dns_rust::name_server::zone_node::NSNode>::new
FN:157,<dns_rust::name_server::zone_node::NSNode>::check_rrs_only_ns
FN:426,dns_rust::name_server::zone_node::zone_node_test::add_node_test_wrong_domain
FN:252,<dns_rust::name_server::zone_node::NSNode>::get_value
FN:28,<dns_rust::name_server::zone_node::NSNode>::exist_child
FN:247,<dns_rust::name_server::zone_node::NSNode>::get_name
FN:257,<dns_rust::name_server::zone_node::NSNode>::get_children
FNDA:1,<dns_rust::name_server::zone_node::NSNode as core::clone::Clone>::clone
FNDA:1,dns_rust::name_server::zone_node::zone_node_test::set_and_get_subzone_test
FNDA:1,<dns_rust::name_server::zone_node::NSNode>::set_value
FNDA:0,<dns_rust::name_server::zone_node::NSNode>::get_name
FNDA:0,<dns_rust::name_server::zone_node::NSNode>::check_rrs_only_ns
FNDA:0,<dns_rust::name_server::zone_node::NSNode>::set_children
FNDA:1,dns_rust::name_server::zone_node::zone_node_test::get_child_test::{closure#0}
FNDA:1,dns_rust::name_server::zone_node::zone_node_test::constructor_test
FNDA:1,<dns_rust::name_server::zone_node::NSNode>::new
FNDA:1,dns_rust::name_server::zone_node::zone_node_test::add_node_test_wrong_domain::{closure#0}
FNDA:1,dns_rust::name_server::zone_node::zone_node_test::set_duplicate_children_test::{closure#0}
FNDA:1,<dns_rust::name_server::zone_node::NSNode>::set_children
FNDA:1,<dns_rust::name_server::zone_node::NSNode>::set_name
FNDA:1,dns_rust::name_server::zone_node::zone_node_test::get_rrs_by_type_test
FNDA:0,<dns_rust::name_server::zone_node::NSNode>::get_child
FNDA:1,dns_rust::name_server::zone_node::zone_node_test::check_rrs_only_ns_test::{closure#0}
FNDA:1,<dns_rust::name_server::zone_node::NSNode>::get_children
FNDA:0,<dns_rust::name_server::zone_node::NSNode>::set_subzone
FNDA:0,<dns_rust::name_server::zone_node::NSNode>::get_all_rrs
FNDA:1,dns_rust::name_server::zone_node::zone_node_test::set_and_get_children_test
FNDA:1,<dns_rust::name_server::zone_node::NSNode>::get_child
FNDA:1,dns_rust::name_server::zone_node::zone_node_test::set_duplicate_children_test
FNDA:0,<dns_rust::name_server::zone_node::NSNode as core::fmt::Debug>::fmt
FNDA:0,<dns_rust::name_server::zone_node::NSNode>::add_node
FNDA:1,dns_rust::name_server::zone_node::zone_node_test::set_and_get_subzone_test::{closure#0}
FNDA:0,<dns_rust::name_server::zone_node::NSNode as core::cmp::PartialEq>::eq
FNDA:1,dns_rust::name_server::zone_node::zone_node_test::add_node_test
FNDA:1,dns_rust::name_server::zone_node::zone_node_test::constructor_test::{closure#0}
FNDA:1,<dns_rust::name_server::zone_node::NSNode>::get_all_rrs
FNDA:1,<dns_rust::name_server::zone_node::NSNode>::get_value
FNDA:1,dns_rust::name_server::zone_node::zone_node_test::set_and_get_value_test::{closure#0}
FNDA:1,dns_rust::name_server::zone_node::zone_node_test::add_node_test_recursive::{closure#0}
FNDA:1,<dns_rust::name_server::zone_node::NSNode>::get_subzone
FNDA:0,<dns_rust::name_server::zone_node::NSNode as core::fmt::Debug>::fmt
FNDA:1,dns_rust::name_server::zone_node::zone_node_test::get_rrs_by_type_test::{closure#0}
FNDA:1,<dns_rust::name_server::zone_node::NSNode>::get_rrs_by_type
FNDA:0,<dns_rust::name_server::zone_node::NSNode>::get_subzone
FNDA:1,dns_rust::name_server::zone_node::zone_node_test::add_node_test::{closure#0}
FNDA:1,dns_rust::name_server::zone_node::zone_node_test::get_all_rrs_test::{closure#0}
FNDA:0,<dns_rust::name_server::zone_node::NSNode>::get_rrs_by_type
FNDA:0,<dns_rust::name_server::zone_node::NSNode>::set_name
FNDA:1,dns_rust::name_server::zone_node::zone_node_test::set_and_get_name_test
FNDA:1,dns_rust::name_server::zone_node::zone_node_test::set_and_get_value_test
FNDA:1,dns_rust::name_server::zone_node::zone_node_test::check_rrs_only_ns_test
FNDA:1,dns_rust::name_server::zone_node::zone_node_test::set_and_get_children_test::{closure#0}
FNDA:1,dns_rust::name_server::zone_node::zone_node_test::set_and_get_name_test::{closure#0}
FNDA:1,dns_rust::name_server::zone_node::zone_node_test::get_child_test
FNDA:0,<dns_rust::name_server::zone_node::NSNode>::exist_child
FNDA:0,<dns_rust::name_server::zone_node::NSNode as core::cmp::PartialEq>::eq
FNDA:1,dns_rust::name_server::zone_node::zone_node_test::exist_child_test::{closure#0}
FNDA:1,dns_rust::name_server::zone_node::zone_node_test::get_all_rrs_test
FNDA:1,<dns_rust::name_server::zone_node::NSNode>::add_node
FNDA:1,<dns_rust::name_server::zone_node::NSNode>::set_subzone
FNDA:0,<dns_rust::name_server::zone_node::NSNode>::set_value
FNDA:1,<dns_rust::name_server::zone_node::NSNode as core::clone::Clone>::clone
FNDA:1,dns_rust::name_server::zone_node::zone_node_test::add_node_test_recursive
FNDA:1,dns_rust::name_server::zone_node::zone_node_test::exist_child_test
FNDA:1,<dns_rust::name_server::zone_node::NSNode>::new
FNDA:1,<dns_rust::name_server::zone_node::NSNode>::check_rrs_only_ns
FNDA:1,dns_rust::name_server::zone_node::zone_node_test::add_node_test_wrong_domain
FNDA:0,<dns_rust::name_server::zone_node::NSNode>::get_value
FNDA:1,<dns_rust::name_server::zone_node::NSNode>::exist_child
FNDA:1,<dns_rust::name_server::zone_node::NSNode>::get_name
FNDA:0,<dns_rust::name_server::zone_node::NSNode>::get_children
FNF:64
FNH:46
BRF:0
BRH:0
DA:6,96488
DA:16,7536
DA:17,7536
DA:18,7536
DA:19,7536
DA:20,7536
DA:21,7536
DA:22,7536
DA:23,7536
DA:24,7536
DA:25,7536
DA:28,5998
DA:29,5998
DA:30,5998
DA:31,5998
DA:33,10348
DA:34,7878
DA:35,7878
DA:36,7878
DA:37,3526
DA:38,4350
DA:41,2470
DA:42,5996
DA:46,3552
DA:47,3552
DA:48,3552
DA:49,3552
DA:50,3552
DA:51,3552
DA:53,4952
DA:54,4904
DA:55,4904
DA:56,3502
DA:57,1400
DA:58,1400
DA:61,48
DA:62,48
DA:63,48
DA:64,3550
DA:68,5942
DA:69,5942
DA:70,5942
DA:71,5942
DA:72,5942
DA:73,5942
DA:74,5942
DA:75,5942
DA:76,5942
DA:77,5942
DA:78,1872
DA:79,4070
DA:82,5942
DA:83,24
DA:85,5918
DA:86,5918
DA:87,5918
DA:88,5894
DA:89,5894
DA:90,5894
DA:91,5894
DA:92,5894
DA:93,5894
DA:94,5894
DA:95,3456
DA:96,3456
DA:97,3456
DA:98,246
DA:99,246
DA:100,246
DA:101,62
DA:102,184
DA:104,3210
DA:105,3210
DA:106,3210
DA:108,8414
DA:109,5204
DA:110,5204
DA:111,5204
DA:113,3210
DA:114,3210
DA:115,3210
DA:118,3456
DA:119,3456
DA:120,3456
DA:121,2438
DA:122,2270
DA:123,2270
DA:124,2270
DA:125,2270
DA:126,2270
DA:127,2270
DA:128,1552
DA:129,1552
DA:130,1552
DA:131,562
DA:132,992
DA:134,718
DA:135,718
DA:136,718
DA:138,1776
DA:139,1058
DA:140,1058
DA:141,1058
DA:143,726
DA:144,726
DA:145,726
DA:148,2280
DA:149,2280
DA:150,168
DA:151,24
DA:152,5928
DA:154,5952
DA:157,1848
DA:158,2616
DA:159,1968
DA:160,1968
DA:161,1968
DA:162,1200
DA:163,768
DA:166,648
DA:167,1848
DA:170,552
DA:171,552
DA:172,552
DA:173,552
DA:174,24
DA:175,528
DA:176,528
DA:177,528
DA:178,528
DA:179,528
DA:181,1104
DA:182,576
DA:183,504
DA:184,504
DA:187,528
DA:188,552
DA:191,120
DA:192,120
DA:193,120
DA:195,120
DA:196,0
DA:197,0
DA:199,120
DA:200,120
DA:206,2784
DA:207,2784
DA:208,2784
DA:211,5904
DA:212,5904
DA:213,5904
DA:214,5904
DA:215,5904
DA:216,5904
DA:217,17116
DA:218,11216
DA:219,11216
DA:220,11216
DA:221,24
DA:222,24
DA:223,11188
DA:224,11188
DA:225,11188
DA:226,11188
DA:227,11212
DA:230,5900
DA:231,5900
DA:234,2712
DA:235,2712
DA:236,2712
DA:239,648
DA:240,648
DA:241,648
DA:247,32232
DA:248,32232
DA:249,32232
DA:252,1128
DA:253,1128
DA:254,1128
DA:257,15934
DA:258,15934
DA:259,15934
DA:262,48
DA:263,48
DA:264,48
DA:275,24
DA:276,24
DA:277,24
DA:278,24
DA:279,24
DA:280,24
DA:281,24
DA:282,24
DA:283,24
DA:286,24
DA:287,24
DA:288,24
DA:289,24
DA:290,24
DA:291,24
DA:292,24
DA:293,24
DA:295,24
DA:296,24
DA:297,24
DA:298,24
DA:299,24
DA:300,24
DA:301,24
DA:302,24
DA:303,24
DA:304,24
DA:305,24
DA:306,24
DA:307,24
DA:309,24
DA:310,24
DA:311,24
DA:312,24
DA:313,24
DA:314,24
DA:315,24
DA:316,24
DA:318,24
DA:319,24
DA:320,24
DA:321,24
DA:322,24
DA:323,24
DA:324,24
DA:325,24
DA:326,24
DA:327,24
DA:328,24
DA:329,24
DA:332,24
DA:333,24
DA:334,24
DA:335,24
DA:336,24
DA:337,24
DA:338,24
DA:339,24
DA:340,24
DA:341,24
DA:342,24
DA:343,24
DA:344,24
DA:345,24
DA:346,24
DA:347,24
DA:348,24
DA:349,24
DA:350,24
DA:351,24
DA:352,24
DA:353,24
DA:354,24
DA:356,24
DA:357,24
DA:358,24
DA:359,24
DA:360,24
DA:361,24
DA:362,24
DA:363,24
DA:364,24
DA:365,24
DA:366,24
DA:367,24
DA:368,24
DA:369,24
DA:370,24
DA:372,24
DA:373,24
DA:374,24
DA:375,24
DA:376,24
DA:377,24
DA:378,24
DA:379,24
DA:380,24
DA:381,24
DA:382,24
DA:383,24
DA:384,24
DA:385,24
DA:386,24
DA:387,24
DA:388,24
DA:389,24
DA:390,24
DA:391,24
DA:393,24
DA:394,24
DA:395,24
DA:396,24
DA:397,24
DA:398,24
DA:400,24
DA:401,24
DA:402,24
DA:403,24
DA:404,24
DA:405,24
DA:406,24
DA:407,24
DA:408,24
DA:409,24
DA:410,24
DA:411,24
DA:413,24
DA:414,24
DA:415,24
DA:416,24
DA:418,24
DA:420,24
DA:421,24
DA:422,24
DA:425,24
DA:426,24
DA:427,24
DA:428,24
DA:429,24
DA:430,24
DA:431,24
DA:432,24
DA:433,24
DA:434,24
DA:435,24
DA:436,24
DA:437,24
DA:438,24
DA:439,24
DA:440,24
DA:442,24
DA:443,24
DA:444,24
DA:445,24
DA:446,24
DA:447,24
DA:448,24
DA:449,24
DA:452,24
DA:453,24
DA:454,24
DA:455,24
DA:456,24
DA:457,24
DA:458,24
DA:459,24
DA:460,24
DA:461,24
DA:462,24
DA:463,24
DA:464,24
DA:465,24
DA:466,24
DA:467,24
DA:469,24
DA:470,24
DA:472,24
DA:473,24
DA:475,24
DA:476,24
DA:477,24
DA:479,24
DA:480,24
DA:481,24
DA:482,24
DA:483,24
DA:484,24
DA:485,24
DA:486,24
DA:487,24
DA:488,24
DA:489,24
DA:490,24
DA:491,24
DA:492,24
DA:493,24
DA:494,24
DA:495,24
DA:496,24
DA:497,24
DA:499,24
DA:500,24
DA:501,24
DA:502,24
DA:503,24
DA:504,24
DA:505,24
DA:506,24
DA:507,24
DA:508,24
DA:509,24
DA:510,24
DA:511,24
DA:512,24
DA:513,24
DA:514,24
DA:515,24
DA:516,24
DA:517,24
DA:518,24
DA:519,24
DA:520,24
DA:521,24
DA:522,24
DA:523,24
DA:524,24
DA:526,24
DA:527,24
DA:528,24
DA:529,24
DA:530,24
DA:531,24
DA:532,24
DA:533,24
DA:534,24
DA:537,24
DA:538,24
DA:539,24
DA:540,24
DA:541,24
DA:542,24
DA:543,24
DA:544,24
DA:545,24
DA:546,24
DA:547,24
DA:548,24
DA:549,24
DA:550,24
DA:551,24
DA:552,24
DA:553,24
DA:554,24
DA:555,24
DA:556,24
DA:557,24
DA:558,24
DA:560,24
DA:561,24
DA:562,24
DA:564,24
DA:565,24
DA:567,24
DA:568,24
DA:570,24
DA:571,24
DA:572,24
LF:452
LH:450
end_of_record
SF:src/message/question.rs
FN:171,dns_rust::message::question::question_test::constructor_test
FN:180,dns_rust::message::question::question_test::set_and_get_qname_test
FN:3,<dns_rust::message::question::Question as core::default::Default>::default
FN:141,<dns_rust::message::question::Question>::set_qtype
FN:3,<dns_rust::message::question::Question as core::default::Default>::default
FN:104,<dns_rust::message::question::Question>::get_second_qclass_byte
FN:96,<dns_rust::message::question::Question>::get_first_qclass_byte
FN:80,<dns_rust::message::question::Question>::get_first_qtype_byte
FN:152,<dns_rust::message::question::Question>::get_qname
FN:112,<dns_rust::message::question::Question>::to_bytes
FN:96,<dns_rust::message::question::Question>::get_first_qclass_byte
FN:145,<dns_rust::message::question::Question>::set_qclass
FN:49,<dns_rust::message::question::Question>::from_bytes
FN:194,dns_rust::message::question::question_test::set_and_get_qtype_test
FN:170,dns_rust::message::question::question_test::constructor_test::{closure#0}
FN:137,<dns_rust::message::question::Question>::set_qname
FN:217,dns_rust::message::question::question_test::to_bytes_test::{closure#0}
FN:193,dns_rust::message::question::question_test::set_and_get_qtype_test::{closure#0}
FN:80,<dns_rust::message::question::Question>::get_first_qtype_byte
FN:39,<dns_rust::message::question::Question>::new
FN:3,<dns_rust::message::question::Question as core::clone::Clone>::clone
FN:104,<dns_rust::message::question::Question>::get_second_qclass_byte
FN:206,dns_rust::message::question::question_test::set_and_get_qclass_test
FN:205,dns_rust::message::question::question_test::set_and_get_qclass_test::{closure#0}
FN:179,dns_rust::message::question::question_test::set_and_get_qname_test::{closure#0}
FN:137,<dns_rust::message::question::Question>::set_qname
FN:160,<dns_rust::message::question::Question>::get_qclass
FN:88,<dns_rust::message::question::Question>::get_second_qtype_byte
FN:156,<dns_rust::message::question::Question>::get_qtype
FN:49,<dns_rust::message::question::Question>::from_bytes
FN:236,dns_rust::message::question::question_test::from_bytes_test::{closure#0}
FN:156,<dns_rust::message::question::Question>::get_qtype
FN:152,<dns_rust::message::question::Question>::get_qname
FN:112,<dns_rust::message::question::Question>::to_bytes
FN:39,<dns_rust::message::question::Question>::new
FN:145,<dns_rust::message::question::Question>::set_qclass
FN:141,<dns_rust::message::question::Question>::set_qtype
FN:218,dns_rust::message::question::question_test::to_bytes_test
FN:3,<dns_rust::message::question::Question as core::clone::Clone>::clone
FN:88,<dns_rust::message::question::Question>::get_second_qtype_byte
FN:237,dns_rust::message::question::question_test::from_bytes_test
FN:160,<dns_rust::message::question::Question>::get_qclass
FNDA:1,dns_rust::message::question::question_test::constructor_test
FNDA:1,dns_rust::message::question::question_test::set_and_get_qname_test
FNDA:0,<dns_rust::message::question::Question as core::default::Default>::default
FNDA:1,<dns_rust::message::question::Question>::set_qtype
FNDA:0,<dns_rust::message::question::Question as core::default::Default>::default
FNDA:1,<dns_rust::message::question::Question>::get_second_qclass_byte
FNDA:1,<dns_rust::message::question::Question>::get_first_qclass_byte
FNDA:1,<dns_rust::message::question::Question>::get_first_qtype_byte
FNDA:1,<dns_rust::message::question::Question>::get_qname
FNDA:1,<dns_rust::message::question::Question>::to_bytes
FNDA:1,<dns_rust::message::question::Question>::get_first_qclass_byte
FNDA:1,<dns_rust::message::question::Question>::set_qclass
FNDA:1,<dns_rust::message::question::Question>::from_bytes
FNDA:1,dns_rust::message::question::question_test::set_and_get_qtype_test
FNDA:1,dns_rust::message::question::question_test::constructor_test::{closure#0}
FNDA:1,<dns_rust::message::question::Question>::set_qname
FNDA:1,dns_rust::message::question::question_test::to_bytes_test::{closure#0}
FNDA:1,dns_rust::message::question::question_test::set_and_get_qtype_test::{closure#0}
FNDA:1,<dns_rust::message::question::Question>::get_first_qtype_byte
FNDA:1,<dns_rust::message::question::Question>::new
FNDA:1,<dns_rust::message::question::Question as core::clone::Clone>::clone
FNDA:1,<dns_rust::message::question::Question>::get_second_qclass_byte
FNDA:1,dns_rust::message::question::question_test::set_and_get_qclass_test
FNDA:1,dns_rust::message::question::question_test::set_and_get_qclass_test::{closure#0}
FNDA:1,dns_rust::message::question::question_test::set_and_get_qname_test::{closure#0}
FNDA:1,<dns_rust::message::question::Question>::set_qname
FNDA:1,<dns_rust::message::question::Question>::get_qclass
FNDA:1,<dns_rust::message::question::Question>::get_second_qtype_byte
FNDA:1,<dns_rust::message::question::Question>::get_qtype
FNDA:1,<dns_rust::message::question::Question>::from_bytes
FNDA:1,dns_rust::message::question::question_test::from_bytes_test::{closure#0}
FNDA:1,<dns_rust::message::question::Question>::get_qtype
FNDA:1,<dns_rust::message::question::Question>::get_qname
FNDA:1,<dns_rust::message::question::Question>::to_bytes
FNDA:1,<dns_rust::message::question::Question>::new
FNDA:1,<dns_rust::message::question::Question>::set_qclass
FNDA:1,<dns_rust::message::question::Question>::set_qtype
FNDA:1,dns_rust::message::question::question_test::to_bytes_test
FNDA:1,<dns_rust::message::question::Question as core::clone::Clone>::clone
FNDA:1,<dns_rust::message::question::Question>::get_second_qtype_byte
FNDA:1,dns_rust::message::question::question_test::from_bytes_test
FNDA:1,<dns_rust::message::question::Question>::get_qclass
FNF:42
FNH:40
BRF:0
BRH:0
DA:3,5228
DA:39,4018
DA:40,4018
DA:41,4018
DA:42,4018
DA:43,4018
DA:44,4018
DA:45,4018
DA:46,4018
DA:49,568
DA:50,568
DA:51,568
DA:52,568
DA:53,568
DA:54,568
DA:55,568
DA:56,568
DA:57,0
DA:58,0
DA:62,568
DA:63,568
DA:64,568
DA:65,0
DA:66,568
DA:67,568
DA:68,568
DA:69,568
DA:70,568
DA:71,568
DA:72,568
DA:73,568
DA:74,568
DA:75,568
DA:76,568
DA:77,568
DA:80,692
DA:81,692
DA:82,692
DA:83,692
DA:84,692
DA:85,692
DA:88,692
DA:89,692
DA:90,692
DA:91,692
DA:92,692
DA:93,692
DA:96,692
DA:97,692
DA:98,692
DA:99,692
DA:100,692
DA:101,692
DA:104,692
DA:105,692
DA:106,692
DA:107,692
DA:108,692
DA:109,692
DA:112,696
DA:113,696
DA:114,696
DA:115,696
DA:116,696
DA:117,696
DA:118,0
DA:120,696
DA:121,11924
DA:122,11924
DA:123,11924
DA:125,696
DA:126,696
DA:127,696
DA:128,696
DA:129,696
DA:130,696
DA:132,696
DA:137,1972
DA:138,1972
DA:139,1972
DA:141,1964
DA:142,1964
DA:143,1964
DA:145,1992
DA:146,1992
DA:147,1992
DA:152,1724
DA:153,1724
DA:154,1724
DA:156,1620
DA:157,1620
DA:158,1620
DA:160,1664
DA:161,1664
DA:162,1664
DA:170,24
DA:171,24
DA:172,24
DA:173,24
DA:174,24
DA:175,24
DA:176,24
DA:177,24
DA:179,24
DA:180,24
DA:181,24
DA:182,24
DA:183,24
DA:185,24
DA:186,24
DA:187,24
DA:188,24
DA:189,24
DA:190,24
DA:191,24
DA:193,24
DA:194,24
DA:195,24
DA:196,24
DA:197,24
DA:199,24
DA:200,24
DA:201,24
DA:202,24
DA:203,24
DA:205,24
DA:206,24
DA:207,24
DA:208,24
DA:209,24
DA:211,24
DA:212,24
DA:213,24
DA:214,24
DA:215,24
DA:217,24
DA:218,24
DA:219,24
DA:220,24
DA:221,24
DA:222,24
DA:223,24
DA:224,24
DA:225,24
DA:226,24
DA:227,24
DA:228,24
DA:229,24
DA:231,336
DA:232,336
DA:234,24
DA:236,24
DA:237,24
DA:238,24
DA:239,24
DA:240,24
DA:241,24
DA:242,24
DA:243,24
DA:244,24
DA:245,24
LF:161
LH:157
end_of_record
SF:src/domain_name.rs
FN:193,<dns_rust::domain_name::DomainName>::get_name
FN:36,<dns_rust::domain_name::DomainName>::from_bytes_no_offset
FN:227,dns_rust::domain_name::domain_name_test::to_bytes_test::{closure#0}
FN:7,<dns_rust::domain_name::DomainName as core::default::Default>::default
FN:7,<dns_rust::domain_name::DomainName as core::default::Default>::default
FN:209,dns_rust::domain_name::domain_name_test::constructor_test::{closure#0}
FN:27,<dns_rust::domain_name::DomainName>::new
FN:199,<dns_rust::domain_name::DomainName as core::fmt::Display>::fmt
FN:7,<dns_rust::domain_name::DomainName as core::fmt::Debug>::fmt
FN:7,<dns_rust::domain_name::DomainName as core::clone::Clone>::clone
FN:216,dns_rust::domain_name::domain_name_test::set_and_get_name_test::{closure#0}
FN:254,dns_rust::domain_name::domain_name_test::from_bytes_no_offset_test::{closure#0}
FN:255,dns_rust::domain_name::domain_name_test::from_bytes_no_offset_test
FN:7,<dns_rust::domain_name::DomainName as core::clone::Clone>::clone
FN:144,<dns_rust::domain_name::DomainName>::to_bytes
FN:7,<dns_rust::domain_name::DomainName as core::cmp::PartialEq>::eq
FN:54,<dns_rust::domain_name::DomainName>::from_bytes
FN:243,dns_rust::domain_name::domain_name_test::from_bytes_test
FN:27,<dns_rust::domain_name::DomainName>::new
FN:281,dns_rust::domain_name::domain_name_test::fmt_test::{closure#0}
FN:185,<dns_rust::domain_name::DomainName>::set_name
FN:217,dns_rust::domain_name::domain_name_test::set_and_get_name_test
FN:242,dns_rust::domain_name::domain_name_test::from_bytes_test::{closure#0}
FN:7,<dns_rust::domain_name::DomainName as core::cmp::PartialEq>::eq
FN:267,dns_rust::domain_name::domain_name_test::from_master_file_test
FN:193,<dns_rust::domain_name::DomainName>::get_name
FN:266,dns_rust::domain_name::domain_name_test::from_master_file_test::{closure#0}
FN:162,<dns_rust::domain_name::DomainName>::from_master_file
FN:228,dns_rust::domain_name::domain_name_test::to_bytes_test
FN:162,<dns_rust::domain_name::DomainName>::from_master_file
FN:185,<dns_rust::domain_name::DomainName>::set_name
FN:282,dns_rust::domain_name::domain_name_test::fmt_test
FN:54,<dns_rust::domain_name::DomainName>::from_bytes
FN:36,<dns_rust::domain_name::DomainName>::from_bytes_no_offset
FN:7,<dns_rust::domain_name::DomainName as core::fmt::Debug>::fmt
FN:210,dns_rust::domain_name::domain_name_test::constructor_test
FN:144,<dns_rust::domain_name::DomainName>::to_bytes
FN:199,<dns_rust::domain_name::DomainName as core::fmt::Display>::fmt
FNDA:1,<dns_rust::domain_name::DomainName>::get_name
FNDA:1,<dns_rust::domain_name::DomainName>::from_bytes_no_offset
FNDA:1,dns_rust::domain_name::domain_name_test::to_bytes_test::{closure#0}
FNDA:0,<dns_rust::domain_name::DomainName as core::default::Default>::default
FNDA:0,<dns_rust::domain_name::DomainName as core::default::Default>::default
FNDA:1,dns_rust::domain_name::domain_name_test::constructor_test::{closure#0}
FNDA:1,<dns_rust::domain_name::DomainName>::new
FNDA:0,<dns_rust::domain_name::DomainName as core::fmt::Display>::fmt
FNDA:0,<dns_rust::domain_name::DomainName as core::fmt::Debug>::fmt
FNDA:1,<dns_rust::domain_name::DomainName as core::clone::Clone>::clone
FNDA:1,dns_rust::domain_name::domain_name_test::set_and_get_name_test::{closure#0}
FNDA:1,dns_rust::domain_name::domain_name_test::from_bytes_no_offset_test::{closure#0}
FNDA:1,dns_rust::domain_name::domain_name_test::from_bytes_no_offset_test
FNDA:1,<dns_rust::domain_name::DomainName as core::clone::Clone>::clone
FNDA:1,<dns_rust::domain_name::DomainName>::to_bytes
FNDA:1,<dns_rust::domain_name::DomainName as core::cmp::PartialEq>::eq
FNDA:1,<dns_rust::domain_name::DomainName>::from_bytes
FNDA:1,dns_rust::domain_name::domain_name_test::from_bytes_test
FNDA:1,<dns_rust::domain_name::DomainName>::new
FNDA:1,dns_rust::domain_name::domain_name_test::fmt_test::{closure#0}
FNDA:1,<dns_rust::domain_name::DomainName>::set_name
FNDA:1,dns_rust::domain_name::domain_name_test::set_and_get_name_test
FNDA:1,dns_rust::domain_name::domain_name_test::from_bytes_test::{closure#0}
FNDA:0,<dns_rust::domain_name::DomainName as core::cmp::PartialEq>::eq
FNDA:1,dns_rust::domain_name::domain_name_test::from_master_file_test
FNDA:1,<dns_rust::domain_name::DomainName>::get_name
FNDA:1,dns_rust::domain_name::domain_name_test::from_master_file_test::{closure#0}
FNDA:1,<dns_rust::domain_name::DomainName>::from_master_file
FNDA:1,dns_rust::domain_name::domain_name_test::to_bytes_test
FNDA:0,<dns_rust::domain_name::DomainName>::from_master_file
FNDA:1,<dns_rust::domain_name::DomainName>::set_name
FNDA:1,dns_rust::domain_name::domain_name_test::fmt_test
FNDA:1,<dns_rust::domain_name::DomainName>::from_bytes
FNDA:1,<dns_rust::domain_name::DomainName>::from_bytes_no_offset
FNDA:0,<dns_rust::domain_name::DomainName as core::fmt::Debug>::fmt
FNDA:1,dns_rust::domain_name::domain_name_test::constructor_test
FNDA:1,<dns_rust::domain_name::DomainName>::to_bytes
FNDA:1,<dns_rust::domain_name::DomainName as core::fmt::Display>::fmt
FNF:38
FNH:31
BRF:0
BRH:0
DA:7,3536138
DA:27,49658
DA:28,49658
DA:29,49658
DA:30,49658
DA:31,49658
DA:32,49658
DA:36,27244
DA:37,27244
DA:39,193486
DA:40,166302
DA:41,19888
DA:42,146356
DA:43,24
DA:44,146354
DA:45,146354
DA:46,146354
DA:49,27208
DA:50,27208
DA:51,27208
DA:52,27208
DA:54,25444
DA:55,25444
DA:56,25444
DA:57,25444
DA:58,25444
DA:59,25444
DA:60,25444
DA:62,52676
DA:63,42312
DA:64,42312
DA:65,42312
DA:66,42312
DA:67,15108
DA:68,0
DA:69,15108
DA:70,15108
DA:71,15108
DA:72,15108
DA:73,15108
DA:74,15108
DA:75,15108
DA:76,15108
DA:77,15108
DA:78,15108
DA:79,15104
DA:80,0
DA:81,0
DA:85,15104
DA:86,15104
DA:87,15104
DA:88,15104
DA:89,15104
DA:90,15104
DA:91,15104
DA:92,15104
DA:93,15104
DA:95,27204
DA:96,0
DA:97,27204
DA:98,27204
DA:99,27204
DA:100,27204
DA:101,27204
DA:102,27204
DA:103,27204
DA:104,27204
DA:105,27204
DA:106,0
DA:107,27232
DA:108,27232
DA:109,27232
DA:110,27232
DA:111,27232
DA:112,27232
DA:113,27232
DA:114,27232
DA:118,25468
DA:119,10364
DA:120,15392
DA:123,25468
DA:124,25468
DA:125,25468
DA:126,25468
DA:127,25468
DA:128,25468
DA:129,25468
DA:130,25468
DA:131,25468
DA:132,25468
DA:133,0
DA:134,25444
DA:135,25444
DA:136,25444
DA:137,25444
DA:138,25444
DA:139,25444
DA:140,25444
DA:141,25444
DA:144,1580
DA:145,1580
DA:146,1580
DA:148,3172
DA:149,3172
DA:150,3172
DA:152,12236
DA:153,12236
DA:154,12236
DA:157,1576
DA:158,1576
DA:159,1576
DA:160,1576
DA:162,2664
DA:163,2664
DA:164,2664
DA:165,2664
DA:166,2664
DA:168,1752
DA:171,912
DA:172,912
DA:173,912
DA:174,912
DA:175,912
DA:176,912
DA:177,912
DA:179,2664
DA:185,31706
DA:186,31706
DA:187,31706
DA:193,76032
DA:194,76032
DA:195,76032
DA:199,24
DA:200,24
DA:201,24
DA:202,24
DA:209,24
DA:210,24
DA:211,24
DA:212,24
DA:213,24
DA:214,24
DA:216,24
DA:217,24
DA:218,24
DA:219,24
DA:220,24
DA:222,24
DA:223,24
DA:224,24
DA:225,24
DA:227,24
DA:228,24
DA:229,24
DA:230,24
DA:231,24
DA:232,24
DA:233,24
DA:234,24
DA:235,24
DA:237,384
DA:238,384
DA:240,24
DA:242,24
DA:243,24
DA:244,24
DA:245,24
DA:246,24
DA:247,24
DA:248,24
DA:249,24
DA:250,24
DA:251,24
DA:252,24
DA:254,24
DA:255,24
DA:256,24
DA:257,24
DA:258,24
DA:259,24
DA:260,24
DA:261,24
DA:262,24
DA:263,24
DA:264,24
DA:266,24
DA:267,24
DA:268,24
DA:269,24
DA:270,24
DA:271,24
DA:272,24
DA:274,24
DA:275,24
DA:276,24
DA:277,24
DA:278,24
DA:279,24
DA:281,24
DA:282,24
DA:283,24
DA:284,24
DA:285,24
DA:286,24
DA:287,24
DA:288,24
DA:289,24
LF:207
LH:201
end_of_record
SF:src/resolver/resolver_query.rs
FN:1818,<dns_rust::resolver::resolver_query::ResolverQuery>::get_ns_data
FN:3163,dns_rust::resolver::resolver_query::resolver_query_tests::initialize_slist_udp::{closure#0}
FN:1898,<dns_rust::resolver::resolver_query::ResolverQuery>::get_last_query_timestamp
FN:1793,<dns_rust::resolver::resolver_query::ResolverQuery>::get_op_code
FN:2995,dns_rust::resolver::resolver_query::resolver_query_tests::set_and_get_tx_update_self_slist::{closure#0}
FN:2044,<dns_rust::resolver::resolver_query::ResolverQuery>::set_query_id_update_slist
FN:701,<dns_rust::resolver::resolver_query::ResolverQuery>::send_udp_query
FN:3057,dns_rust::resolver::resolver_query::resolver_query_tests::set_and_get_timeout
FN:4391,dns_rust::resolver::resolver_query::resolver_query_tests::send_udp_query
FN:1709,<dns_rust::resolver::resolver_query::ResolverQuery>::exist_cache_data
FN:1974,<dns_rust::resolver::resolver_query::ResolverQuery>::set_op_code
FN:4182,dns_rust::resolver::resolver_query::resolver_query_tests::exist_cache_data::{closure#0}
FN:1803,<dns_rust::resolver::resolver_query::ResolverQuery>::get_slist
FN:3474,dns_rust::resolver::resolver_query::resolver_query_tests::get_add_channel_udp::{closure#0}
FN:1808,<dns_rust::resolver::resolver_query::ResolverQuery>::get_sbelt
FN:1938,<dns_rust::resolver::resolver_query::ResolverQuery>::get_query_id_update_slist
FN:4242,dns_rust::resolver::resolver_query::resolver_query_tests::initialize
FN:3585,dns_rust::resolver::resolver_query::resolver_query_tests::get_add_channel_ns_udp
FN:2263,dns_rust::resolver::resolver_query::resolver_query_tests::set_and_get_sclass
FN:4697,dns_rust::resolver::resolver_query::resolver_query_tests::step_3_tcp_empty_ips
FN:1999,<dns_rust::resolver::resolver_query::ResolverQuery>::set_ns_data
FN:1923,<dns_rust::resolver::resolver_query::ResolverQuery>::get_update_cache_ns_udp
FN:309,<dns_rust::resolver::resolver_query::ResolverQuery>::initialize_slist_tcp
FN:3321,dns_rust::resolver::resolver_query::resolver_query_tests::initialize_slist_tcp
FN:2602,dns_rust::resolver::resolver_query::resolver_query_tests::set_and_get_main_query_id::{closure#0}
FN:3165,dns_rust::resolver::resolver_query::resolver_query_tests::initialize_slist_udp
FN:1451,<dns_rust::resolver::resolver_query::ResolverQuery>::step_4b_tcp
FN:1073,<dns_rust::resolver::resolver_query::ResolverQuery>::send_internal_queries_for_slist_udp
FN:4485,dns_rust::resolver::resolver_query::resolver_query_tests::step_2_tcp
FN:941,<dns_rust::resolver::resolver_query::ResolverQuery>::step_4c_udp
FN:1863,<dns_rust::resolver::resolver_query::ResolverQuery>::get_add_channel_ns_tcp
FN:1893,<dns_rust::resolver::resolver_query::ResolverQuery>::get_index_to_choose
FN:2009,<dns_rust::resolver::resolver_query::ResolverQuery>::set_old_id
FN:2843,dns_rust::resolver::resolver_query::resolver_query_tests::set_and_get_last_query_hostname
FN:3748,dns_rust::resolver::resolver_query::resolver_query_tests::get_delete_channel_tcp::{closure#0}
FN:2649,dns_rust::resolver::resolver_query::resolver_query_tests::set_and_get_old_id
FN:2789,dns_rust::resolver::resolver_query::resolver_query_tests::set_and_get_last_query_timestamp::{closure#0}
FN:623,<dns_rust::resolver::resolver_query::ResolverQuery>::step_2_tcp
FN:1969,<dns_rust::resolver::resolver_query::ResolverQuery>::set_sclass
FN:2173,dns_rust::resolver::resolver_query::resolver_query_tests::set_and_get_sname
FN:3914,dns_rust::resolver::resolver_query::resolver_query_tests::get_update_cache_udp
FN:2494,dns_rust::resolver::resolver_query::resolver_query_tests::set_and_get_cache
FN:4551,dns_rust::resolver::resolver_query::resolver_query_tests::step_2_tcp_empty::{closure#0}
FN:1808,<dns_rust::resolver::resolver_query::ResolverQuery>::get_sbelt
FN:1959,<dns_rust::resolver::resolver_query::ResolverQuery>::set_sname
FN:1788,<dns_rust::resolver::resolver_query::ResolverQuery>::get_sclass
FN:1532,<dns_rust::resolver::resolver_query::ResolverQuery>::step_4d_tcp
FN:1773,<dns_rust::resolver::resolver_query::ResolverQuery>::get_timestamp
FN:1564,<dns_rust::resolver::resolver_query::ResolverQuery>::send_internal_queries_for_slist_tcp
FN:2739,dns_rust::resolver::resolver_query::resolver_query_tests::set_and_get_queries_before_temporary_error
FN:3529,dns_rust::resolver::resolver_query::resolver_query_tests::get_add_channel_tcp::{closure#0}
FN:1783,<dns_rust::resolver::resolver_query::ResolverQuery>::get_stype
FN:1532,<dns_rust::resolver::resolver_query::ResolverQuery>::step_4d_tcp
FN:2004,<dns_rust::resolver::resolver_query::ResolverQuery>::set_main_query_id
FN:1709,<dns_rust::resolver::resolver_query::ResolverQuery>::exist_cache_data
FN:309,<dns_rust::resolver::resolver_query::ResolverQuery>::initialize_slist_tcp
FN:109,<dns_rust::resolver::resolver_query::ResolverQuery>::new
FN:1959,<dns_rust::resolver::resolver_query::ResolverQuery>::set_sname
FN:1913,<dns_rust::resolver::resolver_query::ResolverQuery>::get_update_cache_udp
FN:728,<dns_rust::resolver::resolver_query::ResolverQuery>::step_3_udp
FN:1994,<dns_rust::resolver::resolver_query::ResolverQuery>::set_cache
FN:202,<dns_rust::resolver::resolver_query::ResolverQuery>::initialize_slist_udp
FN:2029,<dns_rust::resolver::resolver_query::ResolverQuery>::set_last_query_timestamp
FN:1903,<dns_rust::resolver::resolver_query::ResolverQuery>::get_timeout
FN:27,<dns_rust::resolver::resolver_query::ResolverQuery as core::clone::Clone>::clone
FN:1741,<dns_rust::resolver::resolver_query::ResolverQuery>::compare_match_count
FN:2124,dns_rust::resolver::resolver_query::resolver_query_tests::set_and_get_timestamp::{closure#0}
FN:1863,<dns_rust::resolver::resolver_query::ResolverQuery>::get_add_channel_ns_tcp
FN:2049,<dns_rust::resolver::resolver_query::ResolverQuery>::set_internal_query
FN:27,<dns_rust::resolver::resolver_query::ResolverQuery as core::clone::Clone>::clone
FN:1923,<dns_rust::resolver::resolver_query::ResolverQuery>::get_update_cache_ns_udp
FN:2034,<dns_rust::resolver::resolver_query::ResolverQuery>::set_timeout
FN:2039,<dns_rust::resolver::resolver_query::ResolverQuery>::set_last_query_hostname
FN:2306,dns_rust::resolver::resolver_query::resolver_query_tests::set_and_get_op_code::{closure#0}
FN:1167,<dns_rust::resolver::resolver_query::ResolverQuery>::send_tcp_query
FN:2694,dns_rust::resolver::resolver_query::resolver_query_tests::set_and_get_src_address
FN:3913,dns_rust::resolver::resolver_query::resolver_query_tests::get_update_cache_udp::{closure#0}
FN:409,<dns_rust::resolver::resolver_query::ResolverQuery>::look_for_local_info
FN:177,<dns_rust::resolver::resolver_query::ResolverQuery>::initialize
FN:4651,dns_rust::resolver::resolver_query::resolver_query_tests::step_3_tcp_should_panic
FN:2024,<dns_rust::resolver::resolver_query::ResolverQuery>::set_index_to_choose
FN:2034,<dns_rust::resolver::resolver_query::ResolverQuery>::set_timeout
FN:1873,<dns_rust::resolver::resolver_query::ResolverQuery>::get_delete_channel_ns_tcp
FN:1803,<dns_rust::resolver::resolver_query::ResolverQuery>::get_slist
FN:2039,<dns_rust::resolver::resolver_query::ResolverQuery>::set_last_query_hostname
FN:3639,dns_rust::resolver::resolver_query::resolver_query_tests::get_add_channel_ns_tcp::{closure#0}
FN:1571,<dns_rust::resolver::resolver_query::ResolverQuery>::send_internal_queries_for_slist_tcp::{closure#0}
FN:1989,<dns_rust::resolver::resolver_query::ResolverQuery>::set_sbelt
FN:2308,dns_rust::resolver::resolver_query::resolver_query_tests::set_and_get_op_code
FN:1878,<dns_rust::resolver::resolver_query::ResolverQuery>::get_queries_before_temporary_error
FN:4483,dns_rust::resolver::resolver_query::resolver_query_tests::step_2_tcp::{closure#0}
FN:2549,dns_rust::resolver::resolver_query::resolver_query_tests::set_and_get_ns_data
FN:2054,<dns_rust::resolver::resolver_query::ResolverQuery>::set_tx_update_self_slist
[...]
FNDA:1,<dns_rust::message::rdata::Rdata as dns_rust::message::resource_record::ToBytes>::to_bytes
FNDA:0,<dns_rust::message::rdata::Rdata as core::cmp::PartialEq>::eq
FNF:10
FNH:6
BRF:0
BRH:0
DA:22,2655266
DA:39,292
DA:40,292
DA:41,12
DA:42,0
DA:43,0
DA:44,40
DA:45,0
DA:46,192
DA:47,48
DA:48,0
DA:49,0
DA:51,292
DA:56,6992
DA:57,6992
DA:58,6992
DA:60,6992
DA:62,2200
DA:63,0
DA:64,0
DA:65,0
DA:66,0
DA:67,0
DA:68,0
DA:72,0
DA:74,2200
DA:75,2200
DA:76,2200
DA:77,2196
DA:78,0
DA:79,0
DA:83,2196
DA:87,2632
DA:88,2632
DA:89,2632
DA:90,2636
DA:91,0
DA:92,0
DA:96,2636
DA:99,0
DA:100,0
DA:101,0
DA:102,0
DA:103,0
DA:104,0
DA:108,0
DA:111,0
DA:112,0
DA:113,0
DA:114,0
DA:115,0
DA:116,0
DA:120,0
DA:123,0
DA:124,0
DA:125,0
DA:126,0
DA:127,0
DA:128,0
DA:132,0
DA:135,0
DA:136,0
DA:137,0
DA:138,0
DA:139,0
DA:140,0
DA:144,0
DA:147,0
DA:148,0
DA:149,0
DA:150,0
DA:151,0
DA:152,0
DA:156,0
DA:159,48
DA:160,48
DA:161,48
DA:162,48
DA:163,0
DA:164,0
DA:168,48
DA:172,2112
DA:173,2112
DA:174,2112
DA:177,0
DA:180,6992
DA:181,6992
LF:87
LH:33
end_of_record
SF:src/message/rdata/a_ch_rdata.rs
FN:175,dns_rust::message::rdata::a_ch_rdata::a_ch_rdata_test::to_bytes_test::{closure#0}
FN:145,<dns_rust::message::rdata::a_ch_rdata::AChRdata>::set_ch_address
FN:18,<dns_rust::message::rdata::a_ch_rdata::AChRdata as dns_rust::message::resource_record::ToBytes>::to_bytes
FN:176,dns_rust::message::rdata::a_ch_rdata::a_ch_rdata_test::to_bytes_test
FN:7,<dns_rust::message::rdata::a_ch_rdata::AChRdata as core::fmt::Debug>::fmt
FN:42,<dns_rust::message::rdata::a_ch_rdata::AChRdata as dns_rust::message::resource_record::FromBytes<core::result::Result<dns_rust::message::rdata::a_ch_rdata::AChRdata, &str>>>::from_bytes
FN:164,dns_rust::message::rdata::a_ch_rdata::a_ch_rdata_test::set_and_get_ch_address_test::{closure#0}
FN:158,dns_rust::message::rdata::a_ch_rdata::a_ch_rdata_test::constructor_test
FN:134,<dns_rust::message::rdata::a_ch_rdata::AChRdata>::get_ch_address
FN:201,dns_rust::message::rdata::a_ch_rdata::a_ch_rdata_test::set_and_get_domain_name_test
FN:7,<dns_rust::message::rdata::a_ch_rdata::AChRdata as core::cmp::PartialEq>::eq
FN:7,<dns_rust::message::rdata::a_ch_rdata::AChRdata as core::clone::Clone>::clone
FN:7,<dns_rust::message::rdata::a_ch_rdata::AChRdata as core::fmt::Debug>::fmt
FN:145,<dns_rust::message::rdata::a_ch_rdata::AChRdata>::set_ch_address
FN:84,<dns_rust::message::rdata::a_ch_rdata::AChRdata>::new
FN:141,<dns_rust::message::rdata::a_ch_rdata::AChRdata>::set_domain_name
FN:190,dns_rust::message::rdata::a_ch_rdata::a_ch_rdata_test::from_bytes_test
FN:7,<dns_rust::message::rdata::a_ch_rdata::AChRdata as core::cmp::PartialEq>::eq
FN:18,<dns_rust::message::rdata::a_ch_rdata::AChRdata as dns_rust::message::resource_record::ToBytes>::to_bytes
FN:165,dns_rust::message::rdata::a_ch_rdata::a_ch_rdata_test::set_and_get_ch_address_test
FN:7,<dns_rust::message::rdata::a_ch_rdata::AChRdata as core::clone::Clone>::clone
FN:189,dns_rust::message::rdata::a_ch_rdata::a_ch_rdata_test::from_bytes_test::{closure#0}
FN:93,<dns_rust::message::rdata::a_ch_rdata::AChRdata>::rr_from_master_file
FN:93,<dns_rust::message::rdata::a_ch_rdata::AChRdata>::rr_from_master_file
FN:42,<dns_rust::message::rdata::a_ch_rdata::AChRdata as dns_rust::message::resource_record::FromBytes<core::result::Result<dns_rust::message::rdata::a_ch_rdata::AChRdata, &str>>>::from_bytes
FN:200,dns_rust::message::rdata::a_ch_rdata::a_ch_rdata_test::set_and_get_domain_name_test::{closure#0}
FN:134,<dns_rust::message::rdata::a_ch_rdata::AChRdata>::get_ch_address
FN:141,<dns_rust::message::rdata::a_ch_rdata::AChRdata>::set_domain_name
FN:130,<dns_rust::message::rdata::a_ch_rdata::AChRdata>::get_domain_name
FN:84,<dns_rust::message::rdata::a_ch_rdata::AChRdata>::new
FN:157,dns_rust::message::rdata::a_ch_rdata::a_ch_rdata_test::constructor_test::{closure#0}
FN:130,<dns_rust::message::rdata::a_ch_rdata::AChRdata>::get_domain_name
FNDA:1,dns_rust::message::rdata::a_ch_rdata::a_ch_rdata_test::to_bytes_test::{closure#0}
FNDA:0,<dns_rust::message::rdata::a_ch_rdata::AChRdata>::set_ch_address
FNDA:0,<dns_rust::message::rdata::a_ch_rdata::AChRdata as dns_rust::message::resource_record::ToBytes>::to_bytes
FNDA:1,dns_rust::message::rdata::a_ch_rdata::a_ch_rdata_test::to_bytes_test
FNDA:0,<dns_rust::message::rdata::a_ch_rdata::AChRdata as core::fmt::Debug>::fmt
FNDA:0,<dns_rust::message::rdata::a_ch_rdata::AChRdata as dns_rust::message::resource_record::FromBytes<core::result::Result<dns_rust::message::rdata::a_ch_rdata::AChRdata, &str>>>::from_bytes
FNDA:1,dns_rust::message::rdata::a_ch_rdata::a_ch_rdata_test::set_and_get_ch_address_test::{closure#0}
FNDA:1,dns_rust::message::rdata::a_ch_rdata::a_ch_rdata_test::constructor_test
FNDA:0,<dns_rust::message::rdata::a_ch_rdata::AChRdata>::get_ch_address
FNDA:1,dns_rust::message::rdata::a_ch_rdata::a_ch_rdata_test::set_and_get_domain_name_test
FNDA:0,<dns_rust::message::rdata::a_ch_rdata::AChRdata as core::cmp::PartialEq>::eq
FNDA:1,<dns_rust::message::rdata::a_ch_rdata::AChRdata as core::clone::Clone>::clone
FNDA:0,<dns_rust::message::rdata::a_ch_rdata::AChRdata as core::fmt::Debug>::fmt
FNDA:1,<dns_rust::message::rdata::a_ch_rdata::AChRdata>::set_ch_address
FNDA:0,<dns_rust::message::rdata::a_ch_rdata::AChRdata>::new
FNDA:0,<dns_rust::message::rdata::a_ch_rdata::AChRdata>::set_domain_name
FNDA:1,dns_rust::message::rdata::a_ch_rdata::a_ch_rdata_test::from_bytes_test
FNDA:0,<dns_rust::message::rdata::a_ch_rdata::AChRdata as core::cmp::PartialEq>::eq
FNDA:0,<dns_rust::message::rdata::a_ch_rdata::AChRdata as dns_rust::message::resource_record::ToBytes>::to_bytes
FNDA:1,dns_rust::message::rdata::a_ch_rdata::a_ch_rdata_test::set_and_get_ch_address_test
FNDA:0,<dns_rust::message::rdata::a_ch_rdata::AChRdata as core::clone::Clone>::clone
FNDA:1,dns_rust::message::rdata::a_ch_rdata::a_ch_rdata_test::from_bytes_test::{closure#0}
FNDA:0,<dns_rust::message::rdata::a_ch_rdata::AChRdata>::rr_from_master_file
FNDA:0,<dns_rust::message::rdata::a_ch_rdata::AChRdata>::rr_from_master_file
FNDA:0,<dns_rust::message::rdata::a_ch_rdata::AChRdata as dns_rust::message::resource_record::FromBytes<core::result::Result<dns_rust::message::rdata::a_ch_rdata::AChRdata, &str>>>::from_bytes
FNDA:1,dns_rust::message::rdata::a_ch_rdata::a_ch_rdata_test::set_and_get_domain_name_test::{closure#0}
FNDA:1,<dns_rust::message::rdata::a_ch_rdata::AChRdata>::get_ch_address
FNDA:1,<dns_rust::message::rdata::a_ch_rdata::AChRdata>::set_domain_name
FNDA:1,<dns_rust::message::rdata::a_ch_rdata::AChRdata>::get_domain_name
FNDA:1,<dns_rust::message::rdata::a_ch_rdata::AChRdata>::new
FNDA:1,dns_rust::message::rdata::a_ch_rdata::a_ch_rdata_test::constructor_test::{closure#0}
FNDA:0,<dns_rust::message::rdata::a_ch_rdata::AChRdata>::get_domain_name
FNF:32
FNH:16
BRF:0
BRH:0
DA:7,48
DA:18,0
DA:19,0
DA:20,0
DA:21,0
DA:22,0
DA:24,0
DA:25,0
DA:26,0
DA:30,0
DA:31,0
DA:32,0
DA:33,0
DA:34,0
DA:35,0
DA:36,0
DA:37,0
DA:42,0
DA:43,0
DA:44,0
DA:45,0
DA:46,0
DA:47,0
DA:48,0
DA:49,0
DA:50,0
DA:51,0
DA:52,0
DA:53,0
DA:54,0
DA:55,0
DA:59,0
DA:60,0
DA:61,0
DA:62,0
DA:63,0
DA:64,0
DA:65,0
DA:66,0
DA:67,0
DA:68,0
DA:69,0
DA:70,0
DA:71,0
DA:72,0
DA:73,0
DA:74,0
DA:75,0
DA:76,0
DA:77,0
DA:78,0
DA:79,0
DA:80,0
DA:84,96
DA:85,96
DA:86,96
DA:87,96
DA:88,96
DA:89,96
DA:90,96
DA:91,96
DA:93,0
DA:94,0
DA:95,0
DA:96,0
DA:97,0
DA:98,0
DA:99,0
DA:100,0
DA:101,0
DA:102,0
DA:103,0
DA:104,0
DA:105,0
DA:106,0
DA:107,0
DA:108,0
DA:109,0
DA:110,0
DA:111,0
DA:112,0
DA:113,0
DA:114,0
DA:115,0
DA:116,0
DA:117,0
DA:118,0
DA:119,0
DA:120,0
DA:121,0
DA:122,0
DA:123,0
DA:124,0
DA:125,0
DA:130,72
DA:131,72
DA:132,72
DA:134,72
DA:135,72
DA:136,72
DA:141,48
DA:142,48
DA:143,48
DA:145,48
DA:146,48
DA:147,48
DA:157,24
DA:158,24
DA:159,24
DA:160,24
DA:161,24
DA:162,24
DA:164,24
DA:165,24
DA:166,24
DA:167,24
DA:168,24
DA:170,24
DA:171,24
DA:172,24
DA:173,24
DA:175,24
DA:176,24
DA:177,24
DA:178,24
DA:179,24
DA:180,24
DA:181,24
DA:182,24
DA:183,24
DA:184,24
DA:185,24
DA:186,24
DA:187,24
DA:189,24
DA:190,24
DA:191,24
DA:192,24
DA:193,24
DA:194,24
DA:195,24
DA:196,24
DA:197,24
DA:198,24
DA:200,24
DA:201,24
DA:202,24
DA:203,24
DA:204,24
DA:205,24
DA:206,24
DA:207,24
DA:208,24
DA:210,24
DA:211,24
DA:212,24
DA:213,24
DA:214,24
DA:215,24
DA:216,24
DA:217,24
LF:161
LH:76
end_of_record
SF:src/message/rdata/mx_rdata.rs
FN:135,<dns_rust::message::rdata::mx_rdata::MxRdata>::get_preference
FN:140,<dns_rust::message::rdata::mx_rdata::MxRdata>::get_exchange
FN:6,<dns_rust::message::rdata::mx_rdata::MxRdata as core::fmt::Debug>::fmt
FN:183,dns_rust::message::rdata::mx_rdata::mx_rdata_test::set_and_get_exchange_test::{closure#0}
FN:165,dns_rust::message::rdata::mx_rdata::mx_rdata_test::constructor_test
FN:127,<dns_rust::message::rdata::mx_rdata::MxRdata>::get_second_preference_byte
FN:6,<dns_rust::message::rdata::mx_rdata::MxRdata as core::clone::Clone>::clone
FN:83,<dns_rust::message::rdata::mx_rdata::MxRdata>::new
FN:216,dns_rust::message::rdata::mx_rdata::mx_rdata_test::from_bytes_test
FN:184,dns_rust::message::rdata::mx_rdata::mx_rdata_test::set_and_get_exchange_test
FN:153,<dns_rust::message::rdata::mx_rdata::MxRdata>::set_exchange
FN:172,dns_rust::message::rdata::mx_rdata::mx_rdata_test::set_and_get_preference_test::{closure#0}
FN:6,<dns_rust::message::rdata::mx_rdata::MxRdata as core::fmt::Debug>::fmt
FN:23,<dns_rust::message::rdata::mx_rdata::MxRdata as dns_rust::message::resource_record::ToBytes>::to_bytes
FN:91,<dns_rust::message::rdata::mx_rdata::MxRdata>::rr_from_master_file
FN:122,<dns_rust::message::rdata::mx_rdata::MxRdata>::get_first_preference_byte
FN:135,<dns_rust::message::rdata::mx_rdata::MxRdata>::get_preference
FN:83,<dns_rust::message::rdata::mx_rdata::MxRdata>::new
FN:44,<dns_rust::message::rdata::mx_rdata::MxRdata as dns_rust::message::resource_record::FromBytes<core::result::Result<dns_rust::message::rdata::mx_rdata::MxRdata, &str>>>::from_bytes
FN:148,<dns_rust::message::rdata::mx_rdata::MxRdata>::set_preference
FN:197,dns_rust::message::rdata::mx_rdata::mx_rdata_test::to_bytes_test::{closure#0}
FN:6,<dns_rust::message::rdata::mx_rdata::MxRdata as core::clone::Clone>::clone
FN:198,dns_rust::message::rdata::mx_rdata::mx_rdata_test::to_bytes_test
FN:140,<dns_rust::message::rdata::mx_rdata::MxRdata>::get_exchange
FN:164,dns_rust::message::rdata::mx_rdata::mx_rdata_test::constructor_test::{closure#0}
FN:127,<dns_rust::message::rdata::mx_rdata::MxRdata>::get_second_preference_byte
FN:91,<dns_rust::message::rdata::mx_rdata::MxRdata>::rr_from_master_file
FN:148,<dns_rust::message::rdata::mx_rdata::MxRdata>::set_preference
FN:173,dns_rust::message::rdata::mx_rdata::mx_rdata_test::set_and_get_preference_test
FN:44,<dns_rust::message::rdata::mx_rdata::MxRdata as dns_rust::message::resource_record::FromBytes<core::result::Result<dns_rust::message::rdata::mx_rdata::MxRdata, &str>>>::from_bytes
FN:122,<dns_rust::message::rdata::mx_rdata::MxRdata>::get_first_preference_byte
FN:153,<dns_rust::message::rdata::mx_rdata::MxRdata>::set_exchange
FN:6,<dns_rust::message::rdata::mx_rdata::MxRdata as core::cmp::PartialEq>::eq
FN:6,<dns_rust::message::rdata::mx_rdata::MxRdata as core::cmp::PartialEq>::eq
FN:23,<dns_rust::message::rdata::mx_rdata::MxRdata as dns_rust::message::resource_record::ToBytes>::to_bytes
FN:215,dns_rust::message::rdata::mx_rdata::mx_rdata_test::from_bytes_test::{closure#0}
FNDA:0,<dns_rust::message::rdata::mx_rdata::MxRdata>::get_preference
FNDA:0,<dns_rust::message::rdata::mx_rdata::MxRdata>::get_exchange
FNDA:0,<dns_rust::message::rdata::mx_rdata::MxRdata as core::fmt::Debug>::fmt
FNDA:1,dns_rust::message::rdata::mx_rdata::mx_rdata_test::set_and_get_exchange_test::{closure#0}
FNDA:1,dns_rust::message::rdata::mx_rdata::mx_rdata_test::constructor_test
FNDA:0,<dns_rust::message::rdata::mx_rdata::MxRdata>::get_second_preference_byte
FNDA:0,<dns_rust::message::rdata::mx_rdata::MxRdata as core::clone::Clone>::clone
FNDA:0,<dns_rust::message::rdata::mx_rdata::MxRdata>::new
FNDA:1,dns_rust::message::rdata::mx_rdata::mx_rdata_test::from_bytes_test
FNDA:1,dns_rust::message::rdata::mx_rdata::mx_rdata_test::set_and_get_exchange_test
FNDA:0,<dns_rust::message::rdata::mx_rdata::MxRdata>::set_exchange
FNDA:1,dns_rust::message::rdata::mx_rdata::mx_rdata_test::set_and_get_preference_test::{closure#0}
FNDA:0,<dns_rust::message::rdata::mx_rdata::MxRdata as core::fmt::Debug>::fmt
FNDA:1,<dns_rust::message::rdata::mx_rdata::MxRdata as dns_rust::message::resource_record::ToBytes>::to_bytes
FNDA:1,<dns_rust::message::rdata::mx_rdata::MxRdata>::rr_from_master_file
FNDA:1,<dns_rust::message::rdata::mx_rdata::MxRdata>::get_first_preference_byte
FNDA:1,<dns_rust::message::rdata::mx_rdata::MxRdata>::get_preference
FNDA:1,<dns_rust::message::rdata::mx_rdata::MxRdata>::new
FNDA:1,<dns_rust::message::rdata::mx_rdata::MxRdata as dns_rust::message::resource_record::FromBytes<core::result::Result<dns_rust::message::rdata::mx_rdata::MxRdata, &str>>>::from_bytes
FNDA:0,<dns_rust::message::rdata::mx_rdata::MxRdata>::set_preference
FNDA:1,dns_rust::message::rdata::mx_rdata::mx_rdata_test::to_bytes_test::{closure#0}
FNDA:1,<dns_rust::message::rdata::mx_rdata::MxRdata as core::clone::Clone>::clone
FNDA:1,dns_rust::message::rdata::mx_rdata::mx_rdata_test::to_bytes_test
FNDA:1,<dns_rust::message::rdata::mx_rdata::MxRdata>::get_exchange
FNDA:1,dns_rust::message::rdata::mx_rdata::mx_rdata_test::constructor_test::{closure#0}
FNDA:1,<dns_rust::message::rdata::mx_rdata::MxRdata>::get_second_preference_byte
FNDA:0,<dns_rust::message::rdata::mx_rdata::MxRdata>::rr_from_master_file
FNDA:1,<dns_rust::message::rdata::mx_rdata::MxRdata>::set_preference
FNDA:1,dns_rust::message::rdata::mx_rdata::mx_rdata_test::set_and_get_preference_test
FNDA:0,<dns_rust::message::rdata::mx_rdata::MxRdata as dns_rust::message::resource_record::FromBytes<core::result::Result<dns_rust::message::rdata::mx_rdata::MxRdata, &str>>>::from_bytes
FNDA:0,<dns_rust::message::rdata::mx_rdata::MxRdata>::get_first_preference_byte
FNDA:1,<dns_rust::message::rdata::mx_rdata::MxRdata>::set_exchange
FNDA:0,<dns_rust::message::rdata::mx_rdata::MxRdata as core::cmp::PartialEq>::eq
FNDA:0,<dns_rust::message::rdata::mx_rdata::MxRdata as core::cmp::PartialEq>::eq
FNDA:0,<dns_rust::message::rdata::mx_rdata::MxRdata as dns_rust::message::resource_record::ToBytes>::to_bytes
FNDA:1,dns_rust::message::rdata::mx_rdata::mx_rdata_test::from_bytes_test::{closure#0}
FNF:36
FNH:21
BRF:0
BRH:0
DA:6,16562
DA:23,24
DA:24,24
DA:25,24
DA:26,24
DA:27,24
DA:28,24
DA:29,24
DA:30,24
DA:31,24
DA:32,24
DA:34,240
DA:35,240
DA:36,240
DA:38,24
DA:39,24
DA:44,24
DA:45,24
DA:46,24
DA:47,24
DA:48,0
DA:49,24
DA:50,24
DA:51,24
DA:52,24
DA:53,24
DA:54,24
DA:55,24
DA:56,24
DA:57,0
DA:58,0
DA:62,24
DA:63,24
DA:64,24
DA:65,24
DA:66,24
DA:67,24
DA:68,24
DA:69,24
DA:70,24
DA:83,600
DA:84,600
DA:85,600
DA:86,600
DA:87,600
DA:88,600
DA:89,600
DA:91,432
DA:92,432
DA:93,432
DA:94,432
DA:95,432
DA:96,432
DA:97,432
DA:98,432
DA:99,432
DA:100,432
DA:101,432
DA:102,432
DA:103,432
DA:104,432
DA:105,432
DA:106,432
DA:107,432
DA:108,432
DA:109,432
DA:110,432
DA:111,432
DA:112,432
DA:113,432
DA:114,432
DA:115,432
DA:116,432
DA:117,432
DA:118,432
DA:119,432
DA:122,24
DA:123,24
DA:124,24
DA:127,24
DA:128,24
DA:129,24
DA:135,168
DA:136,168
DA:137,168
DA:140,120
DA:141,120
DA:142,120
DA:148,528
DA:149,528
DA:150,528
DA:153,528
DA:154,528
DA:155,528
DA:164,24
DA:165,24
DA:166,24
DA:167,24
DA:168,24
DA:169,24
DA:170,24
DA:172,24
DA:173,24
DA:174,24
DA:175,24
DA:176,24
DA:178,24
DA:179,24
DA:180,24
DA:181,24
DA:183,24
DA:184,24
DA:185,24
DA:186,24
DA:187,24
DA:189,24
DA:190,24
DA:191,24
DA:192,24
DA:193,24
DA:194,24
DA:195,24
DA:197,24
DA:198,24
DA:199,24
DA:200,24
DA:201,24
DA:202,24
DA:203,24
DA:204,24
DA:205,24
DA:206,24
DA:207,24
DA:208,24
DA:210,288
DA:211,288
DA:213,24
DA:215,24
DA:216,24
DA:217,24
DA:218,24
DA:219,24
DA:220,24
DA:221,24
DA:222,24
DA:223,24
LF:146
LH:143
end_of_record
SF:src/rr_cache.rs
FN:68,<dns_rust::rr_cache::RRCache>::set_last_use
FN:58,<dns_rust::rr_cache::RRCache>::set_resource_record
FN:4,<dns_rust::rr_cache::RRCache as core::clone::Clone>::clone
FN:50,<dns_rust::rr_cache::RRCache>::get_last_use
FN:58,<dns_rust::rr_cache::RRCache>::set_resource_record
FN:82,dns_rust::rr_cache::rr_cache_test::constructor_test
FN:81,dns_rust::rr_cache::rr_cache_test::constructor_test::{closure#0}
FN:4,<dns_rust::rr_cache::RRCache as core::clone::Clone>::clone
FN:40,<dns_rust::rr_cache::RRCache>::get_resource_record
FN:45,<dns_rust::rr_cache::RRCache>::get_response_time
FN:147,dns_rust::rr_cache::rr_cache_test::set_and_get_last_use::{closure#0}
FN:98,dns_rust::rr_cache::rr_cache_test::set_and_get_resource_record::{closure#0}
FN:45,<dns_rust::rr_cache::RRCache>::get_response_time
FN:63,<dns_rust::rr_cache::RRCache>::set_response_time
FN:26,<dns_rust::rr_cache::RRCache>::new
FN:128,dns_rust::rr_cache::rr_cache_test::set_and_get_response_time
FN:40,<dns_rust::rr_cache::RRCache>::get_resource_record
FN:127,dns_rust::rr_cache::rr_cache_test::set_and_get_response_time::{closure#0}
FN:148,dns_rust::rr_cache::rr_cache_test::set_and_get_last_use
FN:99,dns_rust::rr_cache::rr_cache_test::set_and_get_resource_record
FN:50,<dns_rust::rr_cache::RRCache>::get_last_use
FN:26,<dns_rust::rr_cache::RRCache>::new
FN:68,<dns_rust::rr_cache::RRCache>::set_last_use
FN:63,<dns_rust::rr_cache::RRCache>::set_response_time
FNDA:1,<dns_rust::rr_cache::RRCache>::set_last_use
FNDA:0,<dns_rust::rr_cache::RRCache>::set_resource_record
FNDA:1,<dns_rust::rr_cache::RRCache as core::clone::Clone>::clone
FNDA:1,<dns_rust::rr_cache::RRCache>::get_last_use
FNDA:1,<dns_rust::rr_cache::RRCache>::set_resource_record
FNDA:1,dns_rust::rr_cache::rr_cache_test::constructor_test
FNDA:1,dns_rust::rr_cache::rr_cache_test::constructor_test::{closure#0}
FNDA:1,<dns_rust::rr_cache::RRCache as core::clone::Clone>::clone
FNDA:1,<dns_rust::rr_cache::RRCache>::get_resource_record
FNDA:1,<dns_rust::rr_cache::RRCache>::get_response_time
FNDA:1,dns_rust::rr_cache::rr_cache_test::set_and_get_last_use::{closure#0}
FNDA:1,dns_rust::rr_cache::rr_cache_test::set_and_get_resource_record::{closure#0}
FNDA:1,<dns_rust::rr_cache::RRCache>::get_response_time
FNDA:1,<dns_rust::rr_cache::RRCache>::set_response_time
FNDA:1,<dns_rust::rr_cache::RRCache>::new
FNDA:1,dns_rust::rr_cache::rr_cache_test::set_and_get_response_time
FNDA:1,<dns_rust::rr_cache::RRCache>::get_resource_record
FNDA:1,dns_rust::rr_cache::rr_cache_test::set_and_get_response_time::{closure#0}
FNDA:1,dns_rust::rr_cache::rr_cache_test::set_and_get_last_use
FNDA:1,dns_rust::rr_cache::rr_cache_test::set_and_get_resource_record
FNDA:0,<dns_rust::rr_cache::RRCache>::get_last_use
FNDA:1,<dns_rust::rr_cache::RRCache>::new
FNDA:1,<dns_rust::rr_cache::RRCache>::set_last_use
FNDA:0,<dns_rust::rr_cache::RRCache>::set_response_time
FNF:24
FNH:21
BRF:0
BRH:0
DA:4,2414820
DA:26,6144
DA:27,6144
DA:28,6144
DA:29,6144
DA:30,6144
DA:31,6144
DA:32,6144
DA:33,6144
DA:34,6144
DA:40,10548
DA:41,10548
DA:42,10548
DA:45,3500
DA:46,3500
DA:47,3500
DA:50,72
DA:51,72
DA:52,72
DA:58,24
DA:59,24
DA:60,24
DA:63,48
DA:64,48
DA:65,48
DA:68,10556
DA:69,10556
DA:70,10556
DA:81,24
DA:82,24
DA:83,24
DA:84,24
DA:85,24
DA:86,24
DA:87,24
DA:88,24
DA:89,24
DA:90,24
DA:91,24
DA:92,24
DA:93,24
DA:94,24
DA:95,24
DA:96,24
DA:98,24
DA:99,24
DA:100,24
DA:101,24
DA:102,24
DA:103,24
DA:104,24
DA:105,24
DA:106,24
DA:107,24
DA:108,24
DA:109,24
DA:110,24
DA:111,24
DA:113,24
DA:114,24
DA:115,24
DA:116,24
DA:117,24
DA:118,24
DA:119,24
DA:120,24
DA:121,24
DA:122,24
DA:123,24
DA:124,24
DA:125,24
DA:127,24
DA:128,24
DA:129,24
DA:130,24
DA:131,24
DA:132,24
DA:133,24
DA:134,24
DA:135,24
DA:136,24
DA:137,24
DA:138,24
DA:139,24
DA:140,24
DA:142,24
DA:143,24
DA:144,24
DA:145,24
DA:147,24
DA:148,24
DA:149,24
DA:150,24
DA:151,24
DA:152,24
DA:153,24
DA:154,24
DA:155,24
DA:156,24
DA:157,24
DA:158,24
DA:159,24
DA:160,24
DA:161,24
DA:162,24
DA:164,24
DA:165,24
DA:166,24
DA:167,24
LF:109
LH:109
end_of_record
