TN:
SF:src/name_server/zone_refresh.rs
FN:104,<dns_rust::name_server::zone_refresh::ZoneRefresh>::set_retry
FN:431,dns_rust::name_server::zone_refresh::zone_refresh_test::new_serial_greater_than_old
FN:127,<dns_rust::name_server::zone_refresh::ZoneRefresh>::get_zone
FN:430,dns_rust::name_server::zone_refresh::zone_refresh_test::new_serial_greater_than_old::{closure#0}
FN:62,<dns_rust::name_server::zone_refresh::ZoneRefresh>::update_zone_refresh
FN:301,dns_rust::name_server::zone_refresh::zone_refresh_test::set_and_get_refresh
FN:112,<dns_rust::name_server::zone_refresh::ZoneRefresh>::set_timestamp
FN:6,<dns_rust::name_server::zone_refresh::ZoneRefresh as core::clone::Clone>::clone
FN:409,dns_rust::name_server::zone_refresh::zone_refresh_test::set_and_get_last_serial_check
FN:92,<dns_rust::name_server::zone_refresh::ZoneRefresh>::set_ip_address_for_refresh_zone
FN:227,dns_rust::name_server::zone_refresh::zone_refresh_test::set_and_get_zone
FN:147,<dns_rust::name_server::zone_refresh::ZoneRefresh>::get_expire
FN:108,<dns_rust::name_server::zone_refresh::ZoneRefresh>::set_expire
FN:464,dns_rust::name_server::zone_refresh::zone_refresh_test::update_zone::{closure#0}
FN:131,<dns_rust::name_server::zone_refresh::ZoneRefresh>::get_ip_address_for_refresh_zone
FN:6,<dns_rust::name_server::zone_refresh::ZoneRefresh as core::fmt::Debug>::fmt
FN:96,<dns_rust::name_server::zone_refresh::ZoneRefresh>::set_serial
FN:112,<dns_rust::name_server::zone_refresh::ZoneRefresh>::set_timestamp
FN:155,<dns_rust::name_server::zone_refresh::ZoneRefresh>::get_last_fails
FN:366,dns_rust::name_server::zone_refresh::zone_refresh_test::set_and_get_timestamp::{closure#0}
FN:49,<dns_rust::name_server::zone_refresh::ZoneRefresh>::new_serial_greater_than_old
FN:6,<dns_rust::name_server::zone_refresh::ZoneRefresh as core::cmp::PartialEq>::eq
FN:88,<dns_rust::name_server::zone_refresh::ZoneRefresh>::set_zone
FN:108,<dns_rust::name_server::zone_refresh::ZoneRefresh>::set_expire
FN:120,<dns_rust::name_server::zone_refresh::ZoneRefresh>::set_last_serial_check
FN:139,<dns_rust::name_server::zone_refresh::ZoneRefresh>::get_refresh
FN:96,<dns_rust::name_server::zone_refresh::ZoneRefresh>::set_serial
FN:466,dns_rust::name_server::zone_refresh::zone_refresh_test::update_zone
FN:116,<dns_rust::name_server::zone_refresh::ZoneRefresh>::set_last_fails
FN:344,dns_rust::name_server::zone_refresh::zone_refresh_test::set_and_get_expire::{closure#0}
FN:256,dns_rust::name_server::zone_refresh::zone_refresh_test::set_and_get_ip_address_for_refresh_zone
FN:389,dns_rust::name_server::zone_refresh::zone_refresh_test::set_and_get_last_fails
FN:131,<dns_rust::name_server::zone_refresh::ZoneRefresh>::get_ip_address_for_refresh_zone
FN:92,<dns_rust::name_server::zone_refresh::ZoneRefresh>::set_ip_address_for_refresh_zone
FN:367,dns_rust::name_server::zone_refresh::zone_refresh_test::set_and_get_timestamp
FN:135,<dns_rust::name_server::zone_refresh::ZoneRefresh>::get_serial
FN:159,<dns_rust::name_server::zone_refresh::ZoneRefresh>::get_last_serial_check
FN:135,<dns_rust::name_server::zone_refresh::ZoneRefresh>::get_serial
FN:255,dns_rust::name_server::zone_refresh::zone_refresh_test::set_and_get_ip_address_for_refresh_zone::{closure#0}
FN:88,<dns_rust::name_server::zone_refresh::ZoneRefresh>::set_zone
FN:143,<dns_rust::name_server::zone_refresh::ZoneRefresh>::get_retry
FN:147,<dns_rust::name_server::zone_refresh::ZoneRefresh>::get_expire
FN:21,<dns_rust::name_server::zone_refresh::ZoneRefresh>::new
FN:388,dns_rust::name_server::zone_refresh::zone_refresh_test::set_and_get_last_fails::{closure#0}
FN:278,dns_rust::name_server::zone_refresh::zone_refresh_test::set_and_get_serial::{closure#0}
FN:279,dns_rust::name_server::zone_refresh::zone_refresh_test::set_and_get_serial
FN:6,<dns_rust::name_server::zone_refresh::ZoneRefresh as core::cmp::PartialEq>::ne
FN:323,dns_rust::name_server::zone_refresh::zone_refresh_test::set_and_get_retry
FN:178,dns_rust::name_server::zone_refresh::zone_refresh_test::constructor
FN:159,<dns_rust::name_server::zone_refresh::ZoneRefresh>::get_last_serial_check
FN:127,<dns_rust::name_server::zone_refresh::ZoneRefresh>::get_zone
FN:100,<dns_rust::name_server::zone_refresh::ZoneRefresh>::set_refresh
FN:6,<dns_rust::name_server::zone_refresh::ZoneRefresh as core::fmt::Debug>::fmt
FN:116,<dns_rust::name_server::zone_refresh::ZoneRefresh>::set_last_fails
FN:345,dns_rust::name_server::zone_refresh::zone_refresh_test::set_and_get_expire
FN:408,dns_rust::name_server::zone_refresh::zone_refresh_test::set_and_get_last_serial_check::{closure#0}
FN:151,<dns_rust::name_server::zone_refresh::ZoneRefresh>::get_timestamp
FN:143,<dns_rust::name_server::zone_refresh::ZoneRefresh>::get_retry
FN:120,<dns_rust::name_server::zone_refresh::ZoneRefresh>::set_last_serial_check
FN:322,dns_rust::name_server::zone_refresh::zone_refresh_test::set_and_get_retry::{closure#0}
FN:226,dns_rust::name_server::zone_refresh::zone_refresh_test::set_and_get_zone::{closure#0}
FN:104,<dns_rust::name_server::zone_refresh::ZoneRefresh>::set_retry
FN:6,<dns_rust::name_server::zone_refresh::ZoneRefresh as core::clone::Clone>::clone
FN:155,<dns_rust::name_server::zone_refresh::ZoneRefresh>::get_last_fails
FN:176,dns_rust::name_server::zone_refresh::zone_refresh_test::constructor::{closure#0}
FN:139,<dns_rust::name_server::zone_refresh::ZoneRefresh>::get_refresh
FN:49,<dns_rust::name_server::zone_refresh::ZoneRefresh>::new_serial_greater_than_old
FN:300,dns_rust::name_server::zone_refresh::zone_refresh_test::set_and_get_refresh::{closure#0}
FN:151,<dns_rust::name_server::zone_refresh::ZoneRefresh>::get_timestamp
FN:6,<dns_rust::name_server::zone_refresh::ZoneRefresh as core::cmp::PartialEq>::eq
FN:100,<dns_rust::name_server::zone_refresh::ZoneRefresh>::set_refresh
FN:62,<dns_rust::name_server::zone_refresh::ZoneRefresh>::update_zone_refresh
FN:21,<dns_rust::name_server::zone_refresh::ZoneRefresh>::new
FN:6,<dns_rust::name_server::zone_refresh::ZoneRefresh as core::cmp::PartialEq>::ne
FNDA:1,<dns_rust::name_server::zone_refresh::ZoneRefresh>::set_retry
FNDA:1,dns_rust::name_server::zone_refresh::zone_refresh_test::new_serial_greater_than_old
FNDA:1,<dns_rust::name_server::zone_refresh::ZoneRefresh>::get_zone
FNDA:1,dns_rust::name_server::zone_refresh::zone_refresh_test::new_serial_greater_than_old::{closure#0}
FNDA:1,<dns_rust::name_server::zone_refresh::ZoneRefresh>::update_zone_refresh
FNDA:1,dns_rust::name_server::zone_refresh::zone_refresh_test::set_and_get_refresh
FNDA:0,<dns_rust::name_server::zone_refresh::ZoneRefresh>::set_timestamp
FNDA:1,<dns_rust::name_server::zone_refresh::ZoneRefresh as core::clone::Clone>::clone
FNDA:1,dns_rust::name_server::zone_refresh::zone_refresh_test::set_and_get_last_serial_check
FNDA:1,<dns_rust::name_server::zone_refresh::ZoneRefresh>::set_ip_address_for_refresh_zone
FNDA:1,dns_rust::name_server::zone_refresh::zone_refresh_test::set_and_get_zone
FNDA:0,<dns_rust::name_server::zone_refresh::ZoneRefresh>::get_expire
FNDA:1,<dns_rust::name_server::zone_refresh::ZoneRefresh>::set_expire
FNDA:1,dns_rust::name_server::zone_refresh::zone_refresh_test::update_zone::{closure#0}
FNDA:1,<dns_rust::name_server::zone_refresh::ZoneRefresh>::get_ip_address_for_refresh_zone
FNDA:0,<dns_rust::name_server::zone_refresh::ZoneRefresh as core::fmt::Debug>::fmt
FNDA:0,<dns_rust::name_server::zone_refresh::ZoneRefresh>::set_serial
FNDA:1,<dns_rust::name_server::zone_refresh::ZoneRefresh>::set_timestamp
FNDA:0,<dns_rust::name_server::zone_refresh::ZoneRefresh>::get_last_fails
FNDA:1,dns_rust::name_server::zone_refresh::zone_refresh_test::set_and_get_timestamp::{closure#0}
FNDA:1,<dns_rust::name_server::zone_refresh::ZoneRefresh>::new_serial_greater_than_old
FNDA:0,<dns_rust::name_server::zone_refresh::ZoneRefresh as core::cmp::PartialEq>::eq
FNDA:1,<dns_rust::name_server::zone_refresh::ZoneRefresh>::set_zone
FNDA:0,<dns_rust::name_server::zone_refresh::ZoneRefresh>::set_expire
FNDA:1,<dns_rust::name_server::zone_refresh::ZoneRefresh>::set_last_serial_check
FNDA:0,<dns_rust::name_server::zone_refresh::ZoneRefresh>::get_refresh
FNDA:1,<dns_rust::name_server::zone_refresh::ZoneRefresh>::set_serial
FNDA:1,dns_rust::name_server::zone_refresh::zone_refresh_test::update_zone
FNDA:1,<dns_rust::name_server::zone_refresh::ZoneRefresh>::set_last_fails
FNDA:1,dns_rust::name_server::zone_refresh::zone_refresh_test::set_and_get_expire::{closure#0}
FNDA:1,dns_rust::name_server::zone_refresh::zone_refresh_test::set_and_get_ip_address_for_refresh_zone
FNDA:1,dns_rust::name_server::zone_refresh::zone_refresh_test::set_and_get_last_fails
FNDA:0,<dns_rust::name_server::zone_refresh::ZoneRefresh>::get_ip_address_for_refresh_zone
FNDA:0,<dns_rust::name_server::zone_refresh::ZoneRefresh>::set_ip_address_for_refresh_zone
FNDA:1,dns_rust::name_server::zone_refresh::zone_refresh_test::set_and_get_timestamp
FNDA:0,<dns_rust::name_server::zone_refresh::ZoneRefresh>::get_serial
FNDA:1,<dns_rust::name_server::zone_refresh::ZoneRefresh>::get_last_serial_check
FNDA:1,<dns_rust::name_server::zone_refresh::ZoneRefresh>::get_serial
FNDA:1,dns_rust::name_server::zone_refresh::zone_refresh_test::set_and_get_ip_address_for_refresh_zone::{closure#0}
FNDA:0,<dns_rust::name_server::zone_refresh::ZoneRefresh>::set_zone
FNDA:0,<dns_rust::name_server::zone_refresh::ZoneRefresh>::get_retry
FNDA:1,<dns_rust::name_server::zone_refresh::ZoneRefresh>::get_expire
FNDA:1,<dns_rust::name_server::zone_refresh::ZoneRefresh>::new
FNDA:1,dns_rust::name_server::zone_refresh::zone_refresh_test::set_and_get_last_fails::{closure#0}
FNDA:1,dns_rust::name_server::zone_refresh::zone_refresh_test::set_and_get_serial::{closure#0}
FNDA:1,dns_rust::name_server::zone_refresh::zone_refresh_test::set_and_get_serial
FNDA:0,<dns_rust::name_server::zone_refresh::ZoneRefresh as core::cmp::PartialEq>::ne
FNDA:1,dns_rust::name_server::zone_refresh::zone_refresh_test::set_and_get_retry
FNDA:1,dns_rust::name_server::zone_refresh::zone_refresh_test::constructor
FNDA:0,<dns_rust::name_server::zone_refresh::ZoneRefresh>::get_last_serial_check
FNDA:0,<dns_rust::name_server::zone_refresh::ZoneRefresh>::get_zone
FNDA:1,<dns_rust::name_server::zone_refresh::ZoneRefresh>::set_refresh
FNDA:0,<dns_rust::name_server::zone_refresh::ZoneRefresh as core::fmt::Debug>::fmt
FNDA:0,<dns_rust::name_server::zone_refresh::ZoneRefresh>::set_last_fails
FNDA:1,dns_rust::name_server::zone_refresh::zone_refresh_test::set_and_get_expire
FNDA:1,dns_rust::name_server::zone_refresh::zone_refresh_test::set_and_get_last_serial_check::{closure#0}
FNDA:0,<dns_rust::name_server::zone_refresh::ZoneRefresh>::get_timestamp
FNDA:1,<dns_rust::name_server::zone_refresh::ZoneRefresh>::get_retry
FNDA:0,<dns_rust::name_server::zone_refresh::ZoneRefresh>::set_last_serial_check
FNDA:1,dns_rust::name_server::zone_refresh::zone_refresh_test::set_and_get_retry::{closure#0}
FNDA:1,dns_rust::name_server::zone_refresh::zone_refresh_test::set_and_get_zone::{closure#0}
FNDA:0,<dns_rust::name_server::zone_refresh::ZoneRefresh>::set_retry
FNDA:0,<dns_rust::name_server::zone_refresh::ZoneRefresh as core::clone::Clone>::clone
FNDA:1,<dns_rust::name_server::zone_refresh::ZoneRefresh>::get_last_fails
FNDA:1,dns_rust::name_server::zone_refresh::zone_refresh_test::constructor::{closure#0}
FNDA:1,<dns_rust::name_server::zone_refresh::ZoneRefresh>::get_refresh
FNDA:0,<dns_rust::name_server::zone_refresh::ZoneRefresh>::new_serial_greater_than_old
FNDA:1,dns_rust::name_server::zone_refresh::zone_refresh_test::set_and_get_refresh::{closure#0}
FNDA:1,<dns_rust::name_server::zone_refresh::ZoneRefresh>::get_timestamp
FNDA:0,<dns_rust::name_server::zone_refresh::ZoneRefresh as core::cmp::PartialEq>::eq
FNDA:0,<dns_rust::name_server::zone_refresh::ZoneRefresh>::set_refresh
FNDA:0,<dns_rust::name_server::zone_refresh::ZoneRefresh>::update_zone_refresh
FNDA:0,<dns_rust::name_server::zone_refresh::ZoneRefresh>::new
FNDA:0,<dns_rust::name_server::zone_refresh::ZoneRefresh as core::cmp::PartialEq>::ne
FNF:74
FNH:46
BRF:0
BRH:0
DA:6,4
DA:21,60
DA:22,60
DA:24,60
DA:25,60
DA:26,0
DA:29,60
DA:30,60
DA:31,60
DA:32,60
DA:33,60
DA:34,60
DA:35,60
DA:36,60
DA:37,60
DA:38,60
DA:39,60
DA:40,60
DA:41,60
DA:42,60
DA:43,60
DA:44,60
DA:45,60
DA:46,60
DA:49,16
DA:50,16
DA:51,16
DA:52,16
DA:53,12
DA:55,8
DA:57,8
DA:59,16
DA:62,4
DA:63,4
DA:64,4
DA:65,4
DA:66,0
DA:69,4
DA:70,4
DA:71,4
DA:72,4
DA:73,4
DA:74,4
DA:75,4
DA:76,4
DA:77,4
DA:78,4
DA:79,4
DA:80,4
DA:81,4
DA:82,4
DA:83,4
DA:88,8
DA:89,8
DA:90,8
DA:92,4
DA:93,4
DA:94,4
DA:96,16
DA:97,16
DA:98,16
DA:100,8
DA:101,8
DA:102,8
DA:104,8
DA:105,8
DA:106,8
DA:108,8
DA:109,8
DA:110,8
DA:112,8
DA:113,8
DA:114,8
DA:116,8
DA:117,8
DA:118,8
DA:120,4
DA:121,4
DA:122,4
DA:127,16
DA:128,16
DA:129,16
DA:131,16
DA:132,16
DA:133,16
DA:135,40
DA:136,40
DA:137,40
DA:139,16
DA:140,16
DA:141,16
DA:143,24
DA:144,24
DA:145,24
DA:147,24
DA:148,24
DA:149,24
DA:151,16
DA:152,16
DA:153,16
DA:155,16
DA:156,16
DA:157,16
DA:159,16
DA:160,16
DA:161,16
DA:176,4
DA:178,4
DA:179,4
DA:180,4
DA:181,4
DA:182,4
DA:183,4
DA:184,4
DA:185,4
DA:186,4
DA:187,4
DA:188,4
DA:189,4
DA:190,4
DA:191,4
DA:192,4
DA:193,4
DA:194,4
DA:195,4
DA:196,4
DA:197,4
DA:199,0
DA:201,4
DA:202,4
DA:203,4
DA:204,4
DA:205,4
DA:206,4
DA:207,4
DA:208,4
DA:209,4
DA:210,4
DA:211,4
DA:212,4
DA:213,4
DA:214,4
DA:215,4
DA:216,4
DA:217,4
DA:218,4
DA:219,4
DA:220,4
DA:221,4
DA:222,4
DA:223,4
DA:224,4
DA:226,4
DA:227,4
DA:228,4
DA:229,4
DA:230,4
DA:231,4
DA:232,4
DA:233,4
DA:234,4
DA:235,4
DA:236,4
DA:237,4
DA:238,4
DA:239,4
DA:240,4
DA:241,4
DA:242,4
DA:243,4
DA:244,4
DA:245,4
DA:246,4
DA:247,4
DA:249,4
DA:250,4
DA:251,4
DA:252,4
DA:253,4
DA:255,4
DA:256,4
DA:257,4
DA:258,4
DA:259,4
DA:260,4
DA:261,4
DA:262,4
DA:263,4
DA:264,4
DA:265,4
DA:266,4
DA:267,4
DA:268,4
DA:269,4
DA:270,4
DA:272,4
DA:273,4
DA:274,4
DA:275,4
DA:276,4
DA:278,4
DA:279,4
DA:280,4
DA:281,4
DA:282,4
DA:283,4
DA:284,4
DA:285,4
DA:286,4
DA:287,4
DA:288,4
DA:289,4
DA:290,4
DA:291,4
DA:292,4
DA:293,4
DA:295,4
DA:296,4
DA:297,4
DA:298,4
DA:300,4
DA:301,4
DA:302,4
DA:303,4
DA:304,4
DA:305,4
DA:306,4
DA:307,4
DA:308,4
DA:309,4
DA:310,4
DA:311,4
DA:312,4
DA:313,4
DA:314,4
DA:315,4
DA:317,4
DA:318,4
DA:319,4
DA:320,4
DA:322,4
DA:323,4
DA:324,4
DA:325,4
DA:326,4
DA:327,4
DA:328,4
DA:329,4
DA:330,4
DA:331,4
DA:332,4
DA:333,4
DA:334,4
DA:335,4
DA:336,4
DA:337,4
DA:339,4
DA:340,4
DA:341,4
DA:342,4
DA:344,4
DA:345,4
DA:346,4
DA:347,4
DA:348,4
DA:349,4
DA:350,4
DA:351,4
DA:352,4
DA:353,4
DA:354,4
DA:355,4
DA:356,4
DA:357,4
DA:358,4
DA:359,4
DA:361,4
DA:362,4
DA:363,4
DA:364,4
DA:366,4
DA:367,4
DA:368,4
DA:369,4
DA:370,4
DA:371,4
DA:372,4
DA:373,4
DA:374,4
DA:375,4
DA:376,4
DA:377,4
DA:378,4
DA:379,4
DA:380,4
DA:381,4
DA:383,4
DA:384,4
DA:385,4
DA:386,4
DA:388,4
DA:389,4
DA:390,4
DA:391,4
DA:392,4
DA:393,4
DA:394,4
DA:395,4
DA:396,4
DA:397,4
DA:398,4
DA:399,4
DA:400,4
DA:401,4
DA:402,4
DA:404,4
DA:405,4
DA:406,4
DA:408,4
DA:409,4
DA:410,4
DA:411,4
DA:412,4
DA:413,4
DA:414,4
DA:415,4
DA:416,4
DA:417,4
DA:418,4
DA:419,4
DA:420,4
DA:421,4
DA:422,4
DA:423,4
DA:425,4
DA:426,4
DA:427,4
DA:428,4
DA:430,4
DA:431,4
DA:432,4
DA:433,4
DA:434,4
DA:435,4
DA:436,4
DA:437,4
DA:438,4
DA:439,4
DA:440,4
DA:441,4
DA:442,4
DA:443,4
DA:444,4
DA:445,4
DA:446,4
DA:447,4
DA:448,4
DA:449,4
DA:450,4
DA:451,4
DA:452,4
DA:453,4
DA:454,4
DA:455,4
DA:456,4
DA:457,4
DA:458,4
DA:459,4
DA:460,4
DA:461,4
DA:462,4
DA:464,4
DA:466,4
DA:467,4
DA:468,4
DA:469,4
DA:470,4
DA:471,4
DA:472,4
DA:473,4
DA:474,4
DA:475,4
DA:476,4
DA:477,4
DA:479,0
DA:481,4
DA:482,4
DA:483,4
DA:484,4
DA:485,4
DA:486,4
DA:487,4
DA:488,4
DA:489,4
DA:490,4
DA:491,4
DA:492,4
DA:493,4
DA:495,4
DA:496,4
DA:497,4
DA:498,4
DA:499,4
DA:500,4
DA:501,4
DA:502,4
DA:503,4
DA:504,4
LF:408
LH:404
end_of_record
SF:src/rr_cache.rs
FN:98,dns_rust::rr_cache::rr_cache_test::set_and_get_resource_record::{closure#0}
FN:99,dns_rust::rr_cache::rr_cache_test::set_and_get_resource_record
FN:50,<dns_rust::rr_cache::RRCache>::get_last_use
FN:26,<dns_rust::rr_cache::RRCache>::new
FN:128,dns_rust::rr_cache::rr_cache_test::set_and_get_response_time
FN:50,<dns_rust::rr_cache::RRCache>::get_last_use
FN:4,<dns_rust::rr_cache::RRCache as core::clone::Clone>::clone
FN:40,<dns_rust::rr_cache::RRCache>::get_resource_record
FN:82,dns_rust::rr_cache::rr_cache_test::constructor_test
FN:45,<dns_rust::rr_cache::RRCache>::get_response_time
FN:4,<dns_rust::rr_cache::RRCache as core::clone::Clone>::clone
FN:148,dns_rust::rr_cache::rr_cache_test::set_and_get_last_use
FN:45,<dns_rust::rr_cache::RRCache>::get_response_time
FN:40,<dns_rust::rr_cache::RRCache>::get_resource_record
FN:68,<dns_rust::rr_cache::RRCache>::set_last_use
FN:63,<dns_rust::rr_cache::RRCache>::set_response_time
FN:127,dns_rust::rr_cache::rr_cache_test::set_and_get_response_time::{closure#0}
FN:63,<dns_rust::rr_cache::RRCache>::set_response_time
FN:26,<dns_rust::rr_cache::RRCache>::new
FN:68,<dns_rust::rr_cache::RRCache>::set_last_use
FN:58,<dns_rust::rr_cache::RRCache>::set_resource_record
FN:81,dns_rust::rr_cache::rr_cache_test::constructor_test::{closure#0}
FN:147,dns_rust::rr_cache::rr_cache_test::set_and_get_last_use::{closure#0}
FN:58,<dns_rust::rr_cache::RRCache>::set_resource_record
FNDA:1,dns_rust::rr_cache::rr_cache_test::set_and_get_resource_record::{closure#0}
FNDA:1,dns_rust::rr_cache::rr_cache_test::set_and_get_resource_record
FNDA:0,<dns_rust::rr_cache::RRCache>::get_last_use
FNDA:1,<dns_rust::rr_cache::RRCache>::new
FNDA:1,dns_rust::rr_cache::rr_cache_test::set_and_get_response_time
FNDA:1,<dns_rust::rr_cache::RRCache>::get_last_use
FNDA:1,<dns_rust::rr_cache::RRCache as core::clone::Clone>::clone
FNDA:1,<dns_rust::rr_cache::RRCache>::get_resource_record
FNDA:1,dns_rust::rr_cache::rr_cache_test::constructor_test
FNDA:1,<dns_rust::rr_cache::RRCache>::get_response_time
FNDA:1,<dns_rust::rr_cache::RRCache as core::clone::Clone>::clone
FNDA:1,dns_rust::rr_cache::rr_cache_test::set_and_get_last_use
FNDA:1,<dns_rust::rr_cache::RRCache>::get_response_time
FNDA:1,<dns_rust::rr_cache::RRCache>::get_resource_record
FNDA:1,<dns_rust::rr_cache::RRCache>::set_last_use
FNDA:1,<dns_rust::rr_cache::RRCache>::set_response_time
FNDA:1,dns_rust::rr_cache::rr_cache_test::set_and_get_response_time::{closure#0}
FNDA:0,<dns_rust::rr_cache::RRCache>::set_response_time
FNDA:1,<dns_rust::rr_cache::RRCache>::new
FNDA:1,<dns_rust::rr_cache::RRCache>::set_last_use
FNDA:0,<dns_rust::rr_cache::RRCache>::set_resource_record
FNDA:1,dns_rust::rr_cache::rr_cache_test::constructor_test::{closure#0}
FNDA:1,dns_rust::rr_cache::rr_cache_test::set_and_get_last_use::{closure#0}
FNDA:1,<dns_rust::rr_cache::RRCache>::set_resource_record
FNF:24
FNH:21
BRF:0
BRH:0
DA:4,1013726
DA:26,2352
DA:27,2352
DA:28,2352
DA:29,2352
DA:30,2352
DA:31,2352
DA:32,2352
DA:33,2352
DA:34,2352
DA:40,4184
DA:41,4184
DA:42,4184
DA:45,1368
DA:46,1368
DA:47,1368
DA:50,12
DA:51,12
DA:52,12
DA:58,4
DA:59,4
DA:60,4
DA:63,8
DA:64,8
DA:65,8
DA:68,4188
DA:69,4188
DA:70,4188
DA:81,4
DA:82,4
DA:83,4
DA:84,4
DA:85,4
DA:86,4
DA:87,4
DA:88,4
DA:89,4
DA:90,4
DA:91,4
DA:92,4
DA:93,4
DA:94,4
DA:95,4
DA:96,4
DA:98,4
DA:99,4
DA:100,4
DA:101,4
DA:102,4
DA:103,4
DA:104,4
DA:105,4
DA:106,4
DA:107,4
DA:108,4
DA:109,4
DA:110,4
DA:111,4
DA:113,4
DA:114,4
DA:115,4
DA:116,4
DA:117,4
DA:118,4
DA:119,4
DA:120,4
DA:121,4
DA:122,4
DA:123,4
DA:124,4
DA:125,4
DA:127,4
DA:128,4
DA:129,4
DA:130,4
DA:131,4
DA:132,4
DA:133,4
DA:134,4
DA:135,4
DA:136,4
DA:137,4
DA:138,4
DA:139,4
DA:140,4
DA:142,4
DA:143,4
DA:144,4
DA:145,4
DA:147,4
DA:148,4
DA:149,4
DA:150,4
DA:151,4
DA:152,4
DA:153,4
DA:154,4
DA:155,4
DA:156,4
DA:157,4
DA:158,4
DA:159,4
DA:160,4
DA:161,4
DA:162,4
DA:164,4
DA:165,4
DA:166,4
DA:167,4
LF:109
LH:109
end_of_record
SF:src/message/question.rs
FN:237,dns_rust::message::question::question_test::from_bytes_test
FN:152,<dns_rust::message::question::Question>::get_qname
FN:205,dns_rust::message::question::question_test::set_and_get_qclass_test::{closure#0}
FN:104,<dns_rust::message::question::Question>::get_second_qclass_byte
FN:194,dns_rust::message::question::question_test::set_and_get_qtype_test
FN:49,<dns_rust::message::question::Question>::from_bytes
FN:217,dns_rust::message::question::question_test::to_bytes_test::{closure#0}
FN:3,<dns_rust::message::question::Question as core::clone::Clone>::clone
FN:88,<dns_rust::message::question::Question>::get_second_qtype_byte
FN:96,<dns_rust::message::question::Question>::get_first_qclass_byte
FN:206,dns_rust::message::question::question_test::set_and_get_qclass_test
FN:145,<dns_rust::message::question::Question>::set_qclass
FN:137,<dns_rust::message::question::Question>::set_qname
FN:39,<dns_rust::message::question::Question>::new
FN:39,<dns_rust::message::question::Question>::new
FN:156,<dns_rust::message::question::Question>::get_qtype
FN:152,<dns_rust::message::question::Question>::get_qname
FN:180,dns_rust::message::question::question_test::set_and_get_qname_test
FN:96,<dns_rust::message::question::Question>::get_first_qclass_byte
FN:156,<dns_rust::message::question::Question>::get_qtype
FN:160,<dns_rust::message::question::Question>::get_qclass
FN:137,<dns_rust::message::question::Question>::set_qname
FN:112,<dns_rust::message::question::Question>::to_bytes
FN:112,<dns_rust::message::question::Question>::to_bytes
FN:3,<dns_rust::message::question::Question as core::default::Default>::default
FN:170,dns_rust::message::question::question_test::constructor_test::{closure#0}
FN:236,dns_rust::message::question::question_test::from_bytes_test::{closure#0}
FN:49,<dns_rust::message::question::Question>::from_bytes
FN:193,dns_rust::message::question::question_test::set_and_get_qtype_test::{closure#0}
FN:179,dns_rust::message::question::question_test::set_and_get_qname_test::{closure#0}
FN:80,<dns_rust::message::question::Question>::get_first_qtype_byte
FN:141,<dns_rust::message::question::Question>::set_qtype
FN:3,<dns_rust::message::question::Question as core::clone::Clone>::clone
FN:80,<dns_rust::message::question::Question>::get_first_qtype_byte
FN:104,<dns_rust::message::question::Question>::get_second_qclass_byte
FN:218,dns_rust::message::question::question_test::to_bytes_test
FN:141,<dns_rust::message::question::Question>::set_qtype
FN:3,<dns_rust::message::question::Question as core::default::Default>::default
FN:171,dns_rust::message::question::question_test::constructor_test
FN:160,<dns_rust::message::question::Question>::get_qclass
FN:145,<dns_rust::message::question::Question>::set_qclass
FN:88,<dns_rust::message::question::Question>::get_second_qtype_byte
FNDA:1,dns_rust::message::question::question_test::from_bytes_test
FNDA:1,<dns_rust::message::question::Question>::get_qname
FNDA:1,dns_rust::message::question::question_test::set_and_get_qclass_test::{closure#0}
FNDA:1,<dns_rust::message::question::Question>::get_second_qclass_byte
FNDA:1,dns_rust::message::question::question_test::set_and_get_qtype_test
FNDA:1,<dns_rust::message::question::Question>::from_bytes
FNDA:1,dns_rust::message::question::question_test::to_bytes_test::{closure#0}
FNDA:1,<dns_rust::message::question::Question as core::clone::Clone>::clone
FNDA:1,<dns_rust::message::question::Question>::get_second_qtype_byte
FNDA:1,<dns_rust::message::question::Question>::get_first_qclass_byte
FNDA:1,dns_rust::message::question::question_test::set_and_get_qclass_test
FNDA:1,<dns_rust::message::question::Question>::set_qclass
FNDA:1,<dns_rust::message::question::Question>::set_qname
FNDA:1,<dns_rust::message::question::Question>::new
FNDA:1,<dns_rust::message::question::Question>::new
FNDA:1,<dns_rust::message::question::Question>::get_qtype
FNDA:1,<dns_rust::message::question::Question>::get_qname
FNDA:1,dns_rust::message::question::question_test::set_and_get_qname_test
FNDA:1,<dns_rust::message::question::Question>::get_first_qclass_byte
FNDA:1,<dns_rust::message::question::Question>::get_qtype
FNDA:1,<dns_rust::message::question::Question>::get_qclass
FNDA:1,<dns_rust::message::question::Question>::set_qname
FNDA:1,<dns_rust::message::question::Question>::to_bytes
FNDA:1,<dns_rust::message::question::Question>::to_bytes
FNDA:0,<dns_rust::message::question::Question as core::default::Default>::default
FNDA:1,dns_rust::message::question::question_test::constructor_test::{closure#0}
FNDA:1,dns_rust::message::question::question_test::from_bytes_test::{closure#0}
FNDA:1,<dns_rust::message::question::Question>::from_bytes
FNDA:1,dns_rust::message::question::question_test::set_and_get_qtype_test::{closure#0}
FNDA:1,dns_rust::message::question::question_test::set_and_get_qname_test::{closure#0}
FNDA:1,<dns_rust::message::question::Question>::get_first_qtype_byte
FNDA:1,<dns_rust::message::question::Question>::set_qtype
FNDA:1,<dns_rust::message::question::Question as core::clone::Clone>::clone
FNDA:1,<dns_rust::message::question::Question>::get_first_qtype_byte
FNDA:1,<dns_rust::message::question::Question>::get_second_qclass_byte
FNDA:1,dns_rust::message::question::question_test::to_bytes_test
FNDA:1,<dns_rust::message::question::Question>::set_qtype
FNDA:0,<dns_rust::message::question::Question as core::default::Default>::default
FNDA:1,dns_rust::message::question::question_test::constructor_test
FNDA:1,<dns_rust::message::question::Question>::get_qclass
FNDA:1,<dns_rust::message::question::Question>::set_qclass
FNDA:1,<dns_rust::message::question::Question>::get_second_qtype_byte
FNF:42
FNH:40
BRF:0
BRH:0
DA:3,1988
DA:39,1068
DA:40,1068
DA:41,1068
DA:42,1068
DA:43,1068
DA:44,1068
DA:45,1068
DA:46,1068
DA:49,204
DA:50,204
DA:51,204
DA:52,204
DA:53,204
DA:54,204
DA:55,204
DA:56,204
DA:57,0
DA:58,0
DA:62,204
DA:63,204
DA:64,204
DA:65,0
DA:66,200
DA:67,200
DA:68,200
DA:69,200
DA:70,200
DA:71,200
DA:72,200
DA:73,200
DA:74,200
DA:75,200
DA:76,200
DA:77,200
DA:80,260
DA:81,260
DA:82,260
DA:83,260
DA:84,260
DA:85,260
DA:88,260
DA:89,260
DA:90,260
DA:91,260
DA:92,260
DA:93,260
DA:96,260
DA:97,260
DA:98,260
DA:99,260
DA:100,260
DA:101,260
DA:104,260
DA:105,260
DA:106,260
DA:107,260
DA:108,260
DA:109,260
DA:112,260
DA:113,260
DA:114,260
DA:115,260
DA:116,260
DA:117,260
DA:118,0
DA:120,260
DA:121,4624
DA:122,4624
DA:123,4624
DA:125,260
DA:126,260
DA:127,260
DA:128,260
DA:129,260
DA:130,260
DA:132,260
DA:137,632
DA:138,632
DA:139,632
DA:141,632
DA:142,632
DA:143,632
DA:145,636
DA:146,636
DA:147,636
DA:152,600
DA:153,600
DA:154,600
DA:156,560
DA:157,560
DA:158,560
DA:160,568
DA:161,568
DA:162,568
DA:170,4
DA:171,4
DA:172,4
DA:173,4
DA:174,4
DA:175,4
DA:176,4
DA:177,4
DA:179,4
DA:180,4
DA:181,4
DA:182,4
DA:183,4
DA:185,4
DA:186,4
DA:187,4
DA:188,4
DA:189,4
DA:190,4
DA:191,4
DA:193,4
DA:194,4
DA:195,4
DA:196,4
DA:197,4
DA:199,4
DA:200,4
DA:201,4
DA:202,4
DA:203,4
DA:205,4
DA:206,4
DA:207,4
DA:208,4
DA:209,4
DA:211,4
DA:212,4
DA:213,4
DA:214,4
DA:215,4
DA:217,4
DA:218,4
DA:219,4
DA:220,4
DA:221,4
DA:222,4
DA:223,4
DA:224,4
DA:225,4
DA:226,4
DA:227,4
DA:228,4
DA:229,4
DA:231,56
DA:232,56
DA:234,4
DA:236,4
DA:237,4
DA:238,4
DA:239,4
DA:240,4
DA:241,4
DA:242,4
DA:243,4
DA:244,4
DA:245,4
LF:161
LH:157
end_of_record
SF:src/message/rdata/ptr_rdata.rs
FN:6,<dns_rust::message::rdata::ptr_rdata::PtrRdata as core::cmp::PartialEq>::ne
FN:155,dns_rust::message::rdata::ptr_rdata::ptr_rdata_test::to_bytes_test::{closure#0}
FN:132,dns_rust::message::rdata::ptr_rdata::ptr_rdata_test::constructor_test
FN:6,<dns_rust::message::rdata::ptr_rdata::PtrRdata as core::fmt::Debug>::fmt
FN:174,dns_rust::message::rdata::ptr_rdata::ptr_rdata_test::from_bytes_test
FN:120,<dns_rust::message::rdata::ptr_rdata::PtrRdata>::set_ptrdname
FN:79,<dns_rust::message::rdata::ptr_rdata::PtrRdata>::rr_from_master_file
FN:173,dns_rust::message::rdata::ptr_rdata::ptr_rdata_test::from_bytes_test::{closure#0}
FN:71,<dns_rust::message::rdata::ptr_rdata::PtrRdata>::new
FN:120,<dns_rust::message::rdata::ptr_rdata::PtrRdata>::set_ptrdname
FN:6,<dns_rust::message::rdata::ptr_rdata::PtrRdata as core::cmp::PartialEq>::ne
FN:156,dns_rust::message::rdata::ptr_rdata::ptr_rdata_test::to_bytes_test
FN:6,<dns_rust::message::rdata::ptr_rdata::PtrRdata as core::clone::Clone>::clone
FN:6,<dns_rust::message::rdata::ptr_rdata::PtrRdata as core::cmp::PartialEq>::eq
FN:71,<dns_rust::message::rdata::ptr_rdata::PtrRdata>::new
FN:131,dns_rust::message::rdata::ptr_rdata::ptr_rdata_test::constructor_test::{closure#0}
FN:21,<dns_rust::message::rdata::ptr_rdata::PtrRdata as dns_rust::message::resource_record::ToBytes>::to_bytes
FN:139,dns_rust::message::rdata::ptr_rdata::ptr_rdata_test::set_and_get_nsdname_test
FN:6,<dns_rust::message::rdata::ptr_rdata::PtrRdata as core::clone::Clone>::clone
FN:6,<dns_rust::message::rdata::ptr_rdata::PtrRdata as core::fmt::Debug>::fmt
FN:138,dns_rust::message::rdata::ptr_rdata::ptr_rdata_test::set_and_get_nsdname_test::{closure#0}
FN:21,<dns_rust::message::rdata::ptr_rdata::PtrRdata as dns_rust::message::resource_record::ToBytes>::to_bytes
FN:79,<dns_rust::message::rdata::ptr_rdata::PtrRdata>::rr_from_master_file
FN:112,<dns_rust::message::rdata::ptr_rdata::PtrRdata>::get_ptrdname
FN:36,<dns_rust::message::rdata::ptr_rdata::PtrRdata as dns_rust::message::resource_record::FromBytes<core::result::Result<dns_rust::message::rdata::ptr_rdata::PtrRdata, &str>>>::from_bytes
FN:36,<dns_rust::message::rdata::ptr_rdata::PtrRdata as dns_rust::message::resource_record::FromBytes<core::result::Result<dns_rust::message::rdata::ptr_rdata::PtrRdata, &str>>>::from_bytes
FN:112,<dns_rust::message::rdata::ptr_rdata::PtrRdata>::get_ptrdname
FN:6,<dns_rust::message::rdata::ptr_rdata::PtrRdata as core::cmp::PartialEq>::eq
FNDA:0,<dns_rust::message::rdata::ptr_rdata::PtrRdata as core::cmp::PartialEq>::ne
FNDA:1,dns_rust::message::rdata::ptr_rdata::ptr_rdata_test::to_bytes_test::{closure#0}
FNDA:1,dns_rust::message::rdata::ptr_rdata::ptr_rdata_test::constructor_test
FNDA:0,<dns_rust::message::rdata::ptr_rdata::PtrRdata as core::fmt::Debug>::fmt
FNDA:1,dns_rust::message::rdata::ptr_rdata::ptr_rdata_test::from_bytes_test
FNDA:0,<dns_rust::message::rdata::ptr_rdata::PtrRdata>::set_ptrdname
FNDA:0,<dns_rust::message::rdata::ptr_rdata::PtrRdata>::rr_from_master_file
FNDA:1,dns_rust::message::rdata::ptr_rdata::ptr_rdata_test::from_bytes_test::{closure#0}
FNDA:0,<dns_rust::message::rdata::ptr_rdata::PtrRdata>::new
FNDA:1,<dns_rust::message::rdata::ptr_rdata::PtrRdata>::set_ptrdname
FNDA:0,<dns_rust::message::rdata::ptr_rdata::PtrRdata as core::cmp::PartialEq>::ne
FNDA:1,dns_rust::message::rdata::ptr_rdata::ptr_rdata_test::to_bytes_test
FNDA:0,<dns_rust::message::rdata::ptr_rdata::PtrRdata as core::clone::Clone>::clone
FNDA:0,<dns_rust::message::rdata::ptr_rdata::PtrRdata as core::cmp::PartialEq>::eq
FNDA:1,<dns_rust::message::rdata::ptr_rdata::PtrRdata>::new
FNDA:1,dns_rust::message::rdata::ptr_rdata::ptr_rdata_test::constructor_test::{closure#0}
FNDA:1,<dns_rust::message::rdata::ptr_rdata::PtrRdata as dns_rust::message::resource_record::ToBytes>::to_bytes
FNDA:1,dns_rust::message::rdata::ptr_rdata::ptr_rdata_test::set_and_get_nsdname_test
FNDA:1,<dns_rust::message::rdata::ptr_rdata::PtrRdata as core::clone::Clone>::clone
FNDA:0,<dns_rust::message::rdata::ptr_rdata::PtrRdata as core::fmt::Debug>::fmt
FNDA:1,dns_rust::message::rdata::ptr_rdata::ptr_rdata_test::set_and_get_nsdname_test::{closure#0}
FNDA:0,<dns_rust::message::rdata::ptr_rdata::PtrRdata as dns_rust::message::resource_record::ToBytes>::to_bytes
FNDA:0,<dns_rust::message::rdata::ptr_rdata::PtrRdata>::rr_from_master_file
FNDA:0,<dns_rust::message::rdata::ptr_rdata::PtrRdata>::get_ptrdname
FNDA:1,<dns_rust::message::rdata::ptr_rdata::PtrRdata as dns_rust::message::resource_record::FromBytes<core::result::Result<dns_rust::message::rdata::ptr_rdata::PtrRdata, &str>>>::from_bytes
FNDA:0,<dns_rust::message::rdata::ptr_rdata::PtrRdata as dns_rust::message::resource_record::FromBytes<core::result::Result<dns_rust::message::rdata::ptr_rdata::PtrRdata, &str>>>::from_bytes
FNDA:1,<dns_rust::message::rdata::ptr_rdata::PtrRdata>::get_ptrdname
FNDA:0,<dns_rust::message::rdata::ptr_rdata::PtrRdata as core::cmp::PartialEq>::eq
FNF:28
FNH:14
BRF:0
BRH:0
DA:6,4
DA:21,4
DA:22,4
DA:23,4
DA:24,4
DA:26,64
DA:27,64
DA:28,64
DA:30,4
DA:31,4
DA:36,4
DA:37,4
DA:38,4
DA:39,4
DA:40,0
DA:41,4
DA:42,4
DA:43,4
DA:44,4
DA:45,4
DA:46,4
DA:47,0
DA:48,0
DA:52,4
DA:53,4
DA:54,4
DA:55,4
DA:56,4
DA:57,4
DA:58,4
DA:71,20
DA:72,20
DA:73,20
DA:74,20
DA:75,20
DA:76,20
DA:77,20
DA:79,0
DA:80,0
DA:81,0
DA:82,0
DA:83,0
DA:84,0
DA:85,0
DA:86,0
DA:87,0
DA:88,0
DA:89,0
DA:90,0
DA:91,0
DA:92,0
DA:93,0
DA:94,0
DA:95,0
DA:96,0
DA:97,0
DA:98,0
DA:99,0
DA:100,0
DA:101,0
DA:102,0
DA:103,0
DA:104,0
DA:105,0
DA:106,0
DA:112,20
DA:113,20
DA:114,20
DA:120,16
DA:121,16
DA:122,16
DA:131,4
DA:132,4
DA:133,4
DA:134,4
DA:135,4
DA:136,4
DA:138,4
DA:139,4
DA:140,4
DA:141,4
DA:142,4
DA:144,4
DA:145,4
DA:146,4
DA:147,4
DA:148,4
DA:149,4
DA:150,4
DA:151,4
DA:152,4
DA:153,4
DA:155,4
DA:156,4
DA:157,4
DA:158,4
DA:159,4
DA:160,4
DA:161,4
DA:162,4
DA:163,4
DA:164,4
DA:165,4
DA:166,4
DA:168,64
DA:169,64
DA:171,4
DA:173,4
DA:174,4
DA:175,4
DA:176,4
DA:177,4
DA:178,4
DA:179,4
DA:180,4
DA:181,4
DA:182,4
DA:183,4
DA:184,4
LF:119
LH:88
end_of_record
SF:src/message/rdata/hinfo_rdata.rs
FN:165,dns_rust::message::rdata::hinfo_rdata::hinfo_rdata_test::set_and_get_cpu_test::{closure#0}
FN:8,<dns_rust::message::rdata::hinfo_rdata::HinfoRdata as core::cmp::PartialEq>::ne
FN:99,<dns_rust::message::rdata::hinfo_rdata::HinfoRdata>::rr_from_master_file
FN:188,dns_rust::message::rdata::hinfo_rdata::hinfo_rdata_test::to_bytes_test
FN:135,<dns_rust::message::rdata::hinfo_rdata::HinfoRdata>::get_os
FN:157,dns_rust::message::rdata::hinfo_rdata::hinfo_rdata_test::constructor_test::{closure#0}
FN:147,<dns_rust::message::rdata::hinfo_rdata::HinfoRdata>::set_os
FN:8,<dns_rust::message::rdata::hinfo_rdata::HinfoRdata as core::cmp::PartialEq>::ne
FN:135,<dns_rust::message::rdata::hinfo_rdata::HinfoRdata>::get_os
FN:26,<dns_rust::message::rdata::hinfo_rdata::HinfoRdata as dns_rust::message::resource_record::ToBytes>::to_bytes
FN:8,<dns_rust::message::rdata::hinfo_rdata::HinfoRdata as core::clone::Clone>::clone
FN:131,<dns_rust::message::rdata::hinfo_rdata::HinfoRdata>::get_cpu
FN:166,dns_rust::message::rdata::hinfo_rdata::hinfo_rdata_test::set_and_get_cpu_test
FN:51,<dns_rust::message::rdata::hinfo_rdata::HinfoRdata as dns_rust::message::resource_record::FromBytes<core::result::Result<dns_rust::message::rdata::hinfo_rdata::HinfoRdata, &str>>>::from_bytes
FN:158,dns_rust::message::rdata::hinfo_rdata::hinfo_rdata_test::constructor_test
FN:203,dns_rust::message::rdata::hinfo_rdata::hinfo_rdata_test::from_bytes_test
FN:51,<dns_rust::message::rdata::hinfo_rdata::HinfoRdata as dns_rust::message::resource_record::FromBytes<core::result::Result<dns_rust::message::rdata::hinfo_rdata::HinfoRdata, &str>>>::from_bytes
FN:91,<dns_rust::message::rdata::hinfo_rdata::HinfoRdata>::new
FN:8,<dns_rust::message::rdata::hinfo_rdata::HinfoRdata as core::fmt::Debug>::fmt
FN:8,<dns_rust::message::rdata::hinfo_rdata::HinfoRdata as core::cmp::PartialEq>::eq
FN:131,<dns_rust::message::rdata::hinfo_rdata::HinfoRdata>::get_cpu
FN:8,<dns_rust::message::rdata::hinfo_rdata::HinfoRdata as core::fmt::Debug>::fmt
FN:26,<dns_rust::message::rdata::hinfo_rdata::HinfoRdata as dns_rust::message::resource_record::ToBytes>::to_bytes
FN:91,<dns_rust::message::rdata::hinfo_rdata::HinfoRdata>::new
FN:176,dns_rust::message::rdata::hinfo_rdata::hinfo_rdata_test::set_and_get_os_test::{closure#0}
FN:143,<dns_rust::message::rdata::hinfo_rdata::HinfoRdata>::set_cpu
FN:202,dns_rust::message::rdata::hinfo_rdata::hinfo_rdata_test::from_bytes_test::{closure#0}
FN:8,<dns_rust::message::rdata::hinfo_rdata::HinfoRdata as core::cmp::PartialEq>::eq
FN:177,dns_rust::message::rdata::hinfo_rdata::hinfo_rdata_test::set_and_get_os_test
FN:143,<dns_rust::message::rdata::hinfo_rdata::HinfoRdata>::set_cpu
FN:147,<dns_rust::message::rdata::hinfo_rdata::HinfoRdata>::set_os
FN:8,<dns_rust::message::rdata::hinfo_rdata::HinfoRdata as core::clone::Clone>::clone
FN:187,dns_rust::message::rdata::hinfo_rdata::hinfo_rdata_test::to_bytes_test::{closure#0}
FN:99,<dns_rust::message::rdata::hinfo_rdata::HinfoRdata>::rr_from_master_file
FNDA:1,dns_rust::message::rdata::hinfo_rdata::hinfo_rdata_test::set_and_get_cpu_test::{closure#0}
FNDA:0,<dns_rust::message::rdata::hinfo_rdata::HinfoRdata as core::cmp::PartialEq>::ne
FNDA:0,<dns_rust::message::rdata::hinfo_rdata::HinfoRdata>::rr_from_master_file
FNDA:1,dns_rust::message::rdata::hinfo_rdata::hinfo_rdata_test::to_bytes_test
FNDA:1,<dns_rust::message::rdata::hinfo_rdata::HinfoRdata>::get_os
FNDA:1,dns_rust::message::rdata::hinfo_rdata::hinfo_rdata_test::constructor_test::{closure#0}
FNDA:1,<dns_rust::message::rdata::hinfo_rdata::HinfoRdata>::set_os
FNDA:0,<dns_rust::message::rdata::hinfo_rdata::HinfoRdata as core::cmp::PartialEq>::ne
FNDA:0,<dns_rust::message::rdata::hinfo_rdata::HinfoRdata>::get_os
FNDA:1,<dns_rust::message::rdata::hinfo_rdata::HinfoRdata as dns_rust::message::resource_record::ToBytes>::to_bytes
FNDA:1,<dns_rust::message::rdata::hinfo_rdata::HinfoRdata as core::clone::Clone>::clone
FNDA:0,<dns_rust::message::rdata::hinfo_rdata::HinfoRdata>::get_cpu
FNDA:1,dns_rust::message::rdata::hinfo_rdata::hinfo_rdata_test::set_and_get_cpu_test
FNDA:0,<dns_rust::message::rdata::hinfo_rdata::HinfoRdata as dns_rust::message::resource_record::FromBytes<core::result::Result<dns_rust::message::rdata::hinfo_rdata::HinfoRdata, &str>>>::from_bytes
FNDA:1,dns_rust::message::rdata::hinfo_rdata::hinfo_rdata_test::constructor_test
FNDA:1,dns_rust::message::rdata::hinfo_rdata::hinfo_rdata_test::from_bytes_test
FNDA:1,<dns_rust::message::rdata::hinfo_rdata::HinfoRdata as dns_rust::message::resource_record::FromBytes<core::result::Result<dns_rust::message::rdata::hinfo_rdata::HinfoRdata, &str>>>::from_bytes
FNDA:0,<dns_rust::message::rdata::hinfo_rdata::HinfoRdata>::new
FNDA:0,<dns_rust::message::rdata::hinfo_rdata::HinfoRdata as core::fmt::Debug>::fmt
FNDA:0,<dns_rust::message::rdata::hinfo_rdata::HinfoRdata as core::cmp::PartialEq>::eq
FNDA:1,<dns_rust::message::rdata::hinfo_rdata::HinfoRdata>::get_cpu
FNDA:0,<dns_rust::message::rdata::hinfo_rdata::HinfoRdata as core::fmt::Debug>::fmt
FNDA:0,<dns_rust::message::rdata::hinfo_rdata::HinfoRdata as dns_rust::message::resource_record::ToBytes>::to_bytes
FNDA:1,<dns_rust::message::rdata::hinfo_rdata::HinfoRdata>::new
FNDA:1,dns_rust::message::rdata::hinfo_rdata::hinfo_rdata_test::set_and_get_os_test::{closure#0}
FNDA:1,<dns_rust::message::rdata::hinfo_rdata::HinfoRdata>::set_cpu
FNDA:1,dns_rust::message::rdata::hinfo_rdata::hinfo_rdata_test::from_bytes_test::{closure#0}
FNDA:0,<dns_rust::message::rdata::hinfo_rdata::HinfoRdata as core::cmp::PartialEq>::eq
FNDA:1,dns_rust::message::rdata::hinfo_rdata::hinfo_rdata_test::set_and_get_os_test
FNDA:0,<dns_rust::message::rdata::hinfo_rdata::HinfoRdata>::set_cpu
FNDA:0,<dns_rust::message::rdata::hinfo_rdata::HinfoRdata>::set_os
FNDA:0,<dns_rust::message::rdata::hinfo_rdata::HinfoRdata as core::clone::Clone>::clone
FNDA:1,dns_rust::message::rdata::hinfo_rdata::hinfo_rdata_test::to_bytes_test::{closure#0}
FNDA:0,<dns_rust::message::rdata::hinfo_rdata::HinfoRdata>::rr_from_master_file
FNF:34
FNH:18
BRF:0
BRH:0
DA:8,8
DA:26,4
DA:27,4
DA:28,4
DA:29,4
DA:31,12
DA:32,12
DA:33,12
DA:34,12
DA:36,4
DA:38,8
DA:39,8
DA:40,8
DA:41,8
DA:43,4
DA:44,4
DA:45,4
DA:46,4
DA:51,4
DA:52,4
DA:53,4
DA:54,4
DA:55,4
DA:57,28
DA:58,28
DA:59,8
DA:60,4
DA:61,4
DA:62,4
DA:64,20
DA:65,12
DA:66,12
DA:67,8
DA:68,8
DA:71,4
DA:72,4
DA:73,4
DA:74,4
DA:75,4
DA:76,4
DA:91,24
DA:92,24
DA:93,24
DA:94,24
DA:95,24
DA:96,24
DA:97,24
DA:99,0
DA:100,0
DA:101,0
DA:102,0
DA:103,0
DA:104,0
DA:105,0
DA:106,0
DA:107,0
DA:108,0
DA:109,0
DA:110,0
DA:111,0
DA:112,0
DA:113,0
DA:114,0
DA:115,0
DA:116,0
DA:117,0
DA:118,0
DA:119,0
DA:120,0
DA:121,0
DA:122,0
DA:123,0
DA:124,0
DA:125,0
DA:131,20
DA:132,20
DA:133,20
DA:135,20
DA:136,20
DA:137,20
DA:143,16
DA:144,16
DA:145,16
DA:147,16
DA:148,16
DA:149,16
DA:157,4
DA:158,4
DA:159,4
DA:160,4
DA:161,4
DA:162,4
DA:163,4
DA:165,4
DA:166,4
DA:167,4
DA:168,4
DA:169,4
DA:171,4
DA:172,4
DA:173,4
DA:174,4
DA:176,4
DA:177,4
DA:178,4
DA:179,4
DA:180,4
DA:182,4
DA:183,4
DA:184,4
DA:185,4
DA:187,4
DA:188,4
DA:189,4
DA:190,4
DA:191,4
DA:192,4
DA:193,4
DA:194,4
DA:195,4
DA:197,28
DA:198,28
DA:200,4
DA:202,4
DA:203,4
DA:204,4
DA:205,4
DA:206,4
DA:207,4
DA:208,4
DA:209,4
DA:210,4
LF:132
LH:105
end_of_record
SF:src/message/rdata/ns_rdata.rs
FN:79,<dns_rust::message::rdata::ns_rdata::NsRdata>::rr_from_master_file
FN:169,dns_rust::message::rdata::ns_rdata::ns_rdata_test::from_bytes_test::{closure#0}
FN:137,dns_rust::message::rdata::ns_rdata::ns_rdata_test::set_and_get_nsdname_test::{closure#0}
FN:6,<dns_rust::message::rdata::ns_rdata::NsRdata as core::cmp::PartialEq>::eq
FN:6,<dns_rust::message::rdata::ns_rdata::NsRdata as core::clone::Clone>::clone
FN:151,dns_rust::message::rdata::ns_rdata::ns_rdata_test::to_bytes_test::{closure#0}
FN:6,<dns_rust::message::rdata::ns_rdata::NsRdata as core::cmp::PartialEq>::ne
FN:111,<dns_rust::message::rdata::ns_rdata::NsRdata>::get_nsdname
FN:71,<dns_rust::message::rdata::ns_rdata::NsRdata>::new
FN:36,<dns_rust::message::rdata::ns_rdata::NsRdata as dns_rust::message::resource_record::FromBytes<core::result::Result<dns_rust::message::rdata::ns_rdata::NsRdata, &str>>>::from_bytes
FN:6,<dns_rust::message::rdata::ns_rdata::NsRdata as core::fmt::Debug>::fmt
FN:71,<dns_rust::message::rdata::ns_rdata::NsRdata>::new
FN:6,<dns_rust::message::rdata::ns_rdata::NsRdata as core::clone::Clone>::clone
FN:138,dns_rust::message::rdata::ns_rdata::ns_rdata_test::set_and_get_nsdname_test
FN:21,<dns_rust::message::rdata::ns_rdata::NsRdata as dns_rust::message::resource_record::ToBytes>::to_bytes
FN:36,<dns_rust::message::rdata::ns_rdata::NsRdata as dns_rust::message::resource_record::FromBytes<core::result::Result<dns_rust::message::rdata::ns_rdata::NsRdata, &str>>>::from_bytes
FN:130,dns_rust::message::rdata::ns_rdata::ns_rdata_test::constructor_test::{closure#0}
FN:119,<dns_rust::message::rdata::ns_rdata::NsRdata>::set_nsdname
FN:170,dns_rust::message::rdata::ns_rdata::ns_rdata_test::from_bytes_test
FN:6,<dns_rust::message::rdata::ns_rdata::NsRdata as core::fmt::Debug>::fmt
FN:131,dns_rust::message::rdata::ns_rdata::ns_rdata_test::constructor_test
FN:119,<dns_rust::message::rdata::ns_rdata::NsRdata>::set_nsdname
FN:152,dns_rust::message::rdata::ns_rdata::ns_rdata_test::to_bytes_test
FN:111,<dns_rust::message::rdata::ns_rdata::NsRdata>::get_nsdname
FN:79,<dns_rust::message::rdata::ns_rdata::NsRdata>::rr_from_master_file
FN:6,<dns_rust::message::rdata::ns_rdata::NsRdata as core::cmp::PartialEq>::eq
FN:6,<dns_rust::message::rdata::ns_rdata::NsRdata as core::cmp::PartialEq>::ne
FN:21,<dns_rust::message::rdata::ns_rdata::NsRdata as dns_rust::message::resource_record::ToBytes>::to_bytes
FNDA:1,<dns_rust::message::rdata::ns_rdata::NsRdata>::rr_from_master_file
FNDA:1,dns_rust::message::rdata::ns_rdata::ns_rdata_test::from_bytes_test::{closure#0}
FNDA:1,dns_rust::message::rdata::ns_rdata::ns_rdata_test::set_and_get_nsdname_test::{closure#0}
FNDA:0,<dns_rust::message::rdata::ns_rdata::NsRdata as core::cmp::PartialEq>::eq
FNDA:1,<dns_rust::message::rdata::ns_rdata::NsRdata as core::clone::Clone>::clone
FNDA:1,dns_rust::message::rdata::ns_rdata::ns_rdata_test::to_bytes_test::{closure#0}
FNDA:0,<dns_rust::message::rdata::ns_rdata::NsRdata as core::cmp::PartialEq>::ne
FNDA:1,<dns_rust::message::rdata::ns_rdata::NsRdata>::get_nsdname
FNDA:1,<dns_rust::message::rdata::ns_rdata::NsRdata>::new
FNDA:1,<dns_rust::message::rdata::ns_rdata::NsRdata as dns_rust::message::resource_record::FromBytes<core::result::Result<dns_rust::message::rdata::ns_rdata::NsRdata, &str>>>::from_bytes
FNDA:0,<dns_rust::message::rdata::ns_rdata::NsRdata as core::fmt::Debug>::fmt
FNDA:1,<dns_rust::message::rdata::ns_rdata::NsRdata>::new
FNDA:1,<dns_rust::message::rdata::ns_rdata::NsRdata as core::clone::Clone>::clone
FNDA:1,dns_rust::message::rdata::ns_rdata::ns_rdata_test::set_and_get_nsdname_test
FNDA:1,<dns_rust::message::rdata::ns_rdata::NsRdata as dns_rust::message::resource_record::ToBytes>::to_bytes
FNDA:1,<dns_rust::message::rdata::ns_rdata::NsRdata as dns_rust::message::resource_record::FromBytes<core::result::Result<dns_rust::message::rdata::ns_rdata::NsRdata, &str>>>::from_bytes
FNDA:1,dns_rust::message::rdata::ns_rdata::ns_rdata_test::constructor_test::{closure#0}
FNDA:1,<dns_rust::message::rdata::ns_rdata::NsRdata>::set_nsdname
FNDA:1,dns_rust::message::rdata::ns_rdata::ns_rdata_test::from_bytes_test
FNDA:0,<dns_rust::message::rdata::ns_rdata::NsRdata as core::fmt::Debug>::fmt
FNDA:1,dns_rust::message::rdata::ns_rdata::ns_rdata_test::constructor_test
FNDA:1,<dns_rust::message::rdata::ns_rdata::NsRdata>::set_nsdname
FNDA:1,dns_rust::message::rdata::ns_rdata::ns_rdata_test::to_bytes_test
FNDA:1,<dns_rust::message::rdata::ns_rdata::NsRdata>::get_nsdname
FNDA:0,<dns_rust::message::rdata::ns_rdata::NsRdata>::rr_from_master_file
FNDA:0,<dns_rust::message::rdata::ns_rdata::NsRdata as core::cmp::PartialEq>::eq
FNDA:0,<dns_rust::message::rdata::ns_rdata::NsRdata as core::cmp::PartialEq>::ne
FNDA:1,<dns_rust::message::rdata::ns_rdata::NsRdata as dns_rust::message::resource_record::ToBytes>::to_bytes
FNF:28
FNH:21
BRF:0
BRH:0
DA:6,437396
DA:21,12
DA:22,12
DA:23,12
DA:24,12
DA:26,224
DA:27,224
DA:28,224
DA:30,12
DA:31,12
DA:36,944
DA:37,944
DA:38,944
DA:39,944
DA:40,0
DA:41,944
DA:42,944
DA:43,944
DA:44,944
DA:45,944
DA:46,948
DA:47,0
DA:48,0
DA:52,948
DA:53,948
DA:54,948
DA:55,948
DA:56,948
DA:57,948
DA:58,948
DA:71,1268
DA:72,1268
DA:73,1268
DA:74,1268
DA:75,1268
DA:76,1268
DA:77,1268
DA:79,264
DA:80,264
DA:81,264
DA:82,264
DA:83,264
DA:84,264
DA:85,264
DA:86,264
DA:87,264
DA:88,264
DA:89,264
DA:90,264
DA:91,264
DA:92,264
DA:93,264
DA:94,264
DA:95,264
DA:96,264
DA:97,264
DA:98,264
DA:99,264
DA:100,264
DA:101,264
DA:102,264
DA:103,264
DA:104,264
DA:105,264
DA:111,2692
DA:112,2692
DA:113,2692
DA:119,1244
DA:120,1244
DA:121,1244
DA:130,4
DA:131,4
DA:132,4
DA:133,4
DA:134,4
DA:135,4
DA:137,4
DA:138,4
DA:139,4
DA:140,4
DA:141,4
DA:143,4
DA:144,4
DA:145,4
DA:146,4
DA:147,4
DA:148,4
DA:149,4
DA:151,4
DA:152,4
DA:153,4
DA:154,4
DA:155,4
DA:156,4
DA:157,4
DA:158,4
DA:159,4
DA:160,4
DA:161,4
DA:162,4
DA:164,64
DA:165,64
DA:167,4
DA:169,4
DA:170,4
DA:171,4
DA:172,4
DA:173,4
DA:174,4
DA:175,4
DA:176,4
DA:177,4
DA:178,4
DA:179,4
DA:180,4
LF:115
LH:112
end_of_record
SF:src/message/resource_record.rs
FN:695,dns_rust::message::resource_record::resource_record_test::constructor_hinfo_test::{closure#0}
FN:793,dns_rust::message::resource_record::resource_record_test::constructor_other_rdata_test::{closure#0}
FN:7,<dns_rust::message::resource_record::ResourceRecord as core::fmt::Debug>::fmt
FN:445,<dns_rust::message::resource_record::ResourceRecord>::set_rdata
FN:313,<dns_rust::message::resource_record::ResourceRecord>::get_first_rdlength_byte
FN:619,dns_rust::message::resource_record::resource_record_test::constructor_soa_test
FN:882,dns_rust::message::resource_record::resource_record_test::set_and_get_rdlength_test::{closure#0}
FN:313,<dns_rust::message::resource_record::ResourceRecord>::get_first_rdlength_byte
FN:883,dns_rust::message::resource_record::resource_record_test::set_and_get_rdlength_test
FN:858,dns_rust::message::resource_record::resource_record_test::set_and_get_class_test::{closure#0}
FN:1008,dns_rust::message::resource_record::resource_record_test::rr_equal_test::{closure#0}
FN:539,dns_rust::message::resource_record::resource_record_test::constructor_a_test
FN:187,<dns_rust::message::resource_record::ResourceRecord>::from_bytes
FN:871,dns_rust::message::resource_record::resource_record_test::set_and_get_ttl_test
FN:288,<dns_rust::message::resource_record::ResourceRecord>::get_second_ttl_byte
FN:591,dns_rust::message::resource_record::resource_record_test::constructor_cname_test
FN:1001,dns_rust::message::resource_record::resource_record_test::get_string_type_test
FN:859,dns_rust::message::resource_record::resource_record_test::set_and_get_class_test
FN:7,<dns_rust::message::resource_record::ResourceRecord as core::clone::Clone>::clone
FN:187,<dns_rust::message::resource_record::ResourceRecord>::from_bytes
FN:1000,dns_rust::message::resource_record::resource_record_test::get_string_type_test::{closure#0}
FN:772,dns_rust::message::resource_record::resource_record_test::constructor_txt_test::{closure#0}
FN:870,dns_rust::message::resource_record::resource_record_test::set_and_get_ttl_test::{closure#0}
FN:430,<dns_rust::message::resource_record::ResourceRecord>::set_class
FN:504,<dns_rust::message::resource_record::ResourceRecord>::get_rdata
FN:7,<dns_rust::message::resource_record::ResourceRecord as core::cmp::PartialEq>::eq
FN:846,dns_rust::message::resource_record::resource_record_test::set_and_get_type_code_test::{closure#0}
FN:248,<dns_rust::message::resource_record::ResourceRecord>::get_first_type_code_byte
FN:494,<dns_rust::message::resource_record::ResourceRecord>::get_ttl
FN:499,<dns_rust::message::resource_record::ResourceRecord>::get_rdlength
FN:445,<dns_rust::message::resource_record::ResourceRecord>::set_rdata
FN:330,<dns_rust::message::resource_record::ResourceRecord>::rdata_to_bytes
FN:366,<dns_rust::message::resource_record::ResourceRecord>::to_bytes
FN:947,dns_rust::message::resource_record::resource_record_test::from_bytes_test
FN:304,<dns_rust::message::resource_record::ResourceRecord>::get_fourth_ttl_byte
FN:847,dns_rust::message::resource_record::resource_record_test::set_and_get_type_code_test
FN:397,<dns_rust::message::resource_record::ResourceRecord>::get_string_type
FN:256,<dns_rust::message::resource_record::ResourceRecord>::get_second_type_code_byte
FN:510,<dns_rust::message::resource_record::ResourceRecord as core::fmt::Display>::fmt
FN:322,<dns_rust::message::resource_record::ResourceRecord>::get_second_rdlength_byte
FN:833,dns_rust::message::resource_record::resource_record_test::set_and_get_name_test
FN:280,<dns_rust::message::resource_record::ResourceRecord>::get_first_ttl_byte
FN:296,<dns_rust::message::resource_record::ResourceRecord>::get_third_ttl_byte
FN:917,dns_rust::message::resource_record::resource_record_test::to_bytes_test
FN:1009,dns_rust::message::resource_record::resource_record_test::rr_equal_test
FN:832,dns_rust::message::resource_record::resource_record_test::set_and_get_name_test::{closure#0}
FN:7,<dns_rust::message::resource_record::ResourceRecord as core::clone::Clone>::clone
FN:916,dns_rust::message::resource_record::resource_record_test::to_bytes_test::{closure#0}
FN:489,<dns_rust::message::resource_record::ResourceRecord>::get_class
FN:75,<dns_rust::message::resource_record::ResourceRecord>::new
FN:430,<dns_rust::message::resource_record::ResourceRecord>::set_class
FN:7,<dns_rust::message::resource_record::ResourceRecord as core::cmp::PartialEq>::eq
FN:773,dns_rust::message::resource_record::resource_record_test::constructor_txt_test
FN:272,<dns_rust::message::resource_record::ResourceRecord>::get_second_class_byte
FN:256,<dns_rust::message::resource_record::ResourceRecord>::get_second_type_code_byte
FN:479,<dns_rust::message::resource_record::ResourceRecord>::get_name
FN:440,<dns_rust::message::resource_record::ResourceRecord>::set_rdlength
FN:435,<dns_rust::message::resource_record::ResourceRecord>::set_ttl
FN:7,<dns_rust::message::resource_record::ResourceRecord as core::fmt::Debug>::fmt
FN:504,<dns_rust::message::resource_record::ResourceRecord>::get_rdata
FN:304,<dns_rust::message::resource_record::ResourceRecord>::get_fourth_ttl_byte
FN:264,<dns_rust::message::resource_record::ResourceRecord>::get_first_class_byte
FN:499,<dns_rust::message::resource_record::ResourceRecord>::get_rdlength
FN:7,<dns_rust::message::resource_record::ResourceRecord as core::cmp::PartialEq>::ne
FN:420,<dns_rust::message::resource_record::ResourceRecord>::set_name
FN:330,<dns_rust::message::resource_record::ResourceRecord>::rdata_to_bytes
FN:288,<dns_rust::message::resource_record::ResourceRecord>::get_second_ttl_byte
FN:484,<dns_rust::message::resource_record::ResourceRecord>::get_type_code
FN:489,<dns_rust::message::resource_record::ResourceRecord>::get_class
FN:440,<dns_rust::message::resource_record::ResourceRecord>::set_rdlength
FN:894,dns_rust::message::resource_record::resource_record_test::set_and_get_rdata_test::{closure#0}
FN:450,<dns_rust::message::resource_record::ResourceRecord>::rr_equal
FN:322,<dns_rust::message::resource_record::ResourceRecord>::get_second_rdlength_byte
FN:668,dns_rust::message::resource_record::resource_record_test::constructor_ptr_test
FN:733,dns_rust::message::resource_record::resource_record_test::constructor_mx_test::{closure#0}
FN:538,dns_rust::message::resource_record::resource_record_test::constructor_a_test::{closure#0}
FN:366,<dns_rust::message::resource_record::ResourceRecord>::to_bytes
FN:494,<dns_rust::message::resource_record::ResourceRecord>::get_ttl
FN:895,dns_rust::message::resource_record::resource_record_test::set_and_get_rdata_test
FN:563,dns_rust::message::resource_record::resource_record_test::constructor_ns_test
FN:484,<dns_rust::message::resource_record::ResourceRecord>::get_type_code
FN:590,dns_rust::message::resource_record::resource_record_test::constructor_cname_test::{closure#0}
FN:435,<dns_rust::message::resource_record::ResourceRecord>::set_ttl
FN:734,dns_rust::message::resource_record::resource_record_test::constructor_mx_test
FN:272,<dns_rust::message::resource_record::ResourceRecord>::get_second_class_byte
FN:618,dns_rust::message::resource_record::resource_record_test::constructor_soa_test::{closure#0}
FN:510,<dns_rust::message::resource_record::ResourceRecord as core::fmt::Display>::fmt
FN:425,<dns_rust::message::resource_record::ResourceRecord>::set_type_code
FN:280,<dns_rust::message::resource_record::ResourceRecord>::get_first_ttl_byte
FN:248,<dns_rust::message::resource_record::ResourceRecord>::get_first_type_code_byte
FN:479,<dns_rust::message::resource_record::ResourceRecord>::get_name
FN:946,dns_rust::message::resource_record::resource_record_test::from_bytes_test::{closure#0}
FN:296,<dns_rust::message::resource_record::ResourceRecord>::get_third_ttl_byte
FN:425,<dns_rust::message::resource_record::ResourceRecord>::set_type_code
FN:264,<dns_rust::message::resource_record::ResourceRecord>::get_first_class_byte
FN:420,<dns_rust::message::resource_record::ResourceRecord>::set_name
FN:696,dns_rust::message::resource_record::resource_record_test::constructor_hinfo_test
FN:667,dns_rust::message::resource_record::resource_record_test::constructor_ptr_test::{closure#0}
FN:794,dns_rust::message::resource_record::resource_record_test::constructor_other_rdata_test
FN:7,<dns_rust::message::resource_record::ResourceRecord as core::cmp::PartialEq>::ne
FN:75,<dns_rust::message::resource_record::ResourceRecord>::new
FN:562,dns_rust::message::resource_record::resource_record_test::constructor_ns_test::{closure#0}
FN:450,<dns_rust::message::resource_record::ResourceRecord>::rr_equal
FN:397,<dns_rust::message::resource_record::ResourceRecord>::get_string_type
FNDA:1,dns_rust::message::resource_record::resource_record_test::constructor_hinfo_test::{closure#0}
FNDA:1,dns_rust::message::resource_record::resource_record_test::constructor_other_rdata_test::{closure#0}
FNDA:0,<dns_rust::message::resource_record::ResourceRecord as core::fmt::Debug>::fmt
FNDA:1,<dns_rust::message::resource_record::ResourceRecord>::set_rdata
FNDA:0,<dns_rust::message::resource_record::ResourceRecord>::get_first_rdlength_byte
FNDA:1,dns_rust::message::resource_record::resource_record_test::constructor_soa_test
FNDA:1,dns_rust::message::resource_record::resource_record_test::set_and_get_rdlength_test::{closure#0}
FNDA:0,<dns_rust::message::resource_record::ResourceRecord>::get_first_rdlength_byte
FNDA:1,dns_rust::message::resource_record::resource_record_test::set_and_get_rdlength_test
FNDA:1,dns_rust::message::resource_record::resource_record_test::set_and_get_class_test::{closure#0}
FNDA:1,dns_rust::message::resource_record::resource_record_test::rr_equal_test::{closure#0}
FNDA:1,dns_rust::message::resource_record::resource_record_test::constructor_a_test
FNDA:1,<dns_rust::message::resource_record::ResourceRecord>::from_bytes
FNDA:1,dns_rust::message::resource_record::resource_record_test::set_and_get_ttl_test
FNDA:1,<dns_rust::message::resource_record::ResourceRecord>::get_second_ttl_byte
FNDA:1,dns_rust::message::resource_record::resource_record_test::constructor_cname_test
FNDA:1,dns_rust::message::resource_record::resource_record_test::get_string_type_test
FNDA:1,dns_rust::message::resource_record::resource_record_test::set_and_get_class_test
FNDA:1,<dns_rust::message::resource_record::ResourceRecord as core::clone::Clone>::clone
FNDA:1,<dns_rust::message::resource_record::ResourceRecord>::from_bytes
FNDA:1,dns_rust::message::resource_record::resource_record_test::get_string_type_test::{closure#0}
FNDA:1,dns_rust::message::resource_record::resource_record_test::constructor_txt_test::{closure#0}
FNDA:1,dns_rust::message::resource_record::resource_record_test::set_and_get_ttl_test::{closure#0}
FNDA:1,<dns_rust::message::resource_record::ResourceRecord>::set_class
FNDA:1,<dns_rust::message::resource_record::ResourceRecord>::get_rdata
FNDA:0,<dns_rust::message::resource_record::ResourceRecord as core::cmp::PartialEq>::eq
FNDA:1,dns_rust::message::resource_record::resource_record_test::set_and_get_type_code_test::{closure#0}
FNDA:1,<dns_rust::message::resource_record::ResourceRecord>::get_first_type_code_byte
FNDA:1,<dns_rust::message::resource_record::ResourceRecord>::get_ttl
FNDA:0,<dns_rust::message::resource_record::ResourceRecord>::get_rdlength
FNDA:0,<dns_rust::message::resource_record::ResourceRecord>::set_rdata
FNDA:1,<dns_rust::message::resource_record::ResourceRecord>::rdata_to_bytes
FNDA:1,<dns_rust::message::resource_record::ResourceRecord>::to_bytes
FNDA:1,dns_rust::message::resource_record::resource_record_test::from_bytes_test
FNDA:1,<dns_rust::message::resource_record::ResourceRecord>::get_fourth_ttl_byte
FNDA:1,dns_rust::message::resource_record::resource_record_test::set_and_get_type_code_test
FNDA:1,<dns_rust::message::resource_record::ResourceRecord>::get_string_type
FNDA:1,<dns_rust::message::resource_record::ResourceRecord>::get_second_type_code_byte
FNDA:0,<dns_rust::message::resource_record::ResourceRecord as core::fmt::Display>::fmt
FNDA:0,<dns_rust::message::resource_record::ResourceRecord>::get_second_rdlength_byte
FNDA:1,dns_rust::message::resource_record::resource_record_test::set_and_get_name_test
FNDA:1,<dns_rust::message::resource_record::ResourceRecord>::get_first_ttl_byte
FNDA:1,<dns_rust::message::resource_record::ResourceRecord>::get_third_ttl_byte
FNDA:1,dns_rust::message::resource_record::resource_record_test::to_bytes_test
FNDA:1,dns_rust::message::resource_record::resource_record_test::rr_equal_test
FNDA:1,dns_rust::message::resource_record::resource_record_test::set_and_get_name_test::{closure#0}
FNDA:1,<dns_rust::message::resource_record::ResourceRecord as core::clone::Clone>::clone
FNDA:1,dns_rust::message::resource_record::resource_record_test::to_bytes_test::{closure#0}
FNDA:1,<dns_rust::message::resource_record::ResourceRecord>::get_class
FNDA:0,<dns_rust::message::resource_record::ResourceRecord>::new
FNDA:0,<dns_rust::message::resource_record::ResourceRecord>::set_class
FNDA:0,<dns_rust::message::resource_record::ResourceRecord as core::cmp::PartialEq>::eq
FNDA:1,dns_rust::message::resource_record::resource_record_test::constructor_txt_test
FNDA:1,<dns_rust::message::resource_record::ResourceRecord>::get_second_class_byte
FNDA:1,<dns_rust::message::resource_record::ResourceRecord>::get_second_type_code_byte
FNDA:1,<dns_rust::message::resource_record::ResourceRecord>::get_name
FNDA:0,<dns_rust::message::resource_record::ResourceRecord>::set_rdlength
FNDA:1,<dns_rust::message::resource_record::ResourceRecord>::set_ttl
FNDA:0,<dns_rust::message::resource_record::ResourceRecord as core::fmt::Debug>::fmt
FNDA:1,<dns_rust::message::resource_record::ResourceRecord>::get_rdata
FNDA:1,<dns_rust::message::resource_record::ResourceRecord>::get_fourth_ttl_byte
FNDA:1,<dns_rust::message::resource_record::ResourceRecord>::get_first_class_byte
FNDA:1,<dns_rust::message::resource_record::ResourceRecord>::get_rdlength
FNDA:0,<dns_rust::message::resource_record::ResourceRecord as core::cmp::PartialEq>::ne
FNDA:1,<dns_rust::message::resource_record::ResourceRecord>::set_name
FNDA:1,<dns_rust::message::resource_record::ResourceRecord>::rdata_to_bytes
FNDA:1,<dns_rust::message::resource_record::ResourceRecord>::get_second_ttl_byte
FNDA:1,<dns_rust::message::resource_record::ResourceRecord>::get_type_code
FNDA:1,<dns_rust::message::resource_record::ResourceRecord>::get_class
FNDA:1,<dns_rust::message::resource_record::ResourceRecord>::set_rdlength
FNDA:1,dns_rust::message::resource_record::resource_record_test::set_and_get_rdata_test::{closure#0}
FNDA:1,<dns_rust::message::resource_record::ResourceRecord>::rr_equal
FNDA:0,<dns_rust::message::resource_record::ResourceRecord>::get_second_rdlength_byte
FNDA:1,dns_rust::message::resource_record::resource_record_test::constructor_ptr_test
FNDA:1,dns_rust::message::resource_record::resource_record_test::constructor_mx_test::{closure#0}
FNDA:1,dns_rust::message::resource_record::resource_record_test::constructor_a_test::{closure#0}
FNDA:1,<dns_rust::message::resource_record::ResourceRecord>::to_bytes
FNDA:1,<dns_rust::message::resource_record::ResourceRecord>::get_ttl
FNDA:1,dns_rust::message::resource_record::resource_record_test::set_and_get_rdata_test
FNDA:1,dns_rust::message::resource_record::resource_record_test::constructor_ns_test
FNDA:1,<dns_rust::message::resource_record::ResourceRecord>::get_type_code
FNDA:1,dns_rust::message::resource_record::resource_record_test::constructor_cname_test::{closure#0}
FNDA:1,<dns_rust::message::resource_record::ResourceRecord>::set_ttl
FNDA:1,dns_rust::message::resource_record::resource_record_test::constructor_mx_test
FNDA:1,<dns_rust::message::resource_record::ResourceRecord>::get_second_class_byte
FNDA:1,dns_rust::message::resource_record::resource_record_test::constructor_soa_test::{closure#0}
FNDA:0,<dns_rust::message::resource_record::ResourceRecord as core::fmt::Display>::fmt
FNDA:1,<dns_rust::message::resource_record::ResourceRecord>::set_type_code
FNDA:1,<dns_rust::message::resource_record::ResourceRecord>::get_first_ttl_byte
FNDA:1,<dns_rust::message::resource_record::ResourceRecord>::get_first_type_code_byte
FNDA:1,<dns_rust::message::resource_record::ResourceRecord>::get_name
FNDA:1,dns_rust::message::resource_record::resource_record_test::from_bytes_test::{closure#0}
FNDA:1,<dns_rust::message::resource_record::ResourceRecord>::get_third_ttl_byte
FNDA:0,<dns_rust::message::resource_record::ResourceRecord>::set_type_code
FNDA:1,<dns_rust::message::resource_record::ResourceRecord>::get_first_class_byte
FNDA:0,<dns_rust::message::resource_record::ResourceRecord>::set_name
FNDA:1,dns_rust::message::resource_record::resource_record_test::constructor_hinfo_test
FNDA:1,dns_rust::message::resource_record::resource_record_test::constructor_ptr_test::{closure#0}
FNDA:1,dns_rust::message::resource_record::resource_record_test::constructor_other_rdata_test
FNDA:0,<dns_rust::message::resource_record::ResourceRecord as core::cmp::PartialEq>::ne
FNDA:1,<dns_rust::message::resource_record::ResourceRecord>::new
FNDA:1,dns_rust::message::resource_record::resource_record_test::constructor_ns_test::{closure#0}
FNDA:0,<dns_rust::message::resource_record::ResourceRecord>::rr_equal
FNDA:1,<dns_rust::message::resource_record::ResourceRecord>::get_string_type
FNF:104
FNH:84
BRF:0
BRH:0
DA:7,1056184
DA:75,1052
DA:76,1052
DA:77,460
DA:78,460
DA:79,460
DA:80,460
DA:81,460
DA:82,460
DA:83,460
DA:84,460
DA:86,308
DA:87,308
DA:88,308
DA:89,308
DA:90,308
DA:91,308
DA:92,308
DA:93,308
DA:94,56
DA:95,56
DA:96,56
DA:97,56
DA:98,56
DA:99,56
DA:100,56
DA:101,56
DA:102,104
DA:103,104
DA:104,104
DA:105,104
DA:106,104
DA:107,104
DA:108,104
DA:109,104
DA:110,4
DA:111,4
DA:112,4
DA:113,4
DA:114,4
DA:115,4
DA:116,4
DA:117,4
DA:118,4
DA:119,4
DA:120,4
DA:121,4
DA:122,4
DA:123,4
DA:124,4
DA:125,4
DA:126,76
DA:127,76
DA:128,76
DA:129,76
DA:130,76
DA:131,76
DA:132,76
DA:133,76
DA:134,36
DA:135,36
DA:136,36
DA:137,36
DA:138,36
DA:139,36
DA:140,36
DA:141,36
DA:142,4
DA:143,4
DA:144,4
DA:145,4
DA:146,4
DA:147,4
DA:148,4
DA:149,4
DA:151,1052
DA:187,2456
DA:188,2456
DA:189,2456
DA:190,2456
DA:191,2456
DA:192,2456
DA:193,2456
DA:194,2456
DA:195,0
DA:198,2456
DA:199,2456
DA:200,2456
DA:201,0
DA:202,2456
DA:203,2456
DA:204,2456
DA:205,2456
DA:206,2456
DA:207,2456
DA:208,2456
DA:209,2456
DA:210,2456
DA:211,2456
DA:212,2456
DA:213,2456
DA:214,2456
DA:215,0
DA:216,2456
DA:217,2456
DA:218,2456
DA:219,2456
DA:220,2456
DA:221,2456
DA:222,2456
DA:223,2456
DA:224,2456
DA:225,2456
DA:226,2456
DA:227,2464
DA:228,0
DA:229,0
DA:233,2464
DA:234,2464
DA:235,2464
DA:236,2464
DA:237,2464
DA:238,2464
DA:239,2464
DA:240,2464
DA:241,2464
DA:242,2464
DA:243,2464
DA:244,2464
DA:245,2464
DA:248,20
DA:249,20
DA:250,20
DA:251,20
DA:252,20
DA:253,20
DA:256,20
DA:257,20
DA:258,20
DA:259,20
DA:260,20
DA:261,20
DA:264,20
DA:265,20
DA:266,20
DA:267,20
DA:268,20
DA:269,20
DA:272,20
DA:273,20
DA:274,20
DA:275,20
DA:276,20
DA:277,20
DA:280,20
DA:281,20
DA:282,20
DA:283,20
DA:284,20
DA:285,20
DA:288,20
DA:289,20
DA:290,20
DA:291,20
DA:292,20
DA:293,20
DA:296,20
DA:297,20
DA:298,20
DA:299,20
DA:300,20
DA:301,20
DA:304,20
DA:305,20
DA:306,20
DA:307,20
DA:308,20
DA:309,20
DA:313,0
DA:314,0
DA:315,0
DA:316,0
DA:317,0
DA:318,0
DA:322,0
DA:323,0
DA:324,0
DA:325,0
DA:326,0
DA:327,0
DA:330,20
DA:331,20
DA:332,20
DA:333,20
DA:334,20
DA:366,20
DA:367,20
DA:368,20
DA:369,20
DA:371,220
DA:372,220
DA:373,220
DA:375,20
DA:376,20
DA:377,20
DA:378,20
DA:379,20
DA:380,20
DA:381,20
DA:382,20
DA:383,20
DA:384,20
DA:385,20
DA:386,20
DA:387,20
DA:388,20
DA:390,244
DA:391,244
DA:392,244
DA:394,20
DA:395,20
DA:397,884
DA:398,884
DA:399,748
DA:400,136
DA:401,0
DA:402,0
DA:403,0
DA:404,0
DA:405,0
DA:406,0
DA:407,0
DA:408,0
DA:409,0
DA:410,0
DA:413,884
DA:414,884
DA:420,648
DA:421,648
DA:422,648
DA:425,764
DA:426,764
DA:427,764
DA:430,652
DA:431,652
DA:432,652
DA:435,2908
DA:436,2908
DA:437,2908
DA:440,648
DA:441,648
DA:442,648
DA:445,4
DA:446,4
DA:447,4
DA:450,16
DA:451,16
DA:452,16
DA:453,16
DA:454,16
DA:455,16
DA:456,16
DA:457,16
DA:458,16
DA:459,16
DA:460,16
DA:461,16
DA:462,16
DA:463,16
DA:464,16
DA:465,16
DA:466,16
DA:467,16
DA:468,16
DA:469,8
DA:471,8
DA:473,16
DA:479,18212
DA:480,18212
DA:481,18212
DA:484,6234
DA:485,6234
DA:486,6234
DA:489,100
DA:490,100
DA:491,100
DA:494,2444
DA:495,2444
DA:496,2444
DA:499,60
DA:500,60
DA:501,60
DA:504,6494
DA:505,6494
DA:506,6494
DA:510,0
DA:511,0
DA:512,0
DA:513,0
DA:514,0
DA:515,0
DA:516,0
DA:517,0
DA:518,0
DA:519,0
DA:520,0
DA:538,4
DA:539,4
DA:540,4
DA:541,4
DA:542,4
DA:543,0
DA:546,4
DA:547,4
DA:548,4
DA:549,4
DA:550,4
DA:551,4
DA:552,4
DA:553,4
DA:554,4
DA:555,4
DA:556,0
DA:560,4
DA:562,4
DA:563,4
DA:564,4
DA:565,4
DA:566,4
DA:567,4
DA:568,4
DA:569,4
DA:570,4
DA:571,0
DA:574,4
DA:575,4
DA:576,4
DA:577,4
DA:578,4
DA:579,4
DA:580,4
DA:581,4
DA:582,4
DA:583,4
DA:584,0
DA:586,4
DA:588,4
DA:590,4
DA:591,4
DA:592,4
DA:593,4
DA:594,4
DA:595,4
DA:596,4
DA:597,4
DA:598,4
DA:599,0
DA:602,4
DA:603,4
DA:604,4
DA:605,4
DA:606,4
DA:607,4
DA:608,4
DA:609,4
DA:610,4
DA:611,4
DA:612,0
DA:614,4
DA:616,4
DA:618,4
DA:619,4
DA:620,4
DA:621,4
DA:622,4
DA:623,4
DA:624,4
DA:625,4
DA:626,4
DA:627,4
DA:628,4
DA:629,4
DA:630,4
DA:631,4
DA:632,4
DA:634,0
DA:637,4
DA:638,4
DA:639,4
DA:640,4
DA:641,4
DA:642,4
DA:643,4
DA:644,4
DA:645,4
DA:646,4
DA:647,0
DA:649,4
DA:651,4
DA:652,4
DA:653,4
DA:654,0
DA:656,4
DA:658,4
DA:659,4
DA:660,4
DA:661,0
DA:665,4
DA:667,4
DA:668,4
DA:669,4
DA:670,4
DA:671,4
DA:672,4
DA:673,4
DA:674,4
DA:675,4
DA:676,0
DA:679,4
DA:680,4
DA:681,4
DA:682,4
DA:683,4
DA:684,4
DA:685,4
DA:686,4
DA:687,4
DA:688,4
DA:689,0
DA:691,4
DA:693,4
DA:695,4
DA:696,4
DA:697,4
DA:698,4
DA:699,4
DA:700,4
DA:701,4
DA:702,4
DA:703,4
DA:704,4
DA:705,4
DA:707,0
DA:710,4
DA:711,4
DA:712,4
DA:713,4
DA:714,4
DA:715,4
DA:716,4
DA:717,4
DA:718,4
DA:719,4
DA:720,0
DA:722,4
DA:724,4
DA:725,4
DA:726,4
DA:727,0
DA:729,4
DA:731,4
DA:733,4
DA:734,4
DA:735,4
DA:736,4
DA:737,4
DA:738,4
DA:739,4
DA:740,4
DA:741,4
DA:742,4
DA:743,4
DA:744,4
DA:746,0
DA:749,4
DA:750,4
DA:751,4
DA:752,4
DA:753,4
DA:754,4
DA:755,4
DA:756,4
DA:757,4
DA:758,4
DA:759,0
DA:763,4
DA:764,4
DA:765,4
DA:766,0
DA:768,4
DA:770,4
DA:772,4
DA:773,4
DA:774,4
DA:775,4
DA:776,4
DA:777,4
DA:778,4
DA:779,4
DA:780,4
DA:781,4
DA:782,4
DA:783,4
DA:784,4
DA:785,4
DA:786,4
DA:787,0
DA:789,4
DA:791,4
DA:793,4
DA:794,4
DA:795,4
DA:796,4
DA:797,4
DA:798,4
DA:799,4
DA:800,4
DA:801,4
DA:802,4
DA:803,4
DA:804,4
DA:806,0
DA:809,4
DA:810,4
DA:811,4
DA:812,4
DA:813,4
DA:814,4
DA:815,4
DA:816,4
DA:817,4
DA:818,4
DA:819,0
DA:823,4
DA:824,4
DA:825,4
DA:826,0
DA:828,4
DA:830,4
DA:832,4
DA:833,4
DA:834,4
DA:835,4
DA:836,4
DA:838,4
DA:839,4
DA:840,4
DA:841,4
DA:842,4
DA:843,4
DA:844,4
DA:846,4
DA:847,4
DA:848,4
DA:849,4
DA:850,4
DA:852,4
DA:853,4
DA:854,4
DA:855,4
DA:856,4
DA:858,4
DA:859,4
DA:860,4
DA:861,4
DA:862,4
DA:864,4
DA:865,4
DA:866,4
DA:867,4
DA:868,4
DA:870,4
DA:871,4
DA:872,4
DA:873,4
DA:874,4
DA:876,4
DA:877,4
DA:878,4
DA:879,4
DA:880,4
DA:882,4
DA:883,4
DA:884,4
DA:885,4
DA:886,4
DA:888,4
DA:889,4
DA:890,4
DA:891,4
DA:892,4
DA:894,4
DA:895,4
DA:896,4
DA:897,4
DA:898,4
DA:899,4
DA:900,4
DA:901,0
DA:904,4
DA:905,4
DA:907,4
DA:908,4
DA:909,4
DA:910,0
DA:914,4
DA:916,4
DA:917,4
DA:918,4
DA:919,4
DA:920,4
DA:921,4
DA:922,4
DA:923,4
DA:924,4
DA:925,4
DA:926,4
DA:927,4
DA:928,4
DA:929,4
DA:930,4
DA:931,4
DA:932,4
DA:933,4
DA:934,4
DA:935,4
DA:936,4
DA:937,4
DA:938,4
DA:940,116
DA:941,116
DA:942,116
DA:944,4
DA:946,4
DA:947,4
DA:948,4
DA:949,4
DA:950,4
DA:951,4
DA:952,4
DA:953,4
DA:954,4
DA:955,4
DA:956,4
DA:957,4
DA:958,4
DA:959,4
DA:960,4
DA:961,4
DA:962,4
DA:963,4
DA:964,4
DA:966,4
DA:967,4
DA:968,4
DA:969,0
DA:971,4
DA:974,4
DA:975,4
DA:976,4
DA:977,4
DA:978,4
DA:979,4
DA:980,4
DA:981,4
DA:982,4
DA:983,4
DA:984,4
DA:985,4
DA:986,4
DA:987,4
DA:988,4
DA:989,4
DA:991,4
DA:992,4
DA:993,4
DA:994,0
DA:996,4
DA:998,4
DA:1000,4
DA:1001,4
DA:1002,4
DA:1003,4
DA:1004,4
DA:1005,4
DA:1006,4
DA:1008,4
DA:1009,4
DA:1010,4
DA:1011,4
DA:1012,4
DA:1013,4
DA:1014,4
DA:1015,4
DA:1016,4
DA:1017,4
DA:1018,4
DA:1019,4
DA:1020,4
DA:1021,4
LF:700
LH:636
end_of_record
SF:src/message/header.rs
FN:458,<dns_rust::message::header::Header>::get_rcode
FN:505,dns_rust::message::header::header_test::set_and_get_id_test
FN:265,<dns_rust::message::header::Header>::get_second_nscount_byte
FN:241,<dns_rust::message::header::Header>::get_first_ancount_byte
FN:281,<dns_rust::message::header::Header>::get_second_arcount_byte
FN:614,dns_rust::message::header::header_test::set_and_get_arcount_test::{closure#0}
FN:385,<dns_rust::message::header::Header>::set_rd
FN:428,<dns_rust::message::header::Header>::get_qr
FN:302,<dns_rust::message::header::Header>::get_second_flags_byte
FN:400,<dns_rust::message::header::Header>::set_qdcount
FN:468,<dns_rust::message::header::Header>::get_ancount
FN:370,<dns_rust::message::header::Header>::set_op_code
FN:199,<dns_rust::message::header::Header>::rd_to_byte
FN:585,dns_rust::message::header::header_test::set_and_get_qdcount_test
FN:265,<dns_rust::message::header::Header>::get_second_nscount_byte
FN:515,dns_rust::message::header::header_test::set_and_get_qr_test
FN:233,<dns_rust::message::header::Header>::get_second_qdcount_byte
FN:604,dns_rust::message::header::header_test::set_and_get_nscount_test::{closure#0}
FN:365,<dns_rust::message::header::Header>::set_qr
FN:554,dns_rust::message::header::header_test::set_and_get_rd_test::{closure#0}
FN:478,<dns_rust::message::header::Header>::get_arcount
FN:157,<dns_rust::message::header::Header>::qr_to_byte
FN:443,<dns_rust::message::header::Header>::get_tc
FN:564,dns_rust::message::header::header_test::set_and_get_ra_test::{closure#0}
FN:584,dns_rust::message::header::header_test::set_and_get_qdcount_test::{closure#0}
FN:415,<dns_rust::message::header::Header>::set_arcount
FN:273,<dns_rust::message::header::Header>::get_first_arcount_byte
FN:395,<dns_rust::message::header::Header>::set_rcode
FN:257,<dns_rust::message::header::Header>::get_first_nscount_byte
FN:137,<dns_rust::message::header::Header>::get_second_id_byte
FN:1,<dns_rust::message::header::Header as core::default::Default>::default
FN:433,<dns_rust::message::header::Header>::get_op_code
FN:97,<dns_rust::message::header::Header>::from_bytes
FN:337,<dns_rust::message::header::Header>::to_bytes
FN:625,dns_rust::message::header::header_test::header_to_bytes_test
FN:423,<dns_rust::message::header::Header>::get_id
FN:488,dns_rust::message::header::header_test::constructor_test
FN:375,<dns_rust::message::header::Header>::set_aa
FN:360,<dns_rust::message::header::Header>::set_id
FN:605,dns_rust::message::header::header_test::set_and_get_nscount_test
FN:428,<dns_rust::message::header::Header>::get_qr
FN:574,dns_rust::message::header::header_test::set_and_get_rcode_test::{closure#0}
FN:225,<dns_rust::message::header::Header>::get_first_qdcount_byte
FN:648,dns_rust::message::header::header_test::from_bytes_test::{closure#0}
FN:302,<dns_rust::message::header::Header>::get_second_flags_byte
FN:380,<dns_rust::message::header::Header>::set_tc
FN:463,<dns_rust::message::header::Header>::get_qdcount
FN:453,<dns_rust::message::header::Header>::get_ra
FN:438,<dns_rust::message::header::Header>::get_aa
FN:390,<dns_rust::message::header::Header>::set_ra
FN:171,<dns_rust::message::header::Header>::aa_to_byte
FN:257,<dns_rust::message::header::Header>::get_first_nscount_byte
FN:395,<dns_rust::message::header::Header>::set_rcode
FN:423,<dns_rust::message::header::Header>::get_id
FN:289,<dns_rust::message::header::Header>::get_first_flags_byte
FN:448,<dns_rust::message::header::Header>::get_rd
FN:60,<dns_rust::message::header::Header>::new
FN:385,<dns_rust::message::header::Header>::set_rd
FN:524,dns_rust::message::header::header_test::set_and_get_op_code_test::{closure#0}
FN:365,<dns_rust::message::header::Header>::set_qr
FN:473,<dns_rust::message::header::Header>::get_nscount
FN:273,<dns_rust::message::header::Header>::get_first_arcount_byte
FN:405,<dns_rust::message::header::Header>::set_ancount
FN:535,dns_rust::message::header::header_test::set_and_get_aa_test
FN:565,dns_rust::message::header::header_test::set_and_get_ra_test
FN:213,<dns_rust::message::header::Header>::ra_to_byte
FN:289,<dns_rust::message::header::Header>::get_first_flags_byte
FN:649,dns_rust::message::header::header_test::from_bytes_test
FN:534,dns_rust::message::header::header_test::set_and_get_aa_test::{closure#0}
FN:97,<dns_rust::message::header::Header>::from_bytes
FN:1,<dns_rust::message::header::Header as core::default::Default>::default
FN:624,dns_rust::message::header::header_test::header_to_bytes_test::{closure#0}
FN:185,<dns_rust::message::header::Header>::tc_to_byte
FN:60,<dns_rust::message::header::Header>::new
FN:545,dns_rust::message::header::header_test::set_and_get_tc_test
FN:453,<dns_rust::message::header::Header>::get_ra
FN:249,<dns_rust::message::header::Header>::get_second_ancount_byte
FN:514,dns_rust::message::header::header_test::set_and_get_qr_test::{closure#0}
FN:390,<dns_rust::message::header::Header>::set_ra
FN:370,<dns_rust::message::header::Header>::set_op_code
FN:525,dns_rust::message::header::header_test::set_and_get_op_code_test
FN:400,<dns_rust::message::header::Header>::set_qdcount
FN:410,<dns_rust::message::header::Header>::set_nscount
FN:129,<dns_rust::message::header::Header>::get_first_id_byte
FN:615,dns_rust::message::header::header_test::set_and_get_arcount_test
FN:555,dns_rust::message::header::header_test::set_and_get_rd_test
FN:171,<dns_rust::message::header::Header>::aa_to_byte
FN:544,dns_rust::message::header::header_test::set_and_get_tc_test::{closure#0}
FN:1,<dns_rust::message::header::Header as core::clone::Clone>::clone
FN:594,dns_rust::message::header::header_test::set_and_get_ancount_test::{closure#0}
FN:478,<dns_rust::message::header::Header>::get_arcount
FN:504,dns_rust::message::header::header_test::set_and_get_id_test::{closure#0}
FN:463,<dns_rust::message::header::Header>::get_qdcount
FN:375,<dns_rust::message::header::Header>::set_aa
FN:433,<dns_rust::message::header::Header>::get_op_code
FN:360,<dns_rust::message::header::Header>::set_id
FN:575,dns_rust::message::header::header_test::set_and_get_rcode_test
FN:249,<dns_rust::message::header::Header>::get_second_ancount_byte
FN:199,<dns_rust::message::header::Header>::rd_to_byte
FN:487,dns_rust::message::header::header_test::constructor_test::{closure#0}
FN:213,<dns_rust::message::header::Header>::ra_to_byte
FN:468,<dns_rust::message::header::Header>::get_ancount
FN:225,<dns_rust::message::header::Header>::get_first_qdcount_byte
FN:281,<dns_rust::message::header::Header>::get_second_arcount_byte
FN:443,<dns_rust::message::header::Header>::get_tc
FN:448,<dns_rust::message::header::Header>::get_rd
FN:157,<dns_rust::message::header::Header>::qr_to_byte
FN:438,<dns_rust::message::header::Header>::get_aa
FN:185,<dns_rust::message::header::Header>::tc_to_byte
FN:129,<dns_rust::message::header::Header>::get_first_id_byte
FN:405,<dns_rust::message::header::Header>::set_ancount
FN:415,<dns_rust::message::header::Header>::set_arcount
FN:1,<dns_rust::message::header::Header as core::clone::Clone>::clone
FN:410,<dns_rust::message::header::Header>::set_nscount
FN:241,<dns_rust::message::header::Header>::get_first_ancount_byte
FN:137,<dns_rust::message::header::Header>::get_second_id_byte
FN:458,<dns_rust::message::header::Header>::get_rcode
FN:595,dns_rust::message::header::header_test::set_and_get_ancount_test
FN:233,<dns_rust::message::header::Header>::get_second_qdcount_byte
FN:337,<dns_rust::message::header::Header>::to_bytes
FN:473,<dns_rust::message::header::Header>::get_nscount
FN:380,<dns_rust::message::header::Header>::set_tc
FNDA:1,<dns_rust::message::header::Header>::get_rcode
FNDA:1,dns_rust::message::header::header_test::set_and_get_id_test
FNDA:1,<dns_rust::message::header::Header>::get_second_nscount_byte
FNDA:1,<dns_rust::message::header::Header>::get_first_ancount_byte
FNDA:1,<dns_rust::message::header::Header>::get_second_arcount_byte
FNDA:1,dns_rust::message::header::header_test::set_and_get_arcount_test::{closure#0}
FNDA:1,<dns_rust::message::header::Header>::set_rd
FNDA:1,<dns_rust::message::header::Header>::get_qr
FNDA:1,<dns_rust::message::header::Header>::get_second_flags_byte
FNDA:1,<dns_rust::message::header::Header>::set_qdcount
FNDA:1,<dns_rust::message::header::Header>::get_ancount
FNDA:1,<dns_rust::message::header::Header>::set_op_code
FNDA:1,<dns_rust::message::header::Header>::rd_to_byte
FNDA:1,dns_rust::message::header::header_test::set_and_get_qdcount_test
FNDA:1,<dns_rust::message::header::Header>::get_second_nscount_byte
FNDA:1,dns_rust::message::header::header_test::set_and_get_qr_test
FNDA:1,<dns_rust::message::header::Header>::get_second_qdcount_byte
FNDA:1,dns_rust::message::header::header_test::set_and_get_nscount_test::{closure#0}
FNDA:1,<dns_rust::message::header::Header>::set_qr
FNDA:1,dns_rust::message::header::header_test::set_and_get_rd_test::{closure#0}
FNDA:1,<dns_rust::message::header::Header>::get_arcount
FNDA:1,<dns_rust::message::header::Header>::qr_to_byte
FNDA:1,<dns_rust::message::header::Header>::get_tc
FNDA:1,dns_rust::message::header::header_test::set_and_get_ra_test::{closure#0}
FNDA:1,dns_rust::message::header::header_test::set_and_get_qdcount_test::{closure#0}
FNDA:1,<dns_rust::message::header::Header>::set_arcount
FNDA:1,<dns_rust::message::header::Header>::get_first_arcount_byte
FNDA:1,<dns_rust::message::header::Header>::set_rcode
FNDA:1,<dns_rust::message::header::Header>::get_first_nscount_byte
FNDA:1,<dns_rust::message::header::Header>::get_second_id_byte
[...]
FNDA:1,dns_rust::message::rdata::a_rdata::a_rdata_test::to_bytes_test::{closure#0}
FNDA:1,<dns_rust::message::rdata::a_rdata::ARdata as core::clone::Clone>::clone
FNDA:1,dns_rust::message::rdata::a_rdata::a_rdata_test::set_and_get_address_test
FNDA:0,<dns_rust::message::rdata::a_rdata::ARdata as core::cmp::PartialEq>::eq
FNDA:1,<dns_rust::message::rdata::a_rdata::ARdata>::get_string_address
FNDA:1,dns_rust::message::rdata::a_rdata::a_rdata_test::get_string_address_test::{closure#0}
FNDA:1,<dns_rust::message::rdata::a_rdata::ARdata as dns_rust::message::resource_record::ToBytes>::to_bytes
FNDA:1,<dns_rust::message::rdata::a_rdata::ARdata as core::clone::Clone>::clone
FNDA:1,<dns_rust::message::rdata::a_rdata::ARdata>::new
FNDA:1,<dns_rust::message::rdata::a_rdata::ARdata>::set_address
FNDA:1,<dns_rust::message::rdata::a_rdata::ARdata as dns_rust::message::resource_record::FromBytes<core::result::Result<dns_rust::message::rdata::a_rdata::ARdata, &str>>>::from_bytes
FNDA:0,<dns_rust::message::rdata::a_rdata::ARdata as core::fmt::Debug>::fmt
FNF:34
FNH:27
BRF:0
BRH:0
DA:7,314402
DA:20,12
DA:21,12
DA:22,12
DA:23,12
DA:24,12
DA:29,776
DA:30,776
DA:31,776
DA:32,776
DA:33,0
DA:34,776
DA:35,776
DA:36,776
DA:37,776
DA:38,776
DA:39,776
DA:40,776
DA:41,776
DA:42,776
DA:43,776
DA:58,1256
DA:59,1256
DA:60,1256
DA:61,1256
DA:62,1256
DA:63,1256
DA:64,1256
DA:66,220
DA:67,220
DA:68,220
DA:69,220
DA:70,220
DA:71,220
DA:72,220
DA:73,220
DA:74,220
DA:75,220
DA:76,220
DA:78,1100
DA:79,880
DA:80,880
DA:81,880
DA:82,880
DA:84,220
DA:85,220
DA:86,220
DA:87,220
DA:88,220
DA:89,220
DA:90,220
DA:91,220
DA:92,220
DA:93,220
DA:94,220
DA:95,220
DA:96,220
DA:97,220
DA:98,220
DA:99,220
DA:100,220
DA:102,1400
DA:103,1400
DA:104,1400
DA:105,1400
DA:107,5592
DA:108,5592
DA:109,5592
DA:110,5592
DA:112,1404
DA:113,1404
DA:114,1404
DA:115,1404
DA:121,2840
DA:122,2840
DA:123,2840
DA:129,1088
DA:130,1088
DA:131,1088
DA:140,4
DA:141,4
DA:142,4
DA:143,4
DA:144,4
DA:145,4
DA:146,4
DA:147,4
DA:149,4
DA:150,4
DA:151,4
DA:152,4
DA:153,4
DA:154,4
DA:155,4
DA:156,4
DA:158,4
DA:159,4
DA:160,4
DA:161,4
DA:162,4
DA:163,4
DA:164,4
DA:166,4
DA:167,4
DA:168,4
DA:169,4
DA:170,4
DA:171,4
DA:172,4
DA:173,4
DA:174,4
DA:175,4
DA:176,4
DA:177,4
DA:178,4
DA:180,4
DA:181,4
DA:182,4
DA:183,4
DA:184,4
DA:185,4
DA:186,4
DA:187,4
DA:188,4
DA:189,4
DA:191,4
DA:192,4
DA:193,4
DA:194,4
DA:195,4
DA:196,4
DA:197,4
DA:198,4
DA:200,4
DA:201,4
DA:202,4
DA:203,4
DA:204,4
DA:205,4
DA:206,4
DA:207,4
DA:208,4
DA:209,4
DA:210,4
DA:211,4
DA:212,4
DA:213,4
DA:214,4
DA:215,4
DA:216,4
DA:218,4
DA:219,4
DA:220,4
DA:221,0
DA:223,4
LF:155
LH:153
end_of_record
SF:src/message/rdata/a_ch_rdata.rs
FN:141,<dns_rust::message::rdata::a_ch_rdata::AChRdata>::set_domain_name
FN:42,<dns_rust::message::rdata::a_ch_rdata::AChRdata as dns_rust::message::resource_record::FromBytes<core::result::Result<dns_rust::message::rdata::a_ch_rdata::AChRdata, &str>>>::from_bytes
FN:7,<dns_rust::message::rdata::a_ch_rdata::AChRdata as core::cmp::PartialEq>::ne
FN:176,dns_rust::message::rdata::a_ch_rdata::a_ch_rdata_test::to_bytes_test
FN:7,<dns_rust::message::rdata::a_ch_rdata::AChRdata as core::cmp::PartialEq>::eq
FN:18,<dns_rust::message::rdata::a_ch_rdata::AChRdata as dns_rust::message::resource_record::ToBytes>::to_bytes
FN:175,dns_rust::message::rdata::a_ch_rdata::a_ch_rdata_test::to_bytes_test::{closure#0}
FN:157,dns_rust::message::rdata::a_ch_rdata::a_ch_rdata_test::constructor_test::{closure#0}
FN:164,dns_rust::message::rdata::a_ch_rdata::a_ch_rdata_test::set_and_get_ch_address_test::{closure#0}
FN:145,<dns_rust::message::rdata::a_ch_rdata::AChRdata>::set_ch_address
FN:42,<dns_rust::message::rdata::a_ch_rdata::AChRdata as dns_rust::message::resource_record::FromBytes<core::result::Result<dns_rust::message::rdata::a_ch_rdata::AChRdata, &str>>>::from_bytes
FN:7,<dns_rust::message::rdata::a_ch_rdata::AChRdata as core::cmp::PartialEq>::ne
FN:7,<dns_rust::message::rdata::a_ch_rdata::AChRdata as core::clone::Clone>::clone
FN:7,<dns_rust::message::rdata::a_ch_rdata::AChRdata as core::cmp::PartialEq>::eq
FN:201,dns_rust::message::rdata::a_ch_rdata::a_ch_rdata_test::set_and_get_domain_name_test
FN:165,dns_rust::message::rdata::a_ch_rdata::a_ch_rdata_test::set_and_get_ch_address_test
FN:7,<dns_rust::message::rdata::a_ch_rdata::AChRdata as core::fmt::Debug>::fmt
FN:7,<dns_rust::message::rdata::a_ch_rdata::AChRdata as core::fmt::Debug>::fmt
FN:134,<dns_rust::message::rdata::a_ch_rdata::AChRdata>::get_ch_address
FN:158,dns_rust::message::rdata::a_ch_rdata::a_ch_rdata_test::constructor_test
FN:130,<dns_rust::message::rdata::a_ch_rdata::AChRdata>::get_domain_name
FN:18,<dns_rust::message::rdata::a_ch_rdata::AChRdata as dns_rust::message::resource_record::ToBytes>::to_bytes
FN:134,<dns_rust::message::rdata::a_ch_rdata::AChRdata>::get_ch_address
FN:190,dns_rust::message::rdata::a_ch_rdata::a_ch_rdata_test::from_bytes_test
FN:130,<dns_rust::message::rdata::a_ch_rdata::AChRdata>::get_domain_name
FN:93,<dns_rust::message::rdata::a_ch_rdata::AChRdata>::rr_from_master_file
FN:189,dns_rust::message::rdata::a_ch_rdata::a_ch_rdata_test::from_bytes_test::{closure#0}
FN:93,<dns_rust::message::rdata::a_ch_rdata::AChRdata>::rr_from_master_file
FN:84,<dns_rust::message::rdata::a_ch_rdata::AChRdata>::new
FN:145,<dns_rust::message::rdata::a_ch_rdata::AChRdata>::set_ch_address
FN:200,dns_rust::message::rdata::a_ch_rdata::a_ch_rdata_test::set_and_get_domain_name_test::{closure#0}
FN:84,<dns_rust::message::rdata::a_ch_rdata::AChRdata>::new
FN:141,<dns_rust::message::rdata::a_ch_rdata::AChRdata>::set_domain_name
FN:7,<dns_rust::message::rdata::a_ch_rdata::AChRdata as core::clone::Clone>::clone
FNDA:0,<dns_rust::message::rdata::a_ch_rdata::AChRdata>::set_domain_name
FNDA:0,<dns_rust::message::rdata::a_ch_rdata::AChRdata as dns_rust::message::resource_record::FromBytes<core::result::Result<dns_rust::message::rdata::a_ch_rdata::AChRdata, &str>>>::from_bytes
FNDA:0,<dns_rust::message::rdata::a_ch_rdata::AChRdata as core::cmp::PartialEq>::ne
FNDA:1,dns_rust::message::rdata::a_ch_rdata::a_ch_rdata_test::to_bytes_test
FNDA:0,<dns_rust::message::rdata::a_ch_rdata::AChRdata as core::cmp::PartialEq>::eq
FNDA:0,<dns_rust::message::rdata::a_ch_rdata::AChRdata as dns_rust::message::resource_record::ToBytes>::to_bytes
FNDA:1,dns_rust::message::rdata::a_ch_rdata::a_ch_rdata_test::to_bytes_test::{closure#0}
FNDA:1,dns_rust::message::rdata::a_ch_rdata::a_ch_rdata_test::constructor_test::{closure#0}
FNDA:1,dns_rust::message::rdata::a_ch_rdata::a_ch_rdata_test::set_and_get_ch_address_test::{closure#0}
FNDA:0,<dns_rust::message::rdata::a_ch_rdata::AChRdata>::set_ch_address
FNDA:0,<dns_rust::message::rdata::a_ch_rdata::AChRdata as dns_rust::message::resource_record::FromBytes<core::result::Result<dns_rust::message::rdata::a_ch_rdata::AChRdata, &str>>>::from_bytes
FNDA:0,<dns_rust::message::rdata::a_ch_rdata::AChRdata as core::cmp::PartialEq>::ne
FNDA:1,<dns_rust::message::rdata::a_ch_rdata::AChRdata as core::clone::Clone>::clone
FNDA:0,<dns_rust::message::rdata::a_ch_rdata::AChRdata as core::cmp::PartialEq>::eq
FNDA:1,dns_rust::message::rdata::a_ch_rdata::a_ch_rdata_test::set_and_get_domain_name_test
FNDA:1,dns_rust::message::rdata::a_ch_rdata::a_ch_rdata_test::set_and_get_ch_address_test
FNDA:0,<dns_rust::message::rdata::a_ch_rdata::AChRdata as core::fmt::Debug>::fmt
FNDA:0,<dns_rust::message::rdata::a_ch_rdata::AChRdata as core::fmt::Debug>::fmt
FNDA:1,<dns_rust::message::rdata::a_ch_rdata::AChRdata>::get_ch_address
FNDA:1,dns_rust::message::rdata::a_ch_rdata::a_ch_rdata_test::constructor_test
FNDA:0,<dns_rust::message::rdata::a_ch_rdata::AChRdata>::get_domain_name
FNDA:0,<dns_rust::message::rdata::a_ch_rdata::AChRdata as dns_rust::message::resource_record::ToBytes>::to_bytes
FNDA:0,<dns_rust::message::rdata::a_ch_rdata::AChRdata>::get_ch_address
FNDA:1,dns_rust::message::rdata::a_ch_rdata::a_ch_rdata_test::from_bytes_test
FNDA:1,<dns_rust::message::rdata::a_ch_rdata::AChRdata>::get_domain_name
FNDA:0,<dns_rust::message::rdata::a_ch_rdata::AChRdata>::rr_from_master_file
FNDA:1,dns_rust::message::rdata::a_ch_rdata::a_ch_rdata_test::from_bytes_test::{closure#0}
FNDA:0,<dns_rust::message::rdata::a_ch_rdata::AChRdata>::rr_from_master_file
FNDA:0,<dns_rust::message::rdata::a_ch_rdata::AChRdata>::new
FNDA:1,<dns_rust::message::rdata::a_ch_rdata::AChRdata>::set_ch_address
FNDA:1,dns_rust::message::rdata::a_ch_rdata::a_ch_rdata_test::set_and_get_domain_name_test::{closure#0}
FNDA:1,<dns_rust::message::rdata::a_ch_rdata::AChRdata>::new
FNDA:1,<dns_rust::message::rdata::a_ch_rdata::AChRdata>::set_domain_name
FNDA:0,<dns_rust::message::rdata::a_ch_rdata::AChRdata as core::clone::Clone>::clone
FNF:34
FNH:16
BRF:0
BRH:0
DA:7,8
DA:18,0
DA:19,0
DA:20,0
DA:21,0
DA:22,0
DA:24,0
DA:25,0
DA:26,0
DA:30,0
DA:31,0
DA:32,0
DA:33,0
DA:34,0
DA:35,0
DA:36,0
DA:37,0
DA:42,0
DA:43,0
DA:44,0
DA:45,0
DA:46,0
DA:47,0
DA:48,0
DA:49,0
DA:50,0
DA:51,0
DA:52,0
DA:53,0
DA:54,0
DA:55,0
DA:59,0
DA:60,0
DA:61,0
DA:62,0
DA:63,0
DA:64,0
DA:65,0
DA:66,0
DA:67,0
DA:68,0
DA:69,0
DA:70,0
DA:71,0
DA:72,0
DA:73,0
DA:74,0
DA:75,0
DA:76,0
DA:77,0
DA:78,0
DA:79,0
DA:80,0
DA:84,16
DA:85,16
DA:86,16
DA:87,16
DA:88,16
DA:89,16
DA:90,16
DA:91,16
DA:93,0
DA:94,0
DA:95,0
DA:96,0
DA:97,0
DA:98,0
DA:99,0
DA:100,0
DA:101,0
DA:102,0
DA:103,0
DA:104,0
DA:105,0
DA:106,0
DA:107,0
DA:108,0
DA:109,0
DA:110,0
DA:111,0
DA:112,0
DA:113,0
DA:114,0
DA:115,0
DA:116,0
DA:117,0
DA:118,0
DA:119,0
DA:120,0
DA:121,0
DA:122,0
DA:123,0
DA:124,0
DA:125,0
DA:130,12
DA:131,12
DA:132,12
DA:134,12
DA:135,12
DA:136,12
DA:141,8
DA:142,8
DA:143,8
DA:145,8
DA:146,8
DA:147,8
DA:157,4
DA:158,4
DA:159,4
DA:160,4
DA:161,4
DA:162,4
DA:164,4
DA:165,4
DA:166,4
DA:167,4
DA:168,4
DA:170,4
DA:171,4
DA:172,4
DA:173,4
DA:175,4
DA:176,4
DA:177,4
DA:178,4
DA:179,4
DA:180,4
DA:181,4
DA:182,4
DA:183,4
DA:184,4
DA:185,4
DA:186,4
DA:187,4
DA:189,4
DA:190,4
DA:191,4
DA:192,4
DA:193,4
DA:194,4
DA:195,4
DA:196,4
DA:197,4
DA:198,4
DA:200,4
DA:201,4
DA:202,4
DA:203,4
DA:204,4
DA:205,4
DA:206,4
DA:207,4
DA:208,4
DA:210,4
DA:211,4
DA:212,4
DA:213,4
DA:214,4
DA:215,4
DA:216,4
DA:217,4
LF:161
LH:76
end_of_record
SF:src/message/rdata/cname_rdata.rs
FN:77,<dns_rust::message::rdata::cname_rdata::CnameRdata>::rr_from_master_file
FN:34,<dns_rust::message::rdata::cname_rdata::CnameRdata as dns_rust::message::resource_record::FromBytes<core::result::Result<dns_rust::message::rdata::cname_rdata::CnameRdata, &str>>>::from_bytes
FN:119,<dns_rust::message::rdata::cname_rdata::CnameRdata>::set_cname
FN:20,<dns_rust::message::rdata::cname_rdata::CnameRdata as dns_rust::message::resource_record::ToBytes>::to_bytes
FN:131,dns_rust::message::rdata::cname_rdata::cname_rdata_test::constructor_test
FN:111,<dns_rust::message::rdata::cname_rdata::CnameRdata>::get_cname
FN:20,<dns_rust::message::rdata::cname_rdata::CnameRdata as dns_rust::message::resource_record::ToBytes>::to_bytes
FN:34,<dns_rust::message::rdata::cname_rdata::CnameRdata as dns_rust::message::resource_record::FromBytes<core::result::Result<dns_rust::message::rdata::cname_rdata::CnameRdata, &str>>>::from_bytes
FN:130,dns_rust::message::rdata::cname_rdata::cname_rdata_test::constructor_test::{closure#0}
FN:166,dns_rust::message::rdata::cname_rdata::cname_rdata_test::from_bytes_test::{closure#0}
FN:6,<dns_rust::message::rdata::cname_rdata::CnameRdata as core::fmt::Debug>::fmt
FN:176,dns_rust::message::rdata::cname_rdata::cname_rdata_test::rr_from_master_file_test
FN:6,<dns_rust::message::rdata::cname_rdata::CnameRdata as core::cmp::PartialEq>::eq
FN:167,dns_rust::message::rdata::cname_rdata::cname_rdata_test::from_bytes_test
FN:70,<dns_rust::message::rdata::cname_rdata::CnameRdata>::new
FN:6,<dns_rust::message::rdata::cname_rdata::CnameRdata as core::cmp::PartialEq>::eq
FN:70,<dns_rust::message::rdata::cname_rdata::CnameRdata>::new
FN:6,<dns_rust::message::rdata::cname_rdata::CnameRdata as core::clone::Clone>::clone
FN:6,<dns_rust::message::rdata::cname_rdata::CnameRdata as core::fmt::Debug>::fmt
FN:137,dns_rust::message::rdata::cname_rdata::cname_rdata_test::set_and_get_cname_test::{closure#0}
FN:119,<dns_rust::message::rdata::cname_rdata::CnameRdata>::set_cname
FN:150,dns_rust::message::rdata::cname_rdata::cname_rdata_test::to_bytes_test::{closure#0}
FN:111,<dns_rust::message::rdata::cname_rdata::CnameRdata>::get_cname
FN:6,<dns_rust::message::rdata::cname_rdata::CnameRdata as core::cmp::PartialEq>::ne
FN:77,<dns_rust::message::rdata::cname_rdata::CnameRdata>::rr_from_master_file
FN:138,dns_rust::message::rdata::cname_rdata::cname_rdata_test::set_and_get_cname_test
FN:6,<dns_rust::message::rdata::cname_rdata::CnameRdata as core::clone::Clone>::clone
FN:151,dns_rust::message::rdata::cname_rdata::cname_rdata_test::to_bytes_test
FN:6,<dns_rust::message::rdata::cname_rdata::CnameRdata as core::cmp::PartialEq>::ne
FN:175,dns_rust::message::rdata::cname_rdata::cname_rdata_test::rr_from_master_file_test::{closure#0}
FNDA:1,<dns_rust::message::rdata::cname_rdata::CnameRdata>::rr_from_master_file
FNDA:1,<dns_rust::message::rdata::cname_rdata::CnameRdata as dns_rust::message::resource_record::FromBytes<core::result::Result<dns_rust::message::rdata::cname_rdata::CnameRdata, &str>>>::from_bytes
FNDA:0,<dns_rust::message::rdata::cname_rdata::CnameRdata>::set_cname
FNDA:0,<dns_rust::message::rdata::cname_rdata::CnameRdata as dns_rust::message::resource_record::ToBytes>::to_bytes
FNDA:1,dns_rust::message::rdata::cname_rdata::cname_rdata_test::constructor_test
FNDA:0,<dns_rust::message::rdata::cname_rdata::CnameRdata>::get_cname
FNDA:1,<dns_rust::message::rdata::cname_rdata::CnameRdata as dns_rust::message::resource_record::ToBytes>::to_bytes
FNDA:0,<dns_rust::message::rdata::cname_rdata::CnameRdata as dns_rust::message::resource_record::FromBytes<core::result::Result<dns_rust::message::rdata::cname_rdata::CnameRdata, &str>>>::from_bytes
FNDA:1,dns_rust::message::rdata::cname_rdata::cname_rdata_test::constructor_test::{closure#0}
FNDA:1,dns_rust::message::rdata::cname_rdata::cname_rdata_test::from_bytes_test::{closure#0}
FNDA:0,<dns_rust::message::rdata::cname_rdata::CnameRdata as core::fmt::Debug>::fmt
FNDA:1,dns_rust::message::rdata::cname_rdata::cname_rdata_test::rr_from_master_file_test
FNDA:0,<dns_rust::message::rdata::cname_rdata::CnameRdata as core::cmp::PartialEq>::eq
FNDA:1,dns_rust::message::rdata::cname_rdata::cname_rdata_test::from_bytes_test
FNDA:1,<dns_rust::message::rdata::cname_rdata::CnameRdata>::new
FNDA:0,<dns_rust::message::rdata::cname_rdata::CnameRdata as core::cmp::PartialEq>::eq
FNDA:0,<dns_rust::message::rdata::cname_rdata::CnameRdata>::new
FNDA:0,<dns_rust::message::rdata::cname_rdata::CnameRdata as core::clone::Clone>::clone
FNDA:0,<dns_rust::message::rdata::cname_rdata::CnameRdata as core::fmt::Debug>::fmt
FNDA:1,dns_rust::message::rdata::cname_rdata::cname_rdata_test::set_and_get_cname_test::{closure#0}
FNDA:1,<dns_rust::message::rdata::cname_rdata::CnameRdata>::set_cname
FNDA:1,dns_rust::message::rdata::cname_rdata::cname_rdata_test::to_bytes_test::{closure#0}
FNDA:1,<dns_rust::message::rdata::cname_rdata::CnameRdata>::get_cname
FNDA:0,<dns_rust::message::rdata::cname_rdata::CnameRdata as core::cmp::PartialEq>::ne
FNDA:0,<dns_rust::message::rdata::cname_rdata::CnameRdata>::rr_from_master_file
FNDA:1,dns_rust::message::rdata::cname_rdata::cname_rdata_test::set_and_get_cname_test
FNDA:1,<dns_rust::message::rdata::cname_rdata::CnameRdata as core::clone::Clone>::clone
FNDA:1,dns_rust::message::rdata::cname_rdata::cname_rdata_test::to_bytes_test
FNDA:0,<dns_rust::message::rdata::cname_rdata::CnameRdata as core::cmp::PartialEq>::ne
FNDA:1,dns_rust::message::rdata::cname_rdata::cname_rdata_test::rr_from_master_file_test::{closure#0}
FNF:30
FNH:17
BRF:0
BRH:0
DA:6,2234
DA:20,4
DA:21,4
DA:22,4
DA:24,28
DA:25,28
DA:26,28
DA:28,4
DA:29,4
DA:34,4
DA:35,4
DA:36,4
DA:37,4
DA:38,0
DA:39,4
DA:40,4
DA:41,4
DA:42,4
DA:43,4
DA:44,4
DA:45,0
DA:46,0
DA:50,4
DA:51,4
DA:52,4
DA:53,4
DA:54,4
DA:55,4
DA:56,4
DA:57,4
DA:70,72
DA:71,72
DA:72,72
DA:73,72
DA:74,72
DA:75,72
DA:77,52
DA:78,52
DA:79,52
DA:80,52
DA:81,52
DA:82,52
DA:83,52
DA:84,52
DA:85,52
DA:86,52
DA:87,52
DA:88,52
DA:89,52
DA:90,52
DA:91,52
DA:92,52
DA:93,52
DA:94,52
DA:95,52
DA:96,52
DA:97,52
DA:98,52
DA:99,52
DA:100,52
DA:101,52
DA:102,52
DA:103,52
DA:104,52
DA:105,52
DA:111,68
DA:112,68
DA:113,68
DA:119,68
DA:120,68
DA:121,68
DA:130,4
DA:131,4
DA:132,4
DA:133,4
DA:134,4
DA:135,4
DA:137,4
DA:138,4
DA:139,4
DA:140,4
DA:141,4
DA:143,4
DA:144,4
DA:145,4
DA:146,4
DA:147,4
DA:148,4
DA:150,4
DA:151,4
DA:152,4
DA:153,4
DA:154,4
DA:155,4
DA:156,4
DA:157,4
DA:158,4
DA:159,4
DA:161,28
DA:162,28
DA:164,4
DA:166,4
DA:167,4
DA:168,4
DA:169,4
DA:170,4
DA:171,4
DA:172,4
DA:173,4
DA:175,4
DA:176,4
DA:177,4
DA:178,4
DA:179,4
DA:180,4
DA:181,4
DA:182,4
DA:183,4
DA:184,4
DA:185,4
DA:186,4
DA:187,4
DA:188,4
DA:189,4
DA:190,4
DA:191,4
DA:192,4
DA:202,4
LF:128
LH:125
end_of_record
SF:src/message/rdata.rs
FN:22,<dns_rust::message::rdata::Rdata as core::fmt::Debug>::fmt
FN:22,<dns_rust::message::rdata::Rdata as core::clone::Clone>::clone
FN:22,<dns_rust::message::rdata::Rdata as core::fmt::Debug>::fmt
FN:22,<dns_rust::message::rdata::Rdata as core::clone::Clone>::clone
FN:22,<dns_rust::message::rdata::Rdata as core::cmp::PartialEq>::ne
FN:22,<dns_rust::message::rdata::Rdata as core::cmp::PartialEq>::eq
FN:39,<dns_rust::message::rdata::Rdata as dns_rust::message::resource_record::ToBytes>::to_bytes
FN:56,<dns_rust::message::rdata::Rdata as dns_rust::message::resource_record::FromBytes<core::result::Result<dns_rust::message::rdata::Rdata, &str>>>::from_bytes
FN:56,<dns_rust::message::rdata::Rdata as dns_rust::message::resource_record::FromBytes<core::result::Result<dns_rust::message::rdata::Rdata, &str>>>::from_bytes
FN:22,<dns_rust::message::rdata::Rdata as core::cmp::PartialEq>::ne
FN:39,<dns_rust::message::rdata::Rdata as dns_rust::message::resource_record::ToBytes>::to_bytes
FN:22,<dns_rust::message::rdata::Rdata as core::cmp::PartialEq>::eq
FNDA:0,<dns_rust::message::rdata::Rdata as core::fmt::Debug>::fmt
FNDA:1,<dns_rust::message::rdata::Rdata as core::clone::Clone>::clone
FNDA:0,<dns_rust::message::rdata::Rdata as core::fmt::Debug>::fmt
FNDA:1,<dns_rust::message::rdata::Rdata as core::clone::Clone>::clone
FNDA:0,<dns_rust::message::rdata::Rdata as core::cmp::PartialEq>::ne
FNDA:0,<dns_rust::message::rdata::Rdata as core::cmp::PartialEq>::eq
FNDA:1,<dns_rust::message::rdata::Rdata as dns_rust::message::resource_record::ToBytes>::to_bytes
FNDA:1,<dns_rust::message::rdata::Rdata as dns_rust::message::resource_record::FromBytes<core::result::Result<dns_rust::message::rdata::Rdata, &str>>>::from_bytes
FNDA:1,<dns_rust::message::rdata::Rdata as dns_rust::message::resource_record::FromBytes<core::result::Result<dns_rust::message::rdata::Rdata, &str>>>::from_bytes
FNDA:0,<dns_rust::message::rdata::Rdata as core::cmp::PartialEq>::ne
FNDA:1,<dns_rust::message::rdata::Rdata as dns_rust::message::resource_record::ToBytes>::to_bytes
FNDA:0,<dns_rust::message::rdata::Rdata as core::cmp::PartialEq>::eq
FNF:12
FNH:6
BRF:0
BRH:0
DA:22,1069658
DA:39,52
DA:40,52
DA:41,4
DA:42,0
DA:43,0
DA:44,8
DA:45,0
DA:46,32
DA:47,8
DA:48,0
DA:49,0
DA:51,52
DA:56,2460
DA:57,2460
DA:58,2460
DA:60,2472
DA:62,764
DA:63,0
DA:64,0
DA:65,0
DA:66,0
DA:67,0
DA:68,0
DA:72,0
DA:74,764
DA:75,764
DA:76,764
DA:77,772
DA:78,0
DA:79,0
DA:83,772
DA:87,940
DA:88,940
DA:89,940
DA:90,944
DA:91,0
DA:92,0
DA:96,944
DA:99,0
DA:100,0
DA:101,0
DA:102,0
DA:103,0
DA:104,0
DA:108,0
DA:111,0
DA:112,0
DA:113,0
DA:114,0
DA:115,0
DA:116,0
DA:120,0
DA:123,0
DA:124,0
DA:125,0
DA:126,0
DA:127,0
DA:128,0
DA:132,0
DA:135,0
DA:136,0
DA:137,0
DA:138,0
DA:139,0
DA:140,0
DA:144,0
DA:147,0
DA:148,0
DA:149,0
DA:150,0
DA:151,0
DA:152,0
DA:156,0
DA:159,8
DA:160,8
DA:161,8
DA:162,8
DA:163,0
DA:164,0
DA:168,8
DA:172,748
DA:173,748
DA:174,748
DA:177,0
DA:180,2472
DA:181,2472
LF:87
LH:33
end_of_record
